info: 72006,Success,25
info: 72006,Success,26
info: 72007,Success,4
info: 72007,Success,4
info: 72007,Success,5
info: 72008,Success,4
info: 72008,Success,4
info: 72008,Success,4
info: 72009,Success,5
info: 72009,Success,6
info: 72009,Success,6
info: 72009,Success,6
info: 72010,Success,3
info: 72010,Success,4
info: 72010,Success,5
info: 72010,Success,5
info: 72011,Success,5
info: 72011,Success,5
info: 72011,Success,6
info: 72011,Success,6
info: 72012,Success,3
info: 72012,Success,4
info: 72012,Success,4
info: 72012,Success,4
info: 72013,Success,4
info: 72013,Success,4
info: 72013,Success,4
info: 72013,Success,5
info: 72014,Success,3
info: 72014,Success,3
info: 72014,Success,4
info: 72014,Success,4
info: 72015,Success,3
info: 72015,Success,4
info: 72015,Success,4
info: 72016,Success,2
info: 72016,Success,2
info: 72017,Success,3
info: 72018,Success,3
info: 72019,Success,2
info: 72026,Success,2
info: 72027,Success,3
info: 72028,Success,2
info: 72029,Success,2
info: 72030,Success,2
info: 72031,Success,2
info: 72032,Success,3
info: 72033,Success,3
info: 72034,Success,2
info: 72036,Success,2
info: 72037,Success,2
info: 72038,Success,3
info: 72039,Success,2
info: 72040,Success,2
info: 72041,Success,2
info: 72042,Success,3
info: 72043,Success,2
info: 72044,Success,2
info: 72084,Success,2
info: 72085,Success,2
info: 72086,Success,2
info: 72087,Success,2
info: 72087,Success,3
info: 72088,Success,2
info: 72088,Success,2
info: 72089,Success,6
info: 72089,Success,6
info: 72090,Success,3
info: 72090,Success,3
info: 72091,Success,2
info: 72091,Success,2
info: 72092,Success,2
info: 72092,Success,3
info: 72093,Success,2
info: 72094,Success,1
info: 72095,Success,2
info: 72096,Success,2
info: 72110,Success,2
info: 72111,Success,3
info: 72111,Success,3
info: 72112,Success,2
info: 72112,Success,2
info: 72113,Success,2
info: 72113,Success,3
info: 72114,Success,2
info: 72114,Success,3
info: 72115,Success,4
info: 72115,Success,4
info: 72116,Success,3
info: 72116,Success,3
info: 72117,Success,4
info: 72117,Success,4
info: 72118,Success,2
info: 72118,Success,3
info: 72119,Success,3
info: 72119,Success,3
info: 72120,Success,2
info: 72121,Success,2
info: 72122,Success,2
info: 72123,Success,3
info: 72124,Success,2
info: 72124,Success,2
info: 72125,Success,2
info: 72125,Success,2
info: 72126,Success,3
info: 72126,Success,3
info: 72127,Success,2
info: 72127,Success,2
info: 72128,Success,2
info: 72128,Success,3
info: 72129,Success,3
info: 72129,Success,4
info: 72130,Success,3
info: 72130,Success,3
info: 72130,Success,3
info: 72131,Success,3
info: 72131,Success,3
info: 72132,Success,3
info: 72132,Success,3
info: 72133,Success,3
info: 72133,Success,4
info: 72134,Success,4
info: 72135,Success,2
info: 72135,Success,3
info: 72136,Success,2
info: 72136,Success,2
info: 72137,Success,3
info: 72137,Success,3
info: 72138,Success,3
info: 72138,Success,3
info: 72139,Success,2
info: 72139,Success,3
info: 72140,Success,2
info: 72140,Success,2
info: 72141,Success,2
info: 72142,Success,3
info: 72143,Success,2
info: 72144,Success,2
info: 72156,Success,3
info: 72157,Success,2
info: 72158,Success,2
info: 72159,Success,4
info: 72159,Success,4
info: 72160,Success,2
info: 72160,Success,3
info: 72161,Success,2
info: 72161,Success,2
info: 72162,Success,2
info: 72162,Success,3
info: 72163,Success,2
info: 72163,Success,2
info: 72164,Success,2
info: 72164,Success,2
info: 72165,Success,3
info: 72165,Success,3
info: 72166,Success,3
info: 72167,Success,2
info: 72168,Success,2
info: 72183,Success,2
info: 72184,Success,1
info: 72185,Success,2
info: 72186,Success,2
info: 72187,Success,2
info: 72188,Success,2
info: 72189,Success,3
info: 72189,Success,4
info: 72190,Success,2
info: 72190,Success,2
info: 72191,Success,2
info: 72191,Success,3
info: 72192,Success,3
info: 72192,Success,4
info: 72193,Success,2
info: 72194,Success,2
info: 72195,Success,2
info: 72196,Success,1
info: 72197,Success,2
info: 72198,Success,2
info: 72199,Success,2
info: 72216,Success,2
info: 72217,Success,2
info: 72218,Success,2
info: 72219,Success,2
info: 72220,Success,2
info: 72221,Success,4
info: 72221,Success,5
info: 72222,Success,3
info: 72222,Success,3
info: 72223,Success,3
info: 72223,Success,5
info: 72224,Success,3
info: 72224,Success,3
info: 72225,Success,2
info: 72226,Success,2
info: 72227,Success,1
info: 72228,Success,1
info: 72229,Success,1
info: 72230,Success,2
info: 72231,Success,3
info: 72265,Success,2
info: 72266,Success,3
info: 72267,Success,2
info: 72268,Success,2
info: 72269,Success,2
info: 72270,Success,2
info: 72271,Success,3
info: 72272,Success,2
info: 72273,Success,2
info: 72274,Success,2
info: 72286,Success,2
info: 72287,Success,2
info: 72288,Success,2
info: 72289,Success,2
info: 72290,Success,2
info: 72291,Success,2
info: 72292,Success,1
info: 72293,Success,2
info: 72294,Success,2
info: 72295,Success,1
info: 72333,Success,2
info: 72334,Success,4
info: 72334,Success,4
info: 72335,Success,3
info: 72335,Success,3
info: 72336,Success,2
info: 72336,Success,3
info: 72337,Success,2
info: 72337,Success,2
info: 72338,Success,2
info: 72338,Success,2
info: 72339,Success,2
info: 72339,Success,3
info: 72340,Success,2
info: 72340,Success,2
info: 72341,Success,4
info: 72341,Success,4
info: 72342,Success,2
info: 72342,Success,2
info: 72343,Success,2
info: 72361,Success,2
info: 72362,Success,1
info: 72362,Success,2
info: 72363,Success,3
info: 72363,Success,3
info: 72364,Success,3
info: 72364,Success,3
info: 72364,Success,3
info: 72365,Success,3
info: 72365,Success,5
info: 72365,Success,5
info: 72366,Success,2
info: 72366,Success,3
info: 72366,Success,3
info: 72366,Success,3
info: 72367,Success,2
info: 72367,Success,3
info: 72367,Success,3
info: 72367,Success,3
info: 72368,Success,3
info: 72368,Success,4
info: 72368,Success,4
info: 72368,Success,4
info: 72369,Success,3
info: 72369,Success,3
info: 72369,Success,3
info: 72369,Success,3
info: 72370,Success,6
info: 72370,Success,6
info: 72370,Success,6
info: 72370,Success,7
info: 72371,Success,3
info: 72371,Success,3
info: 72372,Success,2
info: 72372,Success,2
info: 72373,Success,2
info: 72373,Success,2
info: 72374,Success,3
info: 72374,Success,3
info: 72375,Success,2
info: 72376,Success,2
info: 72377,Success,2
info: 72378,Success,2
info: 72379,Success,2
info: 72380,Success,1
info: 72381,Success,1
info: 72382,Success,1
info: 72383,Success,2
info: 72384,Success,2
info: 72385,Success,2
info: 72386,Success,2
info: 72388,Success,1
info: 72389,Success,2
info: 72390,Success,2
info: 72391,Success,2
info: 72391,Success,3
info: 72392,Success,2
info: 72392,Success,3
info: 72393,Success,2
info: 72393,Success,3
info: 72394,Success,2
info: 72394,Success,2
info: 72395,Success,2
info: 72395,Success,3
info: 72396,Success,2
info: 72396,Success,2
info: 72397,Success,2
info: 72397,Success,2
info: 72398,Success,2
info: 72398,Success,2
info: 72399,Success,2
info: 72399,Success,2
info: 72400,Success,2
info: 72401,Success,2
info: 72402,Success,5
info: 72435,Success,2
info: 72436,Success,2
info: 72437,Success,2
info: 72438,Success,2
info: 72439,Success,2
info: 72440,Success,2
info: 72441,Success,2
info: 72442,Success,2
info: 72443,Success,1
info: 72444,Success,2
info: 72484,Success,2
info: 72485,Success,2
info: 72486,Success,2
info: 72487,Success,1
info: 72488,Success,2
info: 72488,Success,4
info: 72489,Success,2
info: 72489,Success,2
info: 72490,Success,2
info: 72490,Success,2
info: 72491,Success,3
info: 72491,Success,3
info: 72492,Success,2
info: 72492,Success,3
info: 72493,Success,2
info: 72494,Success,3
info: 72494,Success,3
info: 72495,Success,4
info: 72495,Success,4
info: 72496,Success,3
info: 72496,Success,3
info: 72497,Success,3
info: 72497,Success,3
info: 72498,Success,2
info: 72498,Success,3
info: 72499,Success,2
info: 72500,Success,1
info: 72501,Success,2
info: 72501,Success,3
info: 72502,Success,2
info: 72502,Success,3
info: 72503,Success,2
info: 72504,Success,2
info: 72505,Success,1
info: 72506,Success,2
info: 72507,Success,2
info: 72508,Success,2
info: 72509,Success,2
info: 72510,Success,2
info: 72511,Success,2
info: 72538,Success,2
info: 72539,Success,2
info: 72540,Success,3
info: 72541,Success,1
info: 72542,Success,2
info: 72543,Success,2
info: 72544,Success,1
info: 72545,Success,2
info: 72546,Success,2
info: 72547,Success,2
info: 72548,Success,2
info: 72661,Success,2
info: 72662,Success,1
info: 72663,Success,2
info: 72664,Success,2
info: 72664,Success,2
info: 72665,Success,2
info: 72665,Success,3
info: 72666,Success,4
info: 72666,Success,4
info: 72667,Success,4
info: 72667,Success,4
info: 72667,Success,4
info: 72668,Success,3
info: 72668,Success,3
info: 72668,Success,3
info: 72668,Success,3
info: 72669,Success,3
info: 72669,Success,3
info: 72669,Success,3
info: 72670,Success,3
info: 72670,Success,3
info: 72670,Success,3
info: 72670,Success,4
info: 72671,Success,3
info: 72671,Success,3
info: 72671,Success,3
info: 72671,Success,3
info: 72672,Success,3
info: 72672,Success,3
info: 72672,Success,4
info: 72672,Success,4
info: 72673,Success,4
info: 72673,Success,4
info: 72673,Success,4
info: 72674,Success,2
info: 72674,Success,2
info: 72674,Success,3
info: 72675,Success,2
info: 72675,Success,3
info: 72675,Success,3
info: 72676,Success,3
info: 72676,Success,3
info: 72676,Success,3
info: 72677,Success,3
info: 72677,Success,3
info: 72678,Success,2
info: 72679,Success,1
info: 72681,Success,2
info: 72682,Success,5
info: 72683,Success,2
info: 72684,Success,2
info: 72685,Success,2
info: 72686,Success,2
info: 72687,Success,2
info: 72688,Success,2
info: 72688,Success,2
info: 72689,Success,3
info: 72689,Success,3
info: 72690,Success,2
info: 72690,Success,2
info: 72691,Success,2
info: 72692,Success,2
info: 72693,Success,2
info: 72694,Success,3
info: 72695,Success,3
info: 72696,Success,2
info: 72697,Success,2
info: 72698,Success,2
info: 72699,Success,2
info: 72700,Success,2
info: 72701,Success,2
info: 72707,Success,3
info: 72708,Success,2
info: 72709,Success,2
info: 72710,Success,2
info: 72711,Success,2
info: 72712,Success,1
info: 72713,Success,2
info: 72714,Success,2
info: 72715,Success,2
info: 72763,Success,2
info: 72764,Success,2
info: 72765,Success,2
info: 72766,Success,1
info: 72767,Success,2
info: 72768,Success,2
info: 72769,Success,2
info: 72770,Success,2
info: 72771,Success,2
info: 72772,Success,2
info: 72830,Success,2
info: 72831,Success,2
info: 72832,Success,2
info: 72833,Success,1
info: 72834,Success,2
info: 72835,Success,2
info: 72836,Success,2
info: 72837,Success,2
info: 72838,Success,2
info: 72849,Success,2
info: 72850,Success,2
info: 72851,Success,2
info: 72852,Success,2
info: 72853,Success,2
info: 72854,Success,2
info: 72855,Success,2
info: 72856,Success,1
info: 72857,Success,2
info: 72858,Success,2
info: 72859,Success,2
info: 72885,Success,2
info: 72886,Success,2
info: 72887,Success,2
info: 72888,Success,2
info: 72889,Success,2
info: 72890,Success,2
info: 72891,Success,2
info: 72892,Success,4
info: 72893,Success,2
info: 72932,Success,2
info: 72933,Success,2
info: 72933,Success,2
info: 72934,Success,2
info: 72934,Success,3
info: 72935,Success,2
info: 72935,Success,3
info: 72936,Success,3
info: 72936,Success,3
info: 72937,Success,2
info: 72937,Success,2
info: 72938,Success,2
info: 72938,Success,2
info: 72939,Success,3
info: 72939,Success,3
info: 72940,Success,2
info: 72941,Success,2
info: 73026,Success,2
info: 73027,Success,2
info: 73028,Success,2
info: 73029,Success,3
info: 73030,Success,3
info: 73031,Success,2
info: 73032,Success,3
info: 73033,Success,2
info: 73034,Success,2
info: 73035,Success,2
info: 73039,Success,2
info: 73040,Success,2
info: 73041,Success,2
info: 73042,Success,2
info: 73043,Success,2
info: 73044,Success,2
info: 73045,Success,2
info: 73046,Success,2
info: 73047,Success,2
info: 73064,Success,2
info: 73065,Success,3
info: 73066,Success,1
info: 73067,Success,3
info: 73068,Success,3
info: 73068,Success,3
info: 73069,Success,2
info: 73069,Success,2
info: 73070,Success,2
info: 73070,Success,2
info: 73071,Success,2
info: 73071,Success,2
info: 73072,Success,3
info: 73072,Success,3
info: 73073,Success,2
info: 73073,Success,2
info: 73074,Success,2
info: 73075,Success,2
info: 73076,Success,1
info: 73077,Success,3
info: 73116,Success,2
info: 73117,Success,2
info: 73118,Success,2
info: 73119,Success,3
info: 73120,Success,2
info: 73121,Success,2
info: 73122,Success,1
info: 73123,Success,2
info: 73124,Success,1
info: 73125,Success,2
info: 73195,Success,2
info: 73196,Success,2
info: 73197,Success,2
info: 73198,Success,2
info: 73199,Success,2
info: 73200,Success,2
info: 73201,Success,2
info: 73202,Success,2
info: 73203,Success,2
info: 73220,Success,2
info: 73221,Success,2
info: 73222,Success,3
info: 73223,Success,2
info: 73224,Success,3
info: 73225,Success,3
info: 73226,Success,1
info: 73227,Success,2
info: 73228,Success,2
info: 73229,Success,2
info: 73241,Success,3
info: 73242,Success,2
info: 73243,Success,1
info: 73244,Success,3
info: 73244,Success,3
info: 73245,Success,2
info: 73245,Success,2
info: 73246,Success,2
info: 73246,Success,2
info: 73247,Success,2
info: 73247,Success,2
info: 73248,Success,2
info: 73248,Success,3
info: 73249,Success,2
info: 73250,Success,3
info: 73251,Success,2
info: 73252,Success,2
info: 73253,Success,2
info: 73254,Success,2
info: 73267,Success,2
info: 73268,Success,2
info: 73269,Success,2
info: 73270,Success,1
info: 73271,Success,2
info: 73272,Success,2
info: 73273,Success,2
info: 73274,Success,2
info: 73275,Success,2
info: 73293,Success,2
info: 73294,Success,1
info: 73295,Success,2
info: 73296,Success,2
info: 73297,Success,3
info: 73297,Success,3
info: 73298,Success,2
info: 73298,Success,2
info: 73299,Success,3
info: 73299,Success,4
info: 73300,Success,2
info: 73300,Success,2
info: 73301,Success,3
info: 73301,Success,3
info: 73301,Success,4
info: 73302,Success,3
info: 73302,Success,3
info: 73302,Success,3
info: 73303,Success,2
info: 73303,Success,3
info: 73303,Success,3
info: 73304,Success,3
info: 73304,Success,3
info: 73305,Success,4
info: 73305,Success,4
info: 73306,Success,2
info: 73306,Success,3
info: 73307,Success,2
info: 73307,Success,3
info: 73308,Success,2
info: 73309,Success,1
info: 73310,Success,1
info: 73356,Success,2
info: 73357,Success,3
info: 73358,Success,2
info: 73359,Success,2
info: 73360,Success,2
info: 73361,Success,2
info: 73362,Success,2
info: 73363,Success,2
info: 73364,Success,2
info: 73365,Success,4
info: 73366,Success,2
info: 73367,Success,2
info: 73368,Success,2
info: 73369,Success,2
info: 73370,Success,2
info: 73370,Success,2
info: 73371,Success,3
info: 73371,Success,3
info: 73372,Success,1
info: 73372,Success,2
info: 73373,Success,2
info: 73373,Success,2
info: 73374,Success,2
info: 73374,Success,2
info: 73375,Success,2
info: 73375,Success,3
info: 73376,Success,2
info: 73377,Success,3
info: 73390,Success,1
info: 73391,Success,2
info: 73392,Success,2
info: 73393,Success,2
info: 73394,Success,1
info: 73395,Success,3
info: 73396,Success,2
info: 73397,Success,2
info: 73398,Success,3
info: 73399,Success,2
info: 73399,Success,2
info: 73400,Success,2
info: 73401,Success,2
info: 73402,Success,2
info: 73403,Success,2
info: 73404,Success,1
info: 73405,Success,2
info: 73406,Success,2
info: 73407,Success,2
info: 73408,Success,1
info: 73409,Success,2
info: 73410,Success,2
info: 73411,Success,2
info: 73412,Success,2
info: 73415,Success,2
info: 73416,Success,2
info: 73417,Success,1
info: 73418,Success,2
info: 73419,Success,4
info: 73420,Success,1
info: 73421,Success,2
info: 73422,Success,1
info: 73423,Success,2
info: 73424,Success,2
info: 73441,Success,2
info: 73442,Success,2
info: 73443,Success,3
info: 73444,Success,2
info: 73445,Success,2
info: 73446,Success,3
info: 73447,Success,2
info: 73448,Success,2
info: 73449,Success,2
info: 73450,Success,2
info: 73455,Success,1
info: 73456,Success,1
info: 73457,Success,1
info: 73458,Success,2
info: 73459,Success,2
info: 73459,Success,3
info: 73460,Success,2
info: 73460,Success,2
info: 73461,Success,2
info: 73461,Success,2
info: 73462,Success,2
info: 73462,Success,2
info: 73463,Success,2
info: 73464,Success,2
info: 73464,Success,3
info: 73465,Success,2
info: 73465,Success,2
info: 73466,Success,2
info: 73466,Success,2
info: 73467,Success,3
info: 73467,Success,4
info: 73468,Success,2
info: 73468,Success,2
info: 73469,Success,3
info: 73469,Success,3
info: 73469,Success,3
info: 73469,Success,3
info: 73470,Success,3
info: 73470,Success,3
info: 73470,Success,3
info: 73470,Success,4
info: 73471,Success,3
info: 73471,Success,3
info: 73471,Success,3
info: 73471,Success,3
info: 73471,Success,3
info: 73472,Success,2
info: 73472,Success,3
info: 73472,Success,3
info: 73472,Fail,4
info: 73472,Fail,4
info: 73473,Success,5
info: 73473,Success,5
info: 73473,Success,5
info: 73473,Success,5
info: 73474,Success,2
info: 73474,Success,3
info: 73474,Success,3
info: 73474,Success,3
info: 73475,Success,2
info: 73475,Success,3
info: 73475,Success,3
info: 73475,Success,3
info: 73475,Success,3
info: 73476,Success,4
info: 73476,Success,5
info: 73476,Success,5
info: 73476,Success,5
info: 73476,Success,5
info: 73477,Success,3
info: 73477,Success,3
info: 73477,Success,3
info: 73477,Success,3
info: 73477,Success,3
info: 73478,Success,3
info: 73478,Success,3
info: 73478,Success,3
info: 73478,Success,3
info: 73479,Success,2
info: 73479,Success,2
info: 73479,Success,3
info: 73480,Success,2
info: 73480,Success,2
info: 73480,Success,2
info: 73480,Success,2
info: 73481,Success,4
info: 73481,Success,4
info: 73481,Success,4
info: 73481,Success,5
info: 73482,Success,4
info: 73482,Success,4
info: 73482,Success,5
info: 73483,Success,2
info: 73483,Success,3
info: 73483,Success,3
info: 73484,Success,3
info: 73484,Success,3
info: 73484,Success,3
info: 73485,Success,2
info: 73485,Success,3
info: 73485,Success,3
info: 73486,Success,3
info: 73486,Success,3
info: 73486,Success,3
info: 73487,Success,7
info: 73488,Success,3
info: 73489,Success,2
info: 73490,Success,1
info: 73565,Success,2
info: 73566,Success,3
info: 73567,Success,2
info: 73568,Success,3
info: 73568,Success,3
info: 73569,Success,4
info: 73569,Success,4
info: 73569,Success,4
info: 73570,Success,4
info: 73570,Success,4
info: 73570,Success,4
info: 73570,Success,4
info: 73571,Success,4
info: 73571,Success,5
info: 73571,Success,5
info: 73571,Success,5
info: 73571,Success,5
info: 73572,Success,2
info: 73572,Success,3
info: 73572,Success,3
info: 73572,Success,3
info: 73572,Success,3
info: 73573,Success,3
info: 73573,Success,5
info: 73573,Success,5
info: 73573,Success,5
info: 73573,Success,5
info: 73574,Success,3
info: 73574,Success,3
info: 73574,Success,3
info: 73574,Success,3
info: 73574,Success,4
info: 73574,Fail,4
info: 73575,Success,3
info: 73575,Success,4
info: 73575,Success,4
info: 73575,Success,6
info: 73575,Success,6
info: 73575,Fail,6
info: 73576,Success,6
info: 73576,Success,6
info: 73576,Success,6
info: 73576,Success,7
info: 73576,Success,7
info: 73576,Fail,7
info: 73577,Success,4
info: 73577,Success,4
info: 73577,Success,4
info: 73577,Success,5
info: 73577,Success,5
info: 73577,Fail,5
info: 73578,Success,3
info: 73578,Success,3
info: 73578,Success,3
info: 73578,Fail,4
info: 73578,Fail,4
info: 73579,Success,3
info: 73579,Success,3
info: 73579,Success,3
info: 73579,Success,4
info: 73580,Success,2
info: 73580,Success,3
info: 73580,Success,3
info: 73581,Success,3
info: 73581,Success,4
info: 73582,Success,2
info: 73582,Success,2
info: 73583,Success,3
info: 73583,Success,3
info: 73593,Success,4
info: 73594,Success,2
info: 73595,Success,2
info: 73596,Success,2
info: 73597,Success,2
info: 73598,Success,2
info: 73599,Success,1
info: 73600,Success,2
info: 73601,Success,3
info: 73602,Success,2
info: 73603,Success,2
info: 73614,Success,2
info: 73615,Success,2
info: 73616,Success,2
info: 73617,Success,3
info: 73618,Success,2
info: 73619,Success,2
info: 73620,Success,2
info: 73621,Success,2
info: 73622,Success,2
info: 73623,Success,4
info: 73655,Success,1
info: 73656,Success,3
info: 73657,Success,1
info: 73658,Success,2
info: 73658,Success,2
info: 73659,Success,2
info: 73659,Success,3
info: 73659,Success,3
info: 73660,Success,3
info: 73660,Success,3
info: 73660,Success,3
info: 73660,Success,3
info: 73661,Success,3
info: 73661,Success,3
info: 73661,Success,3
info: 73661,Success,4
info: 73662,Success,3
info: 73662,Success,3
info: 73662,Success,3
info: 73662,Success,3
info: 73663,Success,3
info: 73663,Success,4
info: 73663,Success,4
info: 73663,Fail,6
info: 73664,Success,3
info: 73664,Success,3
info: 73664,Success,3
info: 73664,Success,3
info: 73665,Success,3
info: 73665,Success,4
info: 73665,Success,4
info: 73666,Success,2
info: 73666,Success,2
info: 73666,Success,2
info: 73667,Success,3
info: 73667,Success,3
info: 73668,Success,3
info: 73668,Success,3
info: 73669,Success,3
info: 73669,Success,3
info: 73711,Success,2
info: 73712,Success,1
info: 73713,Success,2
info: 73714,Success,2
info: 73715,Success,3
info: 73716,Success,2
info: 73717,Success,1
info: 73718,Success,1
info: 73719,Success,2
info: 73720,Success,2
info: 73721,Success,2
info: 73728,Success,1
info: 73729,Success,1
info: 73730,Success,2
info: 73731,Success,2
info: 73732,Success,2
info: 73733,Success,2
info: 73734,Success,3
info: 73735,Success,1
info: 73736,Success,1
info: 73737,Success,2
info: 73824,Success,2
info: 73825,Success,2
info: 73826,Success,2
info: 73827,Success,2
info: 73828,Success,2
info: 73829,Success,1
info: 73830,Success,3
info: 73831,Success,2
info: 73832,Success,1
info: 73833,Success,2
info: 73834,Success,2
info: 73835,Success,2
info: 73836,Success,2
info: 73841,Success,1
info: 73842,Success,2
info: 73843,Success,3
info: 73844,Success,2
info: 73845,Success,2
info: 73846,Success,1
info: 73847,Success,2
info: 73848,Success,2
info: 73849,Success,2
info: 73850,Success,2
info: 73851,Success,2
info: 73867,Success,2
info: 73867,Success,2
info: 73868,Success,2
info: 73868,Success,2
info: 73869,Success,2
info: 73869,Success,3
info: 73870,Success,2
info: 73870,Success,2
info: 73871,Success,2
info: 73871,Success,2
info: 73872,Success,3
info: 73872,Success,3
info: 73873,Success,3
info: 73873,Success,3
info: 73874,Success,2
info: 73874,Success,2
info: 73875,Success,3
info: 73875,Success,3
info: 73901,Success,2
info: 73902,Success,2
info: 73903,Success,2
info: 73904,Success,2
info: 73905,Success,2
info: 73906,Success,2
info: 73907,Success,3
info: 73908,Success,3
info: 73909,Success,2
info: 73910,Success,2
info: 73911,Success,2
info: 73912,Success,1
info: 73919,Success,2
info: 73920,Success,2
info: 73921,Success,3
info: 73922,Success,2
info: 73923,Success,1
info: 73924,Success,2
info: 73925,Success,1
info: 73926,Success,2
info: 73927,Success,1
info: 73953,Success,2
info: 73954,Success,1
info: 73955,Success,2
info: 73956,Success,2
info: 73957,Success,1
info: 73958,Success,2
info: 73959,Success,1
info: 73960,Success,1
info: 73961,Success,1
info: 73962,Success,1
info: 73963,Success,2
info: 73986,Success,3
info: 73987,Success,2
info: 73988,Success,2
info: 73989,Success,3
info: 73990,Success,2
info: 73991,Success,2
info: 73992,Success,2
info: 73993,Success,2
info: 73994,Success,2
info: 73995,Success,2
info: 73996,Success,2
info: 74003,Success,1
info: 74004,Success,2
info: 74005,Success,2
info: 74006,Success,2
info: 74007,Success,2
info: 74008,Success,3
info: 74009,Success,1
info: 74010,Success,2
info: 74011,Success,2
info: 74012,Success,1
info: 74013,Success,2
info: 74020,Success,2
info: 74021,Success,2
info: 74022,Success,2
info: 74023,Success,2
info: 74023,Success,2
info: 74024,Success,2
info: 74024,Success,2
info: 74025,Success,2
info: 74025,Success,2
info: 74026,Success,2
info: 74026,Success,2
info: 74027,Success,3
info: 74027,Success,5
info: 74027,Success,5
info: 74028,Success,4
info: 74028,Success,4
info: 74028,Success,4
info: 74029,Success,2
info: 74029,Success,3
info: 74030,Success,2
info: 74030,Success,2
info: 74031,Success,3
info: 74031,Success,3
info: 74032,Success,2
info: 74032,Success,2
info: 74033,Success,4
info: 74033,Success,4
info: 74034,Success,2
info: 74035,Success,4
info: 74051,Success,2
info: 74052,Success,2
info: 74053,Success,3
info: 74053,Success,3
info: 74054,Success,2
info: 74054,Success,2
info: 74055,Success,2
info: 74055,Success,3
info: 74056,Success,2
info: 74056,Success,2
info: 74057,Success,2
info: 74057,Success,2
info: 74058,Success,2
info: 74058,Success,2
info: 74059,Success,3
info: 74059,Success,4
info: 74060,Success,1
info: 74060,Success,2
info: 74061,Success,5
info: 74062,Success,2
info: 74077,Success,2
info: 74078,Success,2
info: 74079,Success,2
info: 74080,Success,2
info: 74081,Success,2
info: 74082,Success,2
info: 74083,Success,2
info: 74084,Success,2
info: 74085,Success,2
info: 74086,Success,2
info: 74248,Success,2
info: 74249,Success,2
info: 74250,Success,2
info: 74251,Success,2
info: 74252,Success,1
info: 74253,Success,2
info: 74254,Success,2
info: 74255,Success,2
info: 74256,Success,2
info: 74257,Success,2
info: 74258,Success,1
info: 74280,Success,2
info: 74281,Success,3
info: 74282,Success,2
info: 74283,Success,3
info: 74284,Success,2
info: 74285,Success,2
info: 74286,Success,1
info: 74287,Success,2
info: 74288,Success,2
info: 74289,Success,2
info: 74290,Success,2
info: 74294,Success,2
info: 74295,Success,2
info: 74296,Success,2
info: 74297,Success,2
info: 74298,Success,2
info: 74299,Success,3
info: 74300,Success,2
info: 74301,Success,2
info: 74302,Success,2
info: 74303,Success,2
info: 74304,Success,2
info: 74343,Success,1
info: 74344,Success,1
info: 74345,Success,2
info: 74346,Success,2
info: 74347,Success,1
info: 74348,Success,2
info: 74349,Success,2
info: 74350,Success,1
info: 74351,Success,2
info: 74352,Success,2
info: 74353,Success,2
info: 74372,Success,2
info: 74373,Success,2
info: 74374,Success,2
info: 74375,Success,2
info: 74376,Success,2
info: 74377,Success,2
info: 74378,Success,2
info: 74379,Success,2
info: 74380,Success,1
