info: 64805,Success,19
info: 64806,Success,7
info: 64806,Success,8
info: 64806,Success,8
info: 64807,Success,5
info: 64807,Success,5
info: 64807,Success,6
info: 64808,Success,5
info: 64808,Success,6
info: 64808,Success,7
info: 64808,Success,7
info: 64808,Success,7
info: 64809,Success,6
info: 64809,Success,7
info: 64809,Success,8
info: 64809,Success,8
info: 64809,Success,8
info: 64809,Success,9
info: 64809,Success,9
info: 64810,Success,7
info: 64810,Success,7
info: 64810,Success,8
info: 64810,Success,8
info: 64810,Success,9
info: 64810,Success,9
info: 64810,Success,9
info: 64811,Success,6
info: 64811,Success,7
info: 64811,Success,8
info: 64811,Success,8
info: 64811,Success,9
info: 64811,Success,9
info: 64811,Success,9
info: 64812,Success,7
info: 64812,Success,7
info: 64812,Success,8
info: 64812,Success,8
info: 64812,Success,9
info: 64812,Success,9
info: 64812,Success,9
info: 64813,Success,8
info: 64813,Success,8
info: 64813,Success,9
info: 64813,Success,9
info: 64813,Success,9
info: 64813,Success,10
info: 64813,Success,10
info: 64814,Success,5
info: 64814,Success,6
info: 64814,Success,6
info: 64814,Success,7
info: 64814,Success,7
info: 64814,Success,8
info: 64815,Success,6
info: 64815,Success,7
info: 64815,Success,8
info: 64815,Success,8
info: 64816,Success,4
info: 64816,Success,5
info: 64816,Success,5
info: 64817,Success,5
info: 64817,Success,5
info: 64817,Success,6
info: 64818,Success,4
info: 64818,Success,6
info: 64819,Success,3
info: 64835,Success,8
info: 64836,Success,5
info: 64837,Success,4
info: 64837,Success,5
info: 64838,Success,5
info: 64838,Success,5
info: 64838,Success,6
info: 64839,Success,4
info: 64839,Success,5
info: 64839,Success,5
info: 64840,Success,6
info: 64840,Success,8
info: 64840,Success,8
info: 64841,Success,4
info: 64841,Success,5
info: 64841,Success,6
info: 64842,Success,5
info: 64842,Success,5
info: 64842,Success,5
info: 64842,Success,6
info: 64843,Success,6
info: 64843,Success,6
info: 64843,Success,7
info: 64843,Success,9
info: 64843,Success,10
info: 64844,Success,5
info: 64844,Success,5
info: 64844,Success,5
info: 64844,Success,5
info: 64844,Success,6
info: 64845,Success,6
info: 64845,Success,7
info: 64845,Success,8
info: 64845,Success,9
info: 64845,Success,9
info: 64845,Success,10
info: 64846,Success,4
info: 64846,Success,5
info: 64846,Success,5
info: 64846,Success,5
info: 64846,Success,6
info: 64846,Success,6
info: 64847,Success,7
info: 64847,Success,7
info: 64847,Success,8
info: 64847,Success,8
info: 64847,Success,8
info: 64847,Success,8
info: 64847,Success,8
info: 64848,Success,6
info: 64848,Success,6
info: 64848,Success,6
info: 64848,Success,7
info: 64848,Success,7
info: 64848,Success,7
info: 64849,Success,8
info: 64849,Success,8
info: 64849,Success,8
info: 64849,Success,9
info: 64849,Success,9
info: 64849,Success,9
info: 64850,Success,5
info: 64850,Success,5
info: 64850,Success,6
info: 64850,Success,6
info: 64850,Success,6
info: 64850,Success,6
info: 64851,Success,7
info: 64851,Success,7
info: 64851,Success,8
info: 64851,Success,9
info: 64851,Success,9
info: 64851,Success,9
info: 64852,Success,5
info: 64852,Success,5
info: 64852,Success,5
info: 64852,Success,7
info: 64852,Success,7
info: 64853,Success,4
info: 64853,Success,5
info: 64853,Success,5
info: 64853,Success,5
info: 64854,Success,4
info: 64854,Success,4
info: 64854,Success,4
info: 64855,Success,3
info: 64855,Success,3
info: 64856,Success,3
info: 64856,Success,4
info: 64870,Success,4
info: 64871,Success,5
info: 64872,Success,3
info: 64873,Success,3
info: 64874,Success,3
info: 64875,Success,4
info: 64875,Success,5
info: 64876,Success,3
info: 64876,Success,4
info: 64877,Success,5
info: 64877,Success,6
info: 64877,Success,6
info: 64878,Success,5
info: 64878,Success,6
info: 64878,Success,6
info: 64879,Success,3
info: 64879,Success,4
info: 64880,Success,4
info: 64880,Success,4
info: 64881,Success,6
info: 64881,Success,6
info: 64882,Success,3
info: 64882,Success,4
info: 64883,Success,4
info: 64883,Success,5
info: 64884,Success,4
info: 64884,Success,4
info: 64885,Success,4
info: 64885,Success,4
info: 64886,Success,2
info: 64887,Success,6
info: 64888,Success,4
info: 64893,Success,4
info: 64894,Success,4
info: 64895,Success,4
info: 64895,Success,4
info: 64896,Success,5
info: 64896,Success,7
info: 64896,Success,7
info: 64896,Success,7
info: 64896,Success,7
info: 64897,Success,6
info: 64897,Success,6
info: 64897,Success,6
info: 64897,Success,6
info: 64897,Success,7
info: 64897,Success,7
info: 64898,Success,7
info: 64898,Success,8
info: 64898,Success,8
info: 64898,Success,8
info: 64898,Success,8
info: 64898,Success,9
info: 64898,Success,9
info: 64899,Success,8
info: 64899,Success,8
info: 64899,Success,9
info: 64899,Success,9
info: 64899,Success,9
info: 64899,Success,10
info: 64899,Success,12
info: 64899,Success,13
info: 64900,Success,6
info: 64900,Success,6
info: 64900,Success,7
info: 64900,Success,7
info: 64900,Success,7
info: 64900,Success,7
info: 64900,Success,8
info: 64900,Success,8
info: 64901,Success,6
info: 64901,Success,7
info: 64901,Success,7
info: 64901,Success,8
info: 64901,Success,9
info: 64901,Success,9
info: 64901,Success,9
info: 64901,Success,9
info: 64902,Success,7
info: 64902,Success,7
info: 64902,Success,8
info: 64902,Success,8
info: 64902,Success,9
info: 64902,Success,9
info: 64902,Success,9
info: 64902,Success,9
info: 64903,Success,6
info: 64903,Success,6
info: 64903,Success,7
info: 64903,Success,7
info: 64903,Success,7
info: 64903,Success,7
info: 64903,Success,7
info: 64903,Success,8
info: 64904,Success,5
info: 64904,Success,6
info: 64904,Success,6
info: 64904,Success,6
info: 64904,Success,6
info: 64904,Success,7
info: 64904,Success,7
info: 64905,Success,5
info: 64905,Success,5
info: 64905,Success,6
info: 64905,Success,6
info: 64905,Success,6
info: 64905,Success,7
info: 64906,Success,5
info: 64906,Success,6
info: 64906,Success,6
info: 64906,Success,7
info: 64906,Success,7
info: 64906,Success,8
info: 64907,Success,5
info: 64907,Success,6
info: 64907,Success,6
info: 64908,Success,4
info: 64908,Success,4
info: 64909,Success,4
info: 64909,Success,4
info: 64910,Success,4
info: 64910,Success,4
info: 64910,Success,5
info: 64911,Success,5
info: 64911,Success,6
info: 64911,Success,6
info: 64911,Success,6
info: 64912,Success,4
info: 64912,Success,4
info: 64912,Success,4
info: 64912,Success,5
info: 64913,Success,4
info: 64913,Success,5
info: 64913,Success,5
info: 64913,Success,5
info: 64914,Success,5
info: 64914,Success,5
info: 64914,Success,5
info: 64914,Success,6
info: 64915,Success,4
info: 64915,Success,4
info: 64915,Success,5
info: 64916,Success,3
info: 64916,Success,4
info: 64916,Success,4
info: 64917,Success,4
info: 64917,Success,5
info: 64917,Success,5
info: 64918,Success,3
info: 64918,Success,4
info: 64918,Success,4
info: 64919,Success,5
info: 64919,Success,6
info: 64919,Success,6
info: 64920,Success,3
info: 64921,Success,3
info: 64925,Success,3
info: 64926,Success,4
info: 64926,Success,4
info: 64927,Success,4
info: 64927,Success,5
info: 64927,Success,5
info: 64928,Success,3
info: 64928,Success,4
info: 64928,Success,4
info: 64929,Success,5
info: 64929,Success,6
info: 64929,Success,6
info: 64930,Success,5
info: 64930,Success,5
info: 64930,Success,6
info: 64931,Success,5
info: 64931,Success,6
info: 64931,Success,6
info: 64932,Success,4
info: 64932,Success,4
info: 64932,Success,5
info: 64933,Success,5
info: 64933,Success,5
info: 64933,Success,6
info: 64933,Success,6
info: 64934,Success,3
info: 64934,Success,4
info: 64934,Success,4
info: 64935,Success,4
info: 64935,Success,5
info: 64936,Success,3
info: 64936,Success,3
info: 64937,Success,4
info: 64938,Success,3
info: 64939,Success,4
info: 64940,Success,4
info: 64941,Success,3
info: 64942,Success,3
info: 64943,Success,3
info: 64945,Success,3
info: 64946,Success,3
info: 64946,Success,4
info: 64947,Success,4
info: 64947,Success,4
info: 64948,Success,3
info: 64948,Success,5
info: 64949,Success,4
info: 64949,Success,4
info: 64950,Success,5
info: 64950,Success,5
info: 64951,Success,4
info: 64951,Success,5
info: 64952,Success,3
info: 64952,Success,4
info: 64953,Success,3
info: 64953,Success,4
info: 64954,Success,4
info: 64954,Success,5
info: 64955,Success,3
info: 64956,Success,3
info: 64963,Success,4
info: 64964,Success,3
info: 64965,Success,4
info: 64965,Success,4
info: 64966,Success,4
info: 64966,Success,5
info: 64967,Success,3
info: 64967,Success,4
info: 64968,Success,4
info: 64968,Success,4
info: 64969,Success,4
info: 64969,Success,5
info: 64969,Success,5
info: 64970,Success,4
info: 64970,Success,5
info: 64970,Success,5
info: 64971,Success,6
info: 64971,Success,7
info: 64971,Success,7
info: 64971,Success,7
info: 64972,Success,4
info: 64972,Success,5
info: 64972,Success,5
info: 64972,Success,5
info: 64973,Success,3
info: 64973,Success,4
info: 64973,Success,4
info: 64974,Success,5
info: 64974,Success,5
info: 64974,Success,6
info: 64975,Success,3
info: 64975,Success,6
info: 64976,Success,4
info: 64976,Success,4
info: 64977,Success,4
info: 64977,Success,5
info: 64978,Success,3
info: 64978,Success,3
info: 64979,Success,3
info: 64980,Success,5
info: 64986,Success,4
info: 64987,Success,3
info: 64988,Success,3
info: 64989,Success,3
info: 64990,Success,4
info: 64991,Success,3
info: 64992,Success,3
info: 64993,Success,3
info: 64994,Success,3
info: 64995,Success,3
info: 64996,Success,3
info: 64997,Success,3
info: 64998,Success,4
info: 65001,Success,5
info: 65002,Success,4
info: 65002,Success,4
info: 65003,Success,6
info: 65003,Success,7
info: 65004,Success,4
info: 65004,Success,4
info: 65005,Success,4
info: 65005,Success,4
info: 65006,Success,4
info: 65006,Success,4
info: 65007,Success,5
info: 65007,Success,5
info: 65008,Success,3
info: 65008,Success,4
info: 65009,Success,4
info: 65009,Success,4
info: 65009,Success,5
info: 65010,Success,5
info: 65010,Success,6
info: 65010,Success,6
info: 65011,Success,6
info: 65011,Success,6
info: 65011,Success,7
info: 65011,Success,7
info: 65012,Success,4
info: 65012,Success,4
info: 65012,Success,4
info: 65013,Success,5
info: 65013,Success,5
info: 65013,Success,6
info: 65014,Success,3
info: 65014,Success,3
info: 65014,Success,4
info: 65015,Success,4
info: 65015,Success,5
info: 65015,Success,5
info: 65016,Success,4
info: 65016,Success,4
info: 65016,Success,6
info: 65017,Success,4
info: 65017,Success,4
info: 65017,Success,4
info: 65018,Success,3
info: 65018,Success,4
info: 65018,Success,4
info: 65019,Success,5
info: 65019,Success,5
info: 65019,Success,5
info: 65020,Success,4
info: 65020,Success,5
info: 65020,Success,5
info: 65021,Success,3
info: 65022,Success,3
info: 65026,Success,3
info: 65027,Success,3
info: 65028,Success,3
info: 65029,Success,4
info: 65030,Success,3
info: 65031,Success,3
info: 65032,Success,4
info: 65033,Success,3
info: 65034,Success,3
info: 65035,Success,3
info: 65036,Success,3
info: 65055,Success,3
info: 65056,Success,3
info: 65056,Success,4
info: 65057,Success,4
info: 65057,Success,4
info: 65058,Success,4
info: 65058,Success,5
info: 65058,Success,5
info: 65059,Success,3
info: 65059,Success,4
info: 65059,Success,5
info: 65060,Success,5
info: 65060,Success,5
info: 65060,Success,6
info: 65061,Success,6
info: 65061,Success,7
info: 65061,Success,7
info: 65061,Success,7
info: 65062,Success,4
info: 65062,Success,5
info: 65062,Success,5
info: 65062,Success,5
info: 65063,Success,5
info: 65063,Success,5
info: 65063,Success,6
info: 65063,Success,6
info: 65064,Success,10
info: 65064,Success,10
info: 65064,Success,11
info: 65064,Success,11
info: 65065,Success,9
info: 65065,Success,10
info: 65065,Success,10
info: 65066,Success,3
info: 65066,Success,4
info: 65066,Success,4
info: 65067,Success,5
info: 65067,Success,5
info: 65067,Success,6
info: 65068,Success,3
info: 65068,Success,3
info: 65069,Success,3
info: 65069,Success,4
info: 65070,Success,3
info: 65070,Success,4
info: 65071,Success,4
info: 65071,Success,5
info: 65072,Success,3
info: 65073,Success,3
info: 65074,Success,4
info: 65085,Success,3
info: 65086,Success,3
info: 65087,Success,3
info: 65088,Success,4
info: 65089,Success,6
info: 65089,Success,6
info: 65089,Success,7
info: 65090,Success,5
info: 65090,Success,5
info: 65090,Success,5
info: 65090,Success,6
info: 65091,Success,4
info: 65091,Success,5
info: 65091,Success,5
info: 65091,Success,5
info: 65092,Success,5
info: 65092,Success,6
info: 65092,Success,6
info: 65092,Success,6
info: 65093,Success,4
info: 65093,Success,5
info: 65093,Success,5
info: 65093,Success,5
info: 65093,Success,5
info: 65093,Success,7
info: 65094,Success,6
info: 65094,Success,7
info: 65094,Success,8
info: 65094,Success,9
info: 65094,Success,9
info: 65094,Success,9
info: 65094,Success,10
info: 65095,Success,7
info: 65095,Success,7
info: 65095,Success,8
info: 65095,Success,8
info: 65095,Success,8
info: 65095,Success,8
info: 65095,Success,8
info: 65096,Success,5
info: 65096,Success,5
info: 65096,Success,5
info: 65096,Success,7
info: 65096,Success,7
info: 65096,Success,7
info: 65097,Success,5
info: 65097,Success,6
info: 65097,Success,6
info: 65097,Success,7
info: 65097,Success,7
info: 65097,Success,7
info: 65098,Success,4
info: 65098,Success,4
info: 65098,Success,5
info: 65098,Success,5
info: 65098,Success,5
info: 65099,Success,4
info: 65099,Success,4
info: 65099,Success,5
info: 65100,Success,5
info: 65100,Success,5
info: 65100,Success,5
info: 65101,Success,4
info: 65101,Success,4
info: 65101,Success,5
info: 65102,Success,5
info: 65102,Success,5
info: 65102,Success,6
info: 65103,Success,5
info: 65103,Success,5
info: 65104,Success,3
info: 65125,Success,4
info: 65126,Success,3
info: 65127,Success,4
info: 65128,Success,3
info: 65129,Success,4
info: 65130,Success,3
info: 65131,Success,3
info: 65132,Success,3
info: 65133,Success,3
info: 65134,Success,3
info: 65135,Success,5
info: 65136,Success,4
info: 65161,Success,3
info: 65162,Success,5
info: 65163,Success,4
info: 65164,Success,3
info: 65165,Success,4
info: 65166,Success,4
info: 65167,Success,3
info: 65168,Success,3
info: 65169,Success,3
info: 65170,Success,3
info: 65183,Success,5
info: 65184,Success,3
info: 65185,Success,4
info: 65185,Success,5
info: 65186,Success,4
info: 65186,Success,4
info: 65187,Success,4
info: 65187,Success,4
info: 65188,Success,5
info: 65188,Success,5
info: 65189,Success,3
info: 65189,Success,4
info: 65190,Success,3
info: 65190,Success,3
info: 65191,Success,3
info: 65191,Success,4
info: 65192,Success,3
info: 65192,Success,4
info: 65192,Success,4
info: 65193,Success,5
info: 65193,Success,5
info: 65194,Success,3
info: 65195,Success,3
info: 65196,Success,3
info: 65197,Success,3
info: 65198,Success,3
info: 65199,Success,3
info: 65200,Success,3
info: 65201,Success,3
info: 65202,Success,3
info: 65204,Success,3
info: 65205,Success,3
info: 65206,Success,3
info: 65207,Success,4
info: 65208,Success,3
info: 65209,Success,4
info: 65209,Success,4
info: 65210,Success,3
info: 65210,Success,3
info: 65211,Success,5
info: 65211,Success,5
info: 65212,Success,3
info: 65212,Success,3
info: 65213,Success,3
info: 65214,Success,3
info: 65215,Success,4
info: 65216,Success,3
info: 65217,Success,4
info: 65218,Success,3
info: 65271,Success,4
info: 65272,Success,4
info: 65273,Success,4
info: 65273,Success,4
info: 65274,Success,4
info: 65274,Success,4
info: 65275,Success,4
info: 65275,Success,5
info: 65276,Success,3
info: 65276,Success,3
info: 65277,Success,3
info: 65277,Success,3
info: 65278,Success,4
info: 65278,Success,4
info: 65279,Success,4
info: 65279,Success,7
info: 65279,Success,7
info: 65280,Success,5
info: 65280,Success,5
info: 65281,Success,4
info: 65281,Success,5
info: 65282,Success,4
info: 65282,Success,4
info: 65283,Success,5
info: 65284,Success,2
info: 65285,Success,3
info: 65286,Success,3
info: 65287,Success,5
info: 65287,Success,7
info: 65287,Success,8
info: 65288,Success,3
info: 65288,Success,4
info: 65288,Success,4
info: 65289,Success,4
info: 65289,Success,5
info: 65289,Success,5
info: 65290,Success,4
info: 65290,Success,4
info: 65291,Success,3
info: 65291,Success,4
info: 65292,Success,5
info: 65292,Success,5
info: 65293,Success,4
info: 65294,Success,3
info: 65295,Success,3
info: 65296,Success,3
info: 65297,Success,4
info: 65330,Success,4
info: 65330,Success,4
info: 65331,Success,3
info: 65331,Success,4
info: 65332,Success,5
info: 65332,Success,5
info: 65332,Success,5
info: 65333,Success,4
info: 65333,Success,4
info: 65333,Success,5
info: 65334,Success,3
info: 65334,Success,4
info: 65334,Success,4
info: 65335,Success,4
info: 65335,Success,4
info: 65335,Success,5
info: 65336,Success,5
info: 65336,Success,5
info: 65336,Success,6
info: 65337,Success,4
info: 65337,Success,4
info: 65337,Success,4
info: 65338,Success,3
info: 65338,Success,4
info: 65338,Success,4
info: 65339,Success,4
info: 65339,Success,5
info: 65339,Success,5
info: 65340,Success,5
info: 65340,Success,6
info: 65340,Success,6
info: 65341,Success,4
info: 65341,Success,4
info: 65342,Success,4
info: 65342,Success,4
info: 65361,Success,4
info: 65362,Success,3
info: 65363,Success,4
info: 65363,Success,4
info: 65364,Success,4
info: 65364,Success,4
info: 65365,Success,5
info: 65365,Success,5
info: 65365,Success,5
info: 65366,Success,4
info: 65366,Success,4
info: 65366,Success,5
info: 65367,Success,6
info: 65367,Success,7
info: 65367,Success,7
info: 65368,Success,4
info: 65368,Success,4
info: 65368,Success,4
info: 65369,Success,4
info: 65369,Success,4
info: 65369,Success,4
info: 65370,Success,4
info: 65370,Success,4
info: 65371,Success,9
info: 65371,Success,10
info: 65372,Success,3
info: 65372,Success,3
info: 65373,Success,4
info: 65374,Success,3
info: 65381,Success,3
info: 65381,Success,4
info: 65382,Success,4
info: 65382,Success,5
info: 65383,Success,5
info: 65383,Success,5
info: 65384,Success,3
info: 65384,Success,3
info: 65385,Success,4
info: 65385,Success,4
info: 65386,Success,3
info: 65386,Success,4
info: 65387,Success,3
info: 65387,Success,3
info: 65388,Success,6
info: 65388,Success,6
info: 65389,Success,4
info: 65389,Success,5
info: 65390,Success,3
info: 65390,Success,4
info: 65391,Success,4
info: 65392,Success,3
info: 65432,Success,3
info: 65433,Success,3
info: 65434,Success,3
info: 65435,Success,3
info: 65436,Success,3
info: 65437,Success,3
info: 65438,Success,3
info: 65439,Success,3
info: 65455,Success,3
info: 65456,Success,3
info: 65457,Success,4
info: 65458,Success,3
info: 65459,Success,3
info: 65460,Success,4
info: 65461,Success,4
info: 65462,Success,4
info: 65463,Success,4
info: 65464,Success,4
info: 65465,Success,3
info: 65467,Success,4
info: 65467,Success,5
info: 65468,Success,4
info: 65468,Success,4
info: 65469,Success,4
info: 65469,Success,4
info: 65470,Success,3
info: 65470,Success,3
info: 65471,Success,7
info: 65471,Success,7
info: 65471,Success,7
info: 65472,Success,5
info: 65472,Success,5
info: 65472,Success,6
info: 65473,Success,5
info: 65473,Success,5
info: 65473,Success,5
info: 65473,Success,6
info: 65474,Success,4
info: 65474,Success,5
info: 65474,Success,5
info: 65474,Success,5
info: 65475,Success,5
info: 65475,Success,5
info: 65475,Success,6
info: 65475,Success,6
info: 65476,Success,4
info: 65476,Success,5
info: 65476,Success,5
info: 65477,Success,4
info: 65477,Success,5
info: 65477,Success,5
info: 65477,Success,5
info: 65478,Success,7
info: 65478,Success,7
info: 65478,Success,8
info: 65478,Success,8
info: 65479,Success,5
info: 65479,Success,5
info: 65479,Success,5
info: 65479,Success,6
info: 65480,Success,4
info: 65480,Success,5
info: 65480,Success,5
info: 65480,Success,5
info: 65481,Success,5
info: 65481,Success,5
info: 65481,Success,6
info: 65481,Success,6
info: 65482,Success,4
info: 65482,Success,4
info: 65482,Success,5
info: 65482,Success,5
info: 65483,Success,4
info: 65483,Success,5
info: 65483,Success,5
info: 65484,Success,4
info: 65484,Success,5
info: 65485,Success,4
info: 65485,Success,5
info: 65486,Success,4
info: 65486,Success,4
info: 65487,Success,3
info: 65487,Success,4
info: 65488,Success,4
info: 65489,Success,4
info: 65519,Success,3
info: 65520,Success,5
info: 65521,Success,4
info: 65521,Success,4
info: 65522,Success,4
info: 65522,Success,4
info: 65523,Success,4
info: 65523,Success,4
info: 65524,Success,3
info: 65524,Success,4
info: 65525,Success,3
info: 65525,Success,4
info: 65526,Success,6
info: 65526,Success,6
info: 65526,Success,6
info: 65526,Success,7
info: 65526,Success,7
info: 65527,Success,5
info: 65527,Success,6
info: 65527,Success,6
info: 65527,Success,6
info: 65527,Success,6
info: 65528,Success,4
info: 65528,Success,4
info: 65528,Success,4
info: 65528,Success,5
info: 65528,Success,5
info: 65529,Success,6
info: 65529,Success,6
info: 65529,Success,6
info: 65529,Success,6
info: 65529,Success,7
info: 65530,Success,3
info: 65530,Success,4
info: 65530,Success,4
info: 65530,Success,4
info: 65530,Success,4
info: 65531,Success,6
info: 65531,Success,7
info: 65531,Success,7
info: 65531,Success,7
info: 65531,Success,7
info: 65532,Success,4
info: 65532,Success,5
info: 65532,Success,5
info: 65532,Success,5
info: 65533,Success,4
info: 65533,Success,5
info: 65533,Success,5
info: 65533,Success,5
info: 65534,Success,4
info: 65534,Success,4
info: 65534,Success,4
info: 65534,Success,4
info: 65534,Success,5
info: 65535,Success,5
info: 65535,Success,5
info: 65535,Success,5
info: 65535,Success,6
info: 65535,Success,6
info: 65536,Success,4
info: 65536,Success,4
info: 65536,Success,4
info: 65536,Success,4
info: 65537,Success,4
info: 65537,Success,5
info: 65537,Success,5
info: 65537,Success,6
info: 65538,Success,4
info: 65538,Success,5
info: 65538,Success,5
info: 65538,Success,5
info: 65538,Success,6
info: 65538,Success,6
info: 65539,Success,5
info: 65539,Success,5
info: 65539,Success,6
info: 65539,Success,6
info: 65539,Success,6
info: 65540,Success,6
info: 65540,Success,7
info: 65540,Success,7
info: 65540,Success,7
info: 65540,Success,8
info: 65540,Success,8
info: 65541,Success,5
info: 65541,Success,6
info: 65541,Success,6
info: 65541,Success,7
info: 65541,Success,7
info: 65541,Success,7
info: 65541,Success,7
info: 65542,Success,5
info: 65542,Success,5
info: 65542,Success,5
info: 65542,Success,5
info: 65542,Success,5
info: 65542,Success,6
info: 65542,Success,7
info: 65543,Success,5
info: 65543,Success,5
info: 65543,Success,5
info: 65543,Success,6
info: 65543,Success,9
info: 65543,Success,9
info: 65544,Success,5
info: 65544,Success,6
info: 65544,Success,6
info: 65544,Success,6
info: 65544,Success,6
info: 65544,Success,7
info: 65545,Success,5
info: 65545,Success,6
info: 65545,Success,6
info: 65545,Success,6
info: 65545,Success,6
info: 65545,Success,7
info: 65545,Success,7
info: 65546,Success,4
info: 65546,Success,4
info: 65546,Success,5
info: 65546,Success,5
info: 65546,Success,5
info: 65546,Success,5
info: 65546,Success,5
info: 65547,Success,5
info: 65547,Success,5
info: 65547,Success,5
info: 65547,Success,5
info: 65547,Success,5
info: 65547,Success,6
info: 65548,Success,5
info: 65548,Success,5
info: 65548,Success,5
info: 65548,Success,5
info: 65548,Success,5
info: 65549,Success,10
info: 65549,Success,11
info: 65549,Success,11
info: 65549,Success,11
info: 65549,Success,11
info: 65550,Success,4
info: 65550,Success,4
info: 65550,Success,5
info: 65550,Success,5
info: 65551,Success,4
info: 65551,Success,4
info: 65551,Success,5
info: 65552,Success,4
info: 65552,Success,4
info: 65553,Success,4
info: 65553,Success,4
info: 65554,Success,3
info: 65554,Success,3
info: 65555,Success,4
info: 65555,Success,4
info: 65556,Success,3
info: 65556,Success,4
info: 65557,Success,6
info: 65557,Success,6
info: 65558,Success,4
info: 65558,Success,5
info: 65559,Success,3
info: 65560,Success,4
info: 65561,Success,3
info: 65562,Success,4
info: 65563,Success,4
info: 65563,Success,4
info: 65564,Success,4
info: 65564,Success,7
info: 65565,Success,3
info: 65566,Success,3
info: 65567,Success,5
info: 65568,Success,3
info: 65569,Success,4
info: 65570,Success,3
info: 65571,Success,4
info: 65571,Success,5
info: 65572,Success,3
info: 65572,Success,4
info: 65573,Success,4
info: 65574,Success,3
info: 65575,Success,5
info: 65576,Success,3
info: 65577,Success,4
info: 65578,Success,3
info: 65579,Success,3
info: 65580,Success,3
info: 65586,Success,4
info: 65587,Success,3
info: 65588,Success,3
info: 65589,Success,3
info: 65590,Success,3
info: 65590,Success,3
info: 65591,Success,4
info: 65591,Success,4
info: 65592,Success,3
info: 65592,Success,4
info: 65593,Success,4
info: 65593,Success,4
info: 65594,Success,3
info: 65594,Success,3
info: 65595,Success,5
info: 65596,Success,4
info: 65597,Success,4
info: 65597,Success,4
info: 65598,Success,4
info: 65598,Success,5
info: 65598,Success,5
info: 65599,Success,4
info: 65599,Success,4
info: 65599,Success,5
info: 65600,Success,3
info: 65600,Success,3
info: 65601,Success,4
info: 65601,Success,4
info: 65601,Success,5
info: 65602,Success,3
info: 65602,Success,4
info: 65602,Success,4
info: 65603,Success,3
info: 65603,Success,4
info: 65603,Success,4
info: 65603,Success,4
info: 65604,Success,4
info: 65604,Success,10
info: 65604,Success,10
info: 65604,Success,10
info: 65605,Success,4
info: 65605,Success,5
info: 65605,Success,5
info: 65605,Success,5
info: 65605,Success,6
info: 65606,Success,4
info: 65606,Success,4
info: 65606,Success,4
info: 65606,Success,5
info: 65606,Success,5
info: 65607,Success,6
info: 65607,Success,6
info: 65607,Success,6
info: 65607,Success,7
info: 65608,Success,3
info: 65608,Success,4
info: 65608,Success,4
info: 65609,Success,5
info: 65609,Success,6
info: 65609,Success,6
info: 65609,Success,6
info: 65609,Success,6
info: 65610,Success,6
info: 65610,Success,6
info: 65610,Success,7
info: 65610,Success,7
info: 65610,Success,7
info: 65611,Success,4
info: 65611,Success,5
info: 65611,Success,5
info: 65611,Success,5
info: 65611,Fail,9
info: 65612,Success,3
info: 65612,Success,4
info: 65612,Success,4
info: 65612,Success,4
info: 65613,Success,5
info: 65613,Success,5
info: 65613,Success,5
info: 65613,Success,5
info: 65614,Success,3
info: 65614,Success,4
info: 65614,Success,4
info: 65615,Success,4
info: 65615,Success,4
info: 65616,Success,3
info: 65616,Success,4
info: 65616,Success,4
info: 65617,Success,5
info: 65617,Success,6
info: 65617,Success,6
info: 65618,Success,4
info: 65619,Success,4
info: 65620,Success,3
info: 65621,Success,4
info: 65622,Success,3
info: 65623,Success,4
info: 65623,Success,4
info: 65624,Success,3
info: 65624,Success,3
info: 65625,Success,4
info: 65625,Success,4
info: 65626,Success,4
info: 65627,Success,3
info: 65628,Success,3
info: 65629,Success,3
info: 65630,Success,3
info: 65631,Success,3
info: 65642,Success,4
info: 65642,Success,4
info: 65643,Success,4
info: 65643,Success,4
info: 65644,Success,4
info: 65644,Success,4
info: 65644,Success,4
info: 65645,Success,5
info: 65645,Success,5
info: 65645,Success,5
info: 65645,Success,6
info: 65645,Success,7
info: 65646,Success,4
info: 65646,Success,5
info: 65646,Success,5
info: 65646,Success,5
info: 65646,Success,6
info: 65646,Fail,6
info: 65647,Success,4
info: 65647,Success,5
info: 65647,Success,5
info: 65647,Success,6
info: 65647,Success,7
info: 65647,Fail,7
info: 65648,Success,4
info: 65648,Success,4
info: 65648,Success,4
info: 65648,Success,5
info: 65648,Success,5
info: 65648,Fail,5
info: 65649,Success,5
info: 65649,Success,5
info: 65649,Success,5
info: 65649,Success,6
info: 65649,Success,6
info: 65649,Fail,6
info: 65650,Success,4
info: 65650,Success,5
info: 65650,Success,5
info: 65650,Fail,6
info: 65650,Success,6
info: 65650,Success,6
info: 65651,Success,4
info: 65651,Success,4
info: 65651,Success,4
info: 65651,Success,5
info: 65652,Success,5
info: 65652,Success,5
info: 65652,Success,5
info: 65652,Success,7
info: 65653,Success,3
info: 65653,Success,4
info: 65653,Success,4
info: 65654,Success,4
info: 65654,Success,5
info: 65654,Success,5
info: 65655,Success,3
info: 65655,Success,3
info: 65656,Success,4
info: 65657,Success,3
info: 65667,Success,3
info: 65668,Success,4
info: 65669,Success,4
info: 65670,Success,4
info: 65670,Success,4
info: 65671,Success,4
info: 65671,Success,5
info: 65672,Success,3
info: 65672,Success,3
info: 65673,Success,4
info: 65673,Success,4
info: 65674,Success,3
info: 65674,Success,3
info: 65675,Success,4
info: 65675,Success,4
info: 65676,Success,4
info: 65677,Success,3
info: 65678,Success,3
info: 65679,Success,3
info: 65680,Success,3
info: 65696,Success,3
info: 65697,Success,3
info: 65697,Success,4
info: 65698,Success,3
info: 65698,Success,4
info: 65699,Success,3
info: 65699,Success,4
info: 65700,Success,4
info: 65700,Success,4
info: 65701,Success,3
info: 65701,Success,4
info: 65702,Success,3
info: 65702,Success,4
info: 65703,Success,3
info: 65703,Success,3
info: 65704,Success,3
info: 65704,Success,4
info: 65705,Success,6
info: 65705,Success,6
info: 65706,Success,4
info: 65706,Success,4
info: 65707,Success,3
info: 65708,Success,3
info: 65708,Success,3
info: 65709,Success,3
info: 65709,Success,4
info: 65710,Success,4
info: 65710,Success,4
info: 65711,Success,5
info: 65711,Success,5
info: 65712,Success,4
info: 65712,Success,4
info: 65713,Success,4
info: 65713,Success,4
info: 65714,Success,4
info: 65714,Success,4
info: 65715,Success,3
info: 65715,Success,3
info: 65716,Success,2
info: 65719,Success,5
info: 65719,Success,5
info: 65720,Success,4
info: 65720,Success,4
info: 65721,Success,4
info: 65721,Success,5
info: 65722,Success,4
info: 65722,Success,4
info: 65722,Success,4
info: 65722,Success,5
info: 65723,Success,6
info: 65723,Success,6
info: 65723,Success,6
info: 65723,Success,7
info: 65724,Success,4
info: 65724,Success,5
info: 65724,Success,5
info: 65724,Success,5
info: 65725,Success,5
info: 65725,Success,6
info: 65725,Success,6
info: 65725,Success,6
info: 65725,Success,6
info: 65725,Fail,7
info: 65726,Success,6
info: 65726,Success,6
info: 65726,Fail,7
info: 65726,Success,7
info: 65726,Success,7
info: 65726,Success,8
info: 65727,Success,5
info: 65727,Success,5
info: 65727,Success,5
info: 65727,Success,5
info: 65727,Fail,6
info: 65727,Fail,6
info: 65727,Success,6
info: 65728,Success,5
info: 65728,Success,5
info: 65728,Success,5
info: 65728,Success,6
info: 65728,Success,6
info: 65729,Success,5
info: 65729,Success,5
info: 65729,Success,5
info: 65729,Success,6
info: 65729,Fail,6
info: 65730,Success,4
info: 65730,Success,5
info: 65730,Success,6
info: 65730,Success,7
info: 65730,Success,7
info: 65731,Success,5
info: 65731,Success,5
info: 65731,Success,5
info: 65731,Success,6
info: 65731,Success,6
info: 65731,Fail,6
info: 65732,Success,3
info: 65732,Success,3
info: 65732,Success,4
info: 65732,Success,4
info: 65733,Success,5
info: 65733,Success,6
info: 65733,Success,6
info: 65733,Success,6
info: 65734,Success,3
info: 65734,Success,4
info: 65734,Success,4
info: 65734,Success,4
info: 65735,Success,4
info: 65735,Success,4
info: 65735,Success,4
info: 65736,Success,3
info: 65736,Success,3
info: 65736,Success,4
info: 65737,Success,5
info: 65737,Success,5
info: 65738,Success,3
info: 65739,Success,3
info: 65740,Success,3
info: 65751,Success,3
info: 65752,Success,2
info: 65753,Success,4
info: 65754,Success,3
info: 65755,Success,3
info: 65756,Success,3
info: 65757,Success,3
info: 65758,Success,3
info: 65759,Success,3
info: 65760,Success,3
info: 65773,Success,4
info: 65774,Success,3
info: 65775,Success,3
info: 65776,Success,3
info: 65777,Success,4
info: 65778,Success,3
info: 65779,Success,3
info: 65780,Success,4
info: 65780,Success,4
info: 65781,Success,4
info: 65781,Success,5
info: 65781,Success,5
info: 65782,Success,3
info: 65782,Success,4
info: 65783,Success,4
info: 65783,Success,4
info: 65784,Success,4
info: 65784,Success,5
info: 65784,Success,5
info: 65785,Success,6
info: 65785,Success,6
info: 65785,Success,7
info: 65785,Success,7
info: 65786,Success,5
info: 65786,Success,6
info: 65786,Success,6
info: 65786,Success,8
info: 65786,Success,9
info: 65787,Success,4
info: 65787,Success,4
info: 65787,Success,5
info: 65787,Success,5
info: 65787,Success,5
info: 65787,Fail,5
info: 65788,Success,4
info: 65788,Success,4
info: 65788,Success,5
info: 65788,Fail,5
info: 65788,Success,6
info: 65788,Success,6
info: 65789,Success,5
info: 65789,Success,5
info: 65789,Success,6
info: 65789,Success,6
info: 65789,Success,6
info: 65789,Fail,6
info: 65790,Success,7
info: 65790,Success,8
info: 65790,Success,8
info: 65790,Success,8
info: 65790,Success,8
info: 65790,Fail,11
info: 65791,Success,4
info: 65791,Success,4
info: 65791,Success,4
info: 65791,Success,5
info: 65791,Fail,5
info: 65792,Success,3
info: 65792,Success,5
info: 65792,Success,5
info: 65792,Success,5
info: 65793,Success,4
info: 65793,Success,4
info: 65793,Success,4
info: 65793,Success,4
info: 65794,Success,3
info: 65794,Success,3
info: 65795,Success,3
info: 65795,Success,4
info: 65796,Success,3
info: 65806,Success,3
info: 65806,Success,3
info: 65807,Success,3
info: 65807,Success,3
info: 65808,Success,3
info: 65808,Success,4
info: 65809,Success,4
info: 65809,Success,5
info: 65809,Success,5
info: 65810,Success,3
info: 65810,Success,4
info: 65810,Success,5
info: 65811,Success,3
info: 65811,Success,4
info: 65811,Success,4
info: 65812,Success,4
info: 65812,Success,4
info: 65812,Success,5
info: 65812,Success,5
info: 65813,Success,4
info: 65813,Success,4
info: 65813,Success,4
info: 65813,Success,5
info: 65814,Success,4
info: 65814,Success,4
info: 65814,Success,4
info: 65815,Success,3
info: 65815,Success,4
info: 65816,Success,4
info: 65816,Success,4
info: 65817,Success,3
info: 65817,Success,3
info: 65818,Success,3
info: 65819,Success,3
info: 65820,Success,3
info: 65821,Success,5
info: 65822,Success,3
info: 65823,Success,3
info: 65824,Success,3
info: 65825,Success,3
info: 65826,Success,3
info: 65826,Success,4
info: 65827,Success,3
info: 65827,Success,4
info: 65828,Success,3
info: 65828,Success,4
info: 65829,Success,4
info: 65829,Success,4
info: 65829,Success,4
info: 65830,Success,3
info: 65830,Success,4
info: 65830,Success,4
info: 65831,Success,3
info: 65831,Success,4
info: 65831,Success,4
info: 65832,Success,3
info: 65832,Success,4
info: 65832,Success,4
info: 65833,Success,4
info: 65833,Success,4
info: 65834,Success,3
info: 65834,Success,5
info: 65835,Success,3
info: 65835,Success,3
info: 65836,Success,3
info: 65836,Success,4
info: 65837,Success,3
info: 65837,Success,3
info: 65838,Success,3
info: 65838,Success,3
info: 65839,Success,4
info: 65839,Success,4
info: 65839,Success,4
info: 65840,Success,4
info: 65840,Success,4
info: 65840,Success,4
info: 65841,Success,4
info: 65841,Success,4
info: 65841,Success,4
info: 65842,Success,3
info: 65842,Success,3
info: 65842,Success,4
info: 65843,Success,4
info: 65843,Success,4
info: 65843,Success,4
info: 65844,Success,8
info: 65844,Success,9
info: 65844,Success,9
info: 65845,Success,5
info: 65845,Success,5
info: 65845,Success,5
info: 65846,Success,4
info: 65846,Success,4
info: 65846,Success,4
info: 65847,Success,4
info: 65847,Success,4
info: 65847,Success,4
info: 65848,Success,3
info: 65848,Success,4
info: 65853,Success,3
info: 65854,Success,3
info: 65855,Success,3
info: 65856,Success,3
info: 65857,Success,3
info: 65858,Success,3
info: 65859,Success,3
info: 65860,Success,3
info: 65861,Success,4
info: 65862,Success,3
info: 65870,Success,3
info: 65871,Success,3
info: 65872,Success,2
info: 65873,Success,3
info: 65874,Success,2
info: 65875,Success,3
info: 65876,Success,4
info: 65877,Success,3
info: 65878,Success,2
info: 65886,Success,3
info: 65886,Success,4
info: 65886,Success,4
info: 65887,Success,3
info: 65887,Success,4
info: 65887,Success,4
info: 65888,Success,5
info: 65888,Success,6
info: 65888,Success,6
info: 65888,Success,6
info: 65889,Success,4
info: 65889,Success,4
info: 65889,Success,4
info: 65889,Success,4
info: 65890,Success,3
info: 65890,Success,4
info: 65890,Success,4
info: 65890,Success,4
info: 65891,Success,5
info: 65891,Success,5
info: 65891,Success,6
info: 65891,Success,6
info: 65892,Success,4
info: 65892,Success,4
info: 65892,Success,4
info: 65892,Success,5
info: 65892,Success,5
info: 65893,Success,5
info: 65893,Success,5
info: 65893,Success,5
info: 65893,Success,5
info: 65893,Success,6
info: 65894,Success,4
info: 65894,Success,4
info: 65894,Success,5
info: 65894,Success,5
info: 65894,Success,5
info: 65895,Success,4
info: 65895,Success,5
info: 65895,Success,5
info: 65895,Success,5
info: 65895,Success,5
info: 65896,Success,3
info: 65896,Success,4
info: 65896,Success,4
info: 65896,Success,4
info: 65897,Success,4
info: 65897,Success,4
info: 65898,Success,4
info: 65898,Success,4
info: 65899,Success,4
info: 65899,Success,6
info: 65900,Success,3
info: 65900,Success,4
info: 65901,Success,3
info: 65901,Success,4
info: 65902,Success,4
info: 65902,Success,5
info: 65903,Success,4
info: 65903,Success,4
info: 65909,Success,4
info: 65910,Success,2
info: 65911,Success,3
info: 65912,Success,3
info: 65913,Success,3
info: 65913,Success,4
info: 65914,Success,4
info: 65914,Success,4
info: 65915,Success,4
info: 65915,Success,4
info: 65916,Success,4
info: 65916,Success,4
info: 65916,Success,5
info: 65917,Success,3
info: 65917,Success,4
info: 65917,Success,4
info: 65918,Success,4
info: 65918,Success,4
info: 65918,Success,5
info: 65918,Success,6
info: 65919,Success,4
info: 65919,Success,4
info: 65919,Success,5
info: 65919,Success,5
info: 65920,Success,4
info: 65920,Success,4
info: 65920,Success,4
info: 65920,Success,4
info: 65920,Success,5
info: 65921,Success,7
info: 65921,Success,8
info: 65921,Success,8
info: 65921,Success,8
info: 65921,Success,8
info: 65921,Fail,9
info: 65922,Success,4
info: 65922,Success,4
info: 65922,Success,5
info: 65922,Success,5
info: 65922,Fail,5
info: 65922,Success,6
info: 65923,Success,5
info: 65923,Success,6
info: 65923,Fail,7
info: 65923,Success,7
info: 65923,Success,7
info: 65923,Fail,7
info: 65924,Success,4
info: 65924,Success,5
info: 65924,Success,7
info: 65924,Success,7
info: 65924,Success,7
info: 65924,Fail,7
info: 65925,Success,4
info: 65925,Success,4
info: 65925,Success,4
info: 65925,Success,5
info: 65925,Success,6
info: 65925,Fail,7
info: 65926,Success,5
info: 65926,Success,5
info: 65926,Success,5
info: 65926,Success,5
info: 65926,Success,6
info: 65927,Success,4
info: 65927,Success,4
info: 65927,Success,4
info: 65927,Success,5
info: 65928,Success,3
info: 65928,Success,3
info: 65928,Success,4
info: 65929,Success,3
info: 65929,Success,3
info: 65930,Success,3
info: 65931,Success,3
info: 65960,Success,3
info: 65961,Success,5
info: 65961,Success,5
info: 65962,Success,4
info: 65962,Success,4
info: 65963,Success,3
info: 65963,Success,3
info: 65964,Success,3
info: 65964,Success,4
info: 65964,Success,4
info: 65965,Success,5
info: 65965,Success,5
info: 65965,Success,5
info: 65965,Success,6
info: 65966,Success,4
info: 65966,Success,5
info: 65966,Success,5
info: 65966,Success,5
info: 65966,Success,5
info: 65967,Success,6
info: 65967,Success,6
info: 65967,Success,6
info: 65967,Success,7
info: 65967,Success,7
info: 65968,Success,6
info: 65968,Success,7
info: 65968,Success,7
info: 65968,Success,7
info: 65968,Success,7
info: 65968,Fail,8
info: 65969,Success,5
info: 65969,Success,5
info: 65969,Success,6
info: 65969,Success,6
info: 65969,Fail,7
info: 65969,Fail,7
info: 65969,Fail,8
info: 65970,Success,5
info: 65970,Success,5
info: 65970,Success,6
info: 65970,Success,6
info: 65970,Success,6
info: 65970,Fail,7
info: 65971,Success,4
info: 65971,Success,4
info: 65971,Success,6
info: 65971,Success,6
info: 65971,Success,7
info: 65971,Fail,7
info: 65972,Success,5
info: 65972,Success,5
info: 65972,Success,5
info: 65972,Success,6
info: 65972,Success,6
info: 65973,Success,6
info: 65973,Success,7
info: 65973,Success,7
info: 65973,Success,7
info: 65973,Success,7
info: 65974,Success,6
info: 65974,Success,6
info: 65974,Success,6
info: 65974,Success,7
info: 65974,Success,7
info: 65975,Success,4
info: 65975,Success,5
info: 65975,Success,5
info: 65975,Success,5
info: 65976,Success,3
info: 65976,Success,4
info: 65976,Success,4
info: 65977,Success,4
info: 65977,Success,4
info: 65978,Success,5
info: 65978,Success,6
info: 65979,Success,3
info: 65980,Success,3
info: 65999,Success,4
info: 66000,Success,5
info: 66001,Success,3
info: 66002,Success,3
info: 66002,Success,3
info: 66003,Success,3
info: 66003,Success,4
info: 66004,Success,3
info: 66004,Success,3
info: 66005,Success,4
info: 66005,Success,5
info: 66006,Success,5
info: 66006,Success,5
info: 66006,Success,5
info: 66007,Success,4
info: 66007,Success,5
info: 66007,Success,5
info: 66007,Success,5
info: 66008,Success,4
info: 66008,Success,4
info: 66008,Success,4
info: 66009,Success,3
info: 66009,Success,4
info: 66009,Success,4
info: 66010,Success,4
info: 66010,Success,4
info: 66011,Success,3
info: 66011,Success,3
info: 66012,Success,3
info: 66012,Success,3
info: 66013,Success,4
info: 66013,Success,4
info: 66014,Success,3
info: 66014,Success,4
info: 66014,Success,4
info: 66015,Success,4
info: 66015,Success,5
info: 66015,Success,5
info: 66016,Success,4
info: 66016,Success,4
info: 66017,Success,4
info: 66018,Success,3
info: 66019,Success,3
info: 66020,Success,3
info: 66021,Success,4
info: 66021,Success,4
info: 66022,Success,4
info: 66022,Success,4
info: 66022,Success,5
info: 66023,Success,4
info: 66023,Success,4
info: 66024,Success,3
info: 66024,Success,3
info: 66025,Success,4
info: 66025,Success,4
info: 66026,Success,3
info: 66026,Success,3
info: 66027,Success,4
info: 66027,Success,4
info: 66028,Success,3
info: 66028,Success,3
info: 66029,Success,3
info: 66029,Success,4
info: 66030,Success,4
info: 66030,Success,4
info: 66031,Success,4
info: 66032,Success,3
info: 66033,Success,4
info: 66034,Success,3
info: 66035,Success,6
info: 66036,Success,3
info: 66037,Success,5
info: 66038,Success,3
info: 66039,Success,3
info: 66050,Success,3
info: 66051,Success,3
info: 66052,Success,3
info: 66052,Success,4
info: 66052,Success,5
info: 66053,Success,4
info: 66053,Success,5
info: 66053,Success,5
info: 66054,Success,4
info: 66054,Success,4
info: 66054,Success,5
info: 66055,Success,4
info: 66055,Success,4
info: 66055,Success,5
info: 66056,Success,3
info: 66056,Success,4
info: 66056,Success,4
info: 66057,Success,3
info: 66057,Success,4
info: 66057,Success,4
info: 66058,Success,4
info: 66058,Success,4
info: 66058,Success,4
info: 66059,Success,3
info: 66059,Success,4
info: 66060,Success,3
info: 66060,Success,4
info: 66061,Success,4
info: 66061,Success,4
info: 66066,Success,3
info: 66067,Success,3
info: 66068,Success,3
info: 66069,Success,4
info: 66069,Success,4
info: 66070,Success,4
info: 66070,Success,7
info: 66071,Success,4
info: 66071,Success,5
info: 66072,Success,5
info: 66072,Success,5
info: 66073,Success,4
info: 66073,Success,4
info: 66074,Success,3
info: 66074,Success,3
info: 66075,Success,4
info: 66075,Success,4
info: 66076,Success,3
info: 66077,Success,3
info: 66079,Success,4
info: 66080,Success,3
info: 66080,Success,5
info: 66081,Success,3
info: 66081,Success,4
info: 66082,Success,3
info: 66082,Success,3
info: 66083,Success,3
info: 66083,Success,3
info: 66084,Success,3
info: 66084,Success,3
info: 66085,Success,3
info: 66085,Success,3
info: 66086,Success,3
info: 66086,Success,4
info: 66087,Success,4
info: 66087,Success,4
info: 66088,Success,3
info: 66088,Success,3
info: 66096,Success,3
info: 66097,Success,3
info: 66098,Success,3
info: 66099,Success,4
info: 66100,Success,3
info: 66101,Success,4
info: 66101,Success,4
info: 66102,Success,3
info: 66102,Success,4
info: 66103,Success,4
info: 66103,Success,5
info: 66103,Success,5
info: 66104,Success,4
info: 66104,Success,4
info: 66104,Success,4
info: 66104,Success,4
info: 66104,Success,5
info: 66105,Success,4
info: 66105,Success,4
info: 66105,Success,4
info: 66105,Success,4
info: 66105,Success,4
info: 66106,Success,4
info: 66106,Success,5
info: 66106,Success,5
info: 66106,Success,5
info: 66106,Success,5
info: 66106,Fail,5
info: 66107,Success,7
info: 66107,Success,7
info: 66107,Success,8
info: 66107,Success,8
info: 66107,Success,8
info: 66108,Success,4
info: 66108,Success,4
info: 66108,Success,4
info: 66108,Success,5
info: 66108,Fail,5
info: 66109,Success,4
info: 66109,Success,4
info: 66109,Success,4
info: 66109,Success,5
info: 66109,Success,5
info: 66110,Success,4
info: 66110,Success,4
info: 66110,Success,5
info: 66110,Success,5
info: 66110,Success,5
info: 66111,Success,8
info: 66111,Success,8
info: 66111,Success,8
info: 66111,Success,8
info: 66111,Success,9
info: 66111,Fail,9
info: 66112,Success,5
info: 66112,Success,5
info: 66112,Success,5
info: 66112,Success,6
info: 66113,Success,3
info: 66113,Success,4
info: 66113,Success,4
info: 66114,Success,3
info: 66114,Success,4
info: 66115,Success,3
info: 66115,Success,4
info: 66116,Success,3
info: 66117,Success,3
info: 66118,Success,2
info: 66119,Success,3
info: 66120,Success,3
info: 66121,Success,3
info: 66130,Success,4
info: 66131,Success,4
info: 66132,Success,3
info: 66133,Success,6
info: 66134,Success,3
info: 66135,Success,4
info: 66136,Success,3
info: 66137,Success,3
info: 66138,Success,3
info: 66156,Success,4
info: 66156,Success,4
info: 66157,Success,3
info: 66157,Success,4
info: 66157,Success,4
info: 66158,Success,3
info: 66158,Success,4
info: 66158,Success,4
info: 66159,Success,5
info: 66159,Success,5
info: 66159,Success,5
info: 66159,Success,6
info: 66160,Success,3
info: 66160,Success,4
info: 66160,Success,4
info: 66160,Success,4
info: 66161,Success,5
info: 66161,Success,5
info: 66161,Success,6
info: 66161,Success,6
info: 66162,Success,4
info: 66162,Success,4
info: 66162,Success,4
info: 66162,Success,4
info: 66162,Success,7
info: 66163,Success,4
info: 66163,Success,6
info: 66163,Success,7
info: 66163,Success,8
info: 66163,Success,8
info: 66164,Success,4
info: 66164,Success,5
info: 66164,Success,5
info: 66164,Success,5
info: 66164,Success,5
info: 66165,Success,4
info: 66165,Success,5
info: 66165,Success,5
info: 66165,Success,5
info: 66165,Success,5
info: 66166,Success,4
info: 66166,Success,5
info: 66166,Success,5
info: 66166,Success,5
info: 66166,Success,6
info: 66166,Fail,6
info: 66167,Success,4
info: 66167,Success,4
info: 66167,Success,4
info: 66167,Success,4
info: 66167,Fail,5
info: 66168,Success,4
info: 66168,Success,4
info: 66168,Success,5
info: 66168,Success,5
info: 66168,Success,6
info: 66169,Success,3
info: 66169,Success,4
info: 66169,Success,4
info: 66169,Success,4
info: 66170,Success,4
info: 66170,Success,4
info: 66170,Success,5
info: 66170,Success,5
info: 66171,Success,5
info: 66171,Success,6
info: 66171,Success,6
info: 66171,Success,7
info: 66172,Success,3
info: 66172,Success,4
info: 66172,Success,4
info: 66173,Success,4
info: 66173,Success,5
info: 66173,Success,5
info: 66174,Success,4
info: 66174,Success,4
info: 66174,Success,4
info: 66175,Success,4
info: 66175,Success,5
info: 66176,Success,3
info: 66184,Success,3
info: 66185,Success,3
info: 66186,Success,3
info: 66187,Success,3
info: 66188,Success,3
info: 66189,Success,3
info: 66190,Success,2
info: 66191,Success,3
info: 66192,Success,3
info: 66193,Success,4
info: 66217,Success,4
info: 66218,Success,4
info: 66219,Success,3
info: 66220,Success,3
info: 66221,Success,3
info: 66221,Success,4
info: 66222,Success,3
info: 66222,Success,3
info: 66223,Success,5
info: 66223,Success,5
info: 66224,Success,3
info: 66224,Success,4
info: 66225,Success,5
info: 66225,Success,5
info: 66226,Success,4
info: 66226,Success,5
info: 66227,Success,3
info: 66228,Success,3
info: 66229,Success,3
info: 66230,Success,2
info: 66246,Success,3
info: 66247,Success,4
info: 66248,Success,3
info: 66248,Success,3
info: 66249,Success,3
info: 66249,Success,4
info: 66250,Success,3
info: 66250,Success,3
info: 66251,Success,5
info: 66251,Success,6
info: 66252,Success,4
info: 66252,Success,4
info: 66253,Success,4
info: 66253,Success,4
info: 66254,Success,3
info: 66254,Success,3
info: 66255,Success,3
info: 66256,Success,3
info: 66257,Success,3
info: 66257,Success,3
info: 66258,Success,3
info: 66259,Success,3
info: 66260,Success,4
info: 66261,Success,2
info: 66262,Success,2
info: 66263,Success,3
info: 66264,Success,3
info: 66265,Success,3
info: 66266,Success,3
info: 66268,Success,8
info: 66269,Success,3
info: 66270,Success,3
info: 66271,Success,5
info: 66272,Success,2
info: 66273,Success,2
info: 66274,Success,3
info: 66275,Success,2
info: 66276,Success,2
info: 66277,Success,3
info: 66278,Success,2
info: 66279,Success,3
info: 66280,Success,2
info: 66312,Success,3
info: 66313,Success,2
info: 66314,Success,3
info: 66315,Success,4
info: 66316,Success,3
info: 66317,Success,3
info: 66318,Success,3
info: 66319,Success,3
info: 66320,Success,3
info: 66321,Success,2
info: 66336,Success,3
info: 66337,Success,3
info: 66338,Success,3
info: 66339,Success,4
info: 66340,Success,3
info: 66341,Success,3
info: 66342,Success,4
info: 66343,Success,3
info: 66344,Success,2
info: 66345,Success,3
info: 66346,Success,2
info: 66372,Success,4
info: 66373,Success,3
info: 66374,Success,2
info: 66375,Success,3
info: 66376,Success,2
info: 66377,Success,3
info: 66378,Success,3
info: 66379,Success,3
info: 66380,Success,3
info: 66381,Success,3
info: 66382,Success,4
info: 66383,Success,3
info: 66409,Success,4
info: 66410,Success,3
info: 66411,Success,4
info: 66411,Success,4
info: 66412,Success,4
info: 66412,Success,4
info: 66413,Success,4
info: 66413,Success,4
info: 66414,Success,3
info: 66414,Success,4
info: 66415,Success,5
info: 66415,Success,5
info: 66416,Success,3
info: 66416,Success,3
info: 66417,Success,3
info: 66417,Success,4
info: 66418,Success,3
info: 66418,Success,4
info: 66419,Success,3
info: 66420,Success,3
info: 66421,Success,3
info: 66456,Success,4
info: 66457,Success,3
info: 66458,Success,3
info: 66458,Success,4
info: 66459,Success,3
info: 66459,Success,4
info: 66459,Success,4
info: 66460,Success,3
info: 66460,Success,3
info: 66460,Success,4
info: 66460,Success,4
info: 66461,Success,4
info: 66461,Success,4
info: 66461,Success,6
info: 66461,Success,6
info: 66462,Success,3
info: 66462,Success,3
info: 66462,Success,4
info: 66462,Success,4
info: 66463,Success,4
info: 66463,Success,4
info: 66463,Success,4
info: 66463,Success,5
info: 66464,Success,3
info: 66464,Success,4
info: 66464,Success,4
info: 66465,Success,6
info: 66465,Success,6
info: 66465,Success,6
info: 66465,Success,6
info: 66466,Success,3
info: 66466,Success,4
info: 66466,Success,4
info: 66466,Success,4
info: 66467,Success,4
info: 66467,Success,5
info: 66467,Success,5
info: 66468,Success,3
info: 66468,Success,3
info: 66468,Success,3
info: 66469,Success,3
info: 66469,Success,3
info: 66470,Success,2
info: 66471,Success,3
info: 66472,Success,3
info: 66473,Success,2
info: 66511,Success,4
info: 66512,Success,3
info: 66513,Success,3
info: 66514,Success,3
info: 66515,Success,3
info: 66516,Success,3
info: 66516,Success,4
info: 66516,Success,4
info: 66517,Success,4
info: 66517,Success,4
info: 66517,Success,4
info: 66518,Success,4
info: 66518,Success,4
info: 66518,Success,4
info: 66518,Success,5
info: 66519,Success,5
info: 66519,Success,5
info: 66519,Success,6
info: 66519,Success,6
info: 66520,Success,3
info: 66520,Success,4
info: 66520,Success,4
info: 66520,Success,4
info: 66521,Success,3
info: 66521,Success,3
info: 66521,Success,3
info: 66522,Success,4
info: 66522,Success,4
info: 66522,Success,4
info: 66522,Success,4
info: 66523,Success,4
info: 66523,Success,4
info: 66523,Success,5
info: 66523,Success,5
info: 66524,Success,6
info: 66524,Success,6
info: 66524,Success,6
info: 66524,Success,6
info: 66524,Success,7
info: 66525,Success,4
info: 66525,Success,4
info: 66525,Success,4
info: 66525,Success,6
info: 66525,Success,6
info: 66526,Success,4
info: 66526,Success,4
info: 66526,Success,4
info: 66526,Success,4
info: 66526,Success,4
info: 66527,Success,4
info: 66527,Success,4
info: 66527,Success,4
info: 66528,Success,3
info: 66528,Success,3
info: 66528,Success,3
info: 66529,Success,5
info: 66529,Success,5
info: 66529,Success,6
info: 66530,Success,3
info: 66530,Success,4
info: 66531,Success,3
info: 66531,Success,3
info: 66532,Success,2
info: 66533,Success,3
info: 66534,Success,3
info: 66550,Success,4
info: 66551,Success,2
info: 66552,Success,4
info: 66552,Success,4
info: 66553,Success,4
info: 66553,Success,5
info: 66554,Success,3
info: 66554,Success,3
info: 66555,Success,3
info: 66555,Success,4
info: 66556,Success,3
info: 66556,Success,3
info: 66557,Success,3
info: 66557,Success,3
info: 66558,Success,4
info: 66558,Success,4
info: 66559,Success,5
info: 66559,Success,5
info: 66560,Success,3
info: 66561,Success,3
info: 66582,Success,3
info: 66583,Success,3
info: 66584,Success,3
info: 66585,Success,3
info: 66586,Success,3
info: 66587,Success,3
info: 66588,Success,2
info: 66589,Success,3
info: 66590,Success,3
info: 66602,Success,3
info: 66603,Success,3
info: 66604,Success,2
info: 66605,Success,3
info: 66606,Success,3
info: 66606,Success,3
info: 66607,Success,3
info: 66607,Success,4
info: 66608,Success,3
info: 66608,Success,3
info: 66609,Success,3
info: 66609,Success,3
info: 66610,Success,3
info: 66611,Success,5
info: 66612,Success,3
info: 66613,Success,3
info: 66614,Success,3
info: 66632,Success,3
info: 66633,Success,3
info: 66633,Success,3
info: 66634,Success,3
info: 66634,Success,4
info: 66634,Success,4
info: 66635,Success,4
info: 66635,Success,4
info: 66635,Success,4
info: 66636,Success,3
info: 66636,Success,3
info: 66636,Success,3
info: 66637,Success,4
info: 66637,Success,5
info: 66637,Success,5
info: 66638,Success,3
info: 66638,Success,4
info: 66638,Success,4
info: 66639,Success,3
info: 66639,Success,4
info: 66639,Success,4
info: 66640,Success,3
info: 66640,Success,3
info: 66640,Success,4
info: 66641,Success,3
info: 66641,Success,4
info: 66642,Success,4
info: 66643,Success,3
info: 66643,Success,3
info: 66644,Success,3
info: 66645,Success,3
info: 66646,Success,2
info: 66647,Success,3
info: 66648,Success,3
info: 66649,Success,3
info: 66650,Success,5
info: 66651,Success,3
info: 66652,Success,3
info: 66652,Success,3
info: 66653,Success,3
info: 66654,Success,3
info: 66655,Success,3
info: 66656,Success,3
info: 66656,Success,4
info: 66657,Success,3
info: 66657,Success,3
info: 66658,Success,3
info: 66658,Success,3
info: 66659,Success,4
info: 66659,Success,4
info: 66660,Success,3
info: 66660,Success,3
info: 66661,Success,3
info: 66662,Success,3
info: 66663,Success,3
info: 66664,Success,3
info: 66679,Success,4
info: 66680,Success,3
info: 66681,Success,3
info: 66682,Success,3
info: 66683,Success,3
info: 66684,Success,3
info: 66685,Success,3
info: 66686,Success,2
info: 66716,Success,3
info: 66717,Success,4
info: 66717,Success,5
info: 66718,Success,3
info: 66718,Success,3
info: 66719,Success,3
info: 66719,Success,4
info: 66719,Success,4
info: 66720,Success,3
info: 66720,Success,5
info: 66720,Success,5
info: 66720,Success,5
info: 66721,Success,5
info: 66721,Success,5
info: 66721,Success,5
info: 66721,Success,5
info: 66721,Success,6
info: 66722,Success,6
info: 66722,Success,6
info: 66722,Success,6
info: 66722,Success,6
info: 66722,Success,7
info: 66723,Success,5
info: 66723,Success,5
info: 66723,Success,5
info: 66723,Success,5
info: 66723,Success,6
info: 66724,Success,5
info: 66724,Success,5
info: 66724,Success,5
info: 66724,Success,5
info: 66724,Success,7
info: 66725,Success,3
info: 66725,Success,3
info: 66725,Success,4
info: 66725,Success,4
info: 66726,Success,4
info: 66726,Success,4
info: 66726,Success,4
info: 66726,Success,4
info: 66727,Success,4
info: 66727,Success,4
info: 66727,Success,4
info: 66727,Success,4
info: 66728,Success,4
info: 66728,Success,4
info: 66728,Success,4
info: 66728,Success,5
info: 66729,Success,6
info: 66729,Success,6
info: 66729,Success,7
info: 66729,Success,7
info: 66730,Success,4
info: 66730,Success,4
info: 66730,Success,4
info: 66730,Success,5
info: 66730,Success,5
info: 66731,Success,6
info: 66731,Success,7
info: 66731,Success,7
info: 66732,Success,4
info: 66732,Success,5
info: 66732,Success,5
info: 66733,Success,4
info: 66733,Success,4
info: 66733,Success,7
info: 66734,Success,4
info: 66734,Success,4
info: 66734,Success,4
info: 66735,Success,5
info: 66735,Success,5
info: 66735,Success,5
info: 66736,Success,3
info: 66736,Success,4
info: 66736,Success,4
info: 66737,Success,3
info: 66737,Success,3
info: 66738,Success,3
info: 66738,Success,3
info: 66739,Success,3
info: 66745,Success,4
info: 66746,Success,2
info: 66747,Success,4
info: 66748,Success,3
info: 66749,Success,3
info: 66750,Success,3
info: 66751,Success,2
info: 66752,Success,3
info: 66753,Success,5
info: 66754,Success,3
info: 66786,Success,4
info: 66786,Success,4
info: 66787,Success,3
info: 66787,Success,3
info: 66788,Success,3
info: 66788,Success,4
info: 66788,Success,4
info: 66789,Success,3
info: 66789,Success,4
info: 66789,Success,4
info: 66790,Success,2
info: 66790,Success,3
info: 66790,Success,3
info: 66791,Success,3
info: 66791,Success,5
info: 66791,Success,5
info: 66792,Success,3
info: 66792,Success,4
info: 66792,Success,4
info: 66793,Success,4
info: 66793,Success,4
info: 66793,Success,4
info: 66794,Success,3
info: 66794,Success,4
info: 66794,Success,4
info: 66794,Success,5
info: 66795,Success,5
info: 66795,Success,5
info: 66795,Success,5
info: 66795,Success,5
info: 66796,Success,3
info: 66796,Success,4
info: 66796,Success,4
info: 66797,Success,3
info: 66797,Success,3
info: 66798,Success,3
info: 66798,Success,3
info: 66799,Success,3
info: 66800,Success,4
info: 66801,Success,4
info: 66802,Success,4
info: 66803,Success,3
info: 66804,Success,3
info: 66815,Success,3
info: 66816,Success,3
info: 66817,Success,4
info: 66817,Success,5
info: 66817,Success,6
info: 66818,Success,4
info: 66818,Success,4
info: 66818,Success,4
info: 66819,Success,5
info: 66819,Success,6
info: 66819,Success,6
info: 66819,Success,6
info: 66820,Success,4
info: 66820,Success,4
info: 66820,Success,4
info: 66820,Success,4
info: 66821,Success,6
info: 66821,Success,6
info: 66821,Success,6
info: 66821,Success,6
info: 66821,Success,6
info: 66822,Success,4
info: 66822,Success,5
info: 66822,Success,5
info: 66822,Success,5
info: 66822,Success,5
info: 66823,Success,4
info: 66823,Success,5
info: 66823,Success,5
info: 66823,Success,5
info: 66823,Success,5
info: 66824,Success,4
info: 66824,Success,4
info: 66824,Success,4
info: 66824,Success,5
info: 66824,Success,5
info: 66825,Success,4
info: 66825,Success,4
info: 66825,Success,4
info: 66825,Success,4
info: 66825,Fail,5
info: 66826,Success,5
info: 66826,Success,5
info: 66826,Success,5
info: 66826,Success,5
info: 66827,Success,3
info: 66827,Success,4
info: 66827,Success,4
info: 66828,Success,4
info: 66828,Success,4
info: 66828,Success,4
info: 66829,Success,3
info: 66829,Success,4
info: 66830,Success,2
info: 66831,Success,5
info: 66831,Success,5
info: 66831,Success,5
info: 66832,Success,3
info: 66832,Success,3
info: 66832,Success,4
info: 66833,Success,3
info: 66833,Success,4
info: 66833,Success,4
info: 66834,Success,3
info: 66834,Success,3
info: 66834,Success,4
info: 66835,Success,5
info: 66835,Success,5
info: 66835,Success,6
info: 66836,Success,6
info: 66836,Success,6
info: 66837,Success,3
info: 66837,Success,3
info: 66838,Success,3
info: 66838,Success,3
info: 66839,Success,4
info: 66839,Success,4
info: 66840,Success,3
info: 66840,Success,3
info: 66841,Success,3
info: 66849,Success,3
info: 66850,Success,3
info: 66851,Success,2
info: 66852,Success,3
info: 66852,Success,4
info: 66853,Success,3
info: 66853,Success,3
info: 66854,Success,6
info: 66854,Success,7
info: 66855,Success,3
info: 66855,Success,3
info: 66856,Success,3
info: 66856,Success,3
info: 66857,Success,3
info: 66857,Success,4
info: 66858,Success,3
info: 66858,Success,4
info: 66859,Success,3
info: 66860,Success,3
info: 66861,Success,4
info: 66874,Success,3
info: 66875,Success,3
info: 66876,Success,3
info: 66877,Success,3
info: 66878,Success,3
info: 66879,Success,5
info: 66879,Success,5
info: 66880,Success,4
info: 66880,Success,4
info: 66881,Success,3
info: 66881,Success,4
info: 66882,Success,3
info: 66882,Success,3
info: 66883,Success,3
info: 66883,Success,3
info: 66884,Success,3
info: 66884,Success,3
info: 66885,Success,3
info: 66886,Success,2
info: 66887,Success,2
info: 66911,Success,4
info: 66911,Success,6
info: 66912,Success,3
info: 66912,Success,4
info: 66913,Success,3
info: 66913,Success,4
info: 66914,Success,4
info: 66914,Success,4
info: 66914,Success,5
info: 66915,Success,3
info: 66915,Success,3
info: 66915,Success,3
info: 66916,Success,3
info: 66916,Success,5
info: 66916,Success,5
info: 66917,Success,3
info: 66917,Success,3
info: 66917,Success,4
info: 66918,Success,4
info: 66918,Success,4
info: 66918,Success,4
info: 66919,Success,4
info: 66919,Success,4
info: 66919,Success,4
info: 66920,Success,3
info: 66920,Success,4
info: 66920,Success,4
info: 66921,Success,3
info: 66921,Success,3
info: 66921,Success,4
info: 66922,Success,4
info: 66922,Success,4
info: 66923,Success,3
info: 66923,Success,3
info: 66924,Success,4
info: 66925,Success,3
info: 66926,Success,2
info: 66941,Success,3
info: 66942,Success,3
info: 66943,Success,3
info: 66944,Success,2
info: 66945,Success,3
info: 66946,Success,3
info: 66947,Success,4
info: 66948,Success,4
info: 66949,Success,3
info: 66950,Success,3
info: 66951,Success,3
info: 66957,Success,3
info: 66958,Success,3
info: 66959,Success,3
info: 66960,Success,3
info: 66961,Success,3
info: 66962,Success,4
info: 66963,Success,2
info: 66964,Success,3
info: 66965,Success,3
info: 66966,Success,4
info: 66966,Success,4
info: 66966,Success,4
info: 66967,Success,3
info: 66967,Success,4
info: 66967,Success,4
info: 66968,Success,4
info: 66968,Success,5
info: 66968,Success,5
info: 66968,Success,5
info: 66969,Success,5
info: 66969,Success,6
info: 66969,Success,6
info: 66969,Success,6
info: 66970,Success,4
info: 66970,Success,4
info: 66970,Success,4
info: 66970,Success,5
info: 66970,Success,5
info: 66971,Success,5
info: 66971,Success,6
info: 66971,Success,6
info: 66971,Success,6
info: 66971,Success,6
info: 66972,Success,4
info: 66972,Success,4
info: 66972,Success,5
info: 66972,Success,5
info: 66972,Success,5
info: 66973,Success,4
info: 66973,Success,4
info: 66973,Success,4
info: 66973,Success,5
info: 66973,Success,5
info: 66974,Success,3
info: 66974,Success,4
info: 66974,Success,4
info: 66974,Success,4
info: 66974,Success,4
info: 66975,Success,4
info: 66975,Success,4
info: 66975,Success,5
info: 66975,Success,5
info: 66975,Success,5
info: 66976,Success,4
info: 66976,Success,4
info: 66976,Success,5
info: 66976,Success,5
info: 66977,Success,4
info: 66977,Success,4
info: 66977,Success,4
info: 66977,Success,5
info: 66978,Success,4
info: 66978,Success,5
info: 66978,Success,5
info: 66978,Success,5
info: 66979,Success,3
info: 66979,Success,3
info: 66979,Success,3
info: 66980,Success,6
info: 66980,Success,6
info: 66980,Success,6
info: 66981,Success,3
info: 66982,Success,3
info: 66982,Success,3
info: 66983,Success,3
info: 66983,Success,4
info: 66984,Success,3
info: 66984,Success,3
info: 66985,Success,4
info: 66985,Success,4
info: 66986,Success,3
info: 66986,Success,4
info: 66987,Success,4
info: 66987,Success,4
info: 66988,Success,3
info: 66988,Success,3
info: 66989,Success,3
info: 66989,Success,3
info: 66990,Success,3
info: 66990,Success,3
info: 66991,Success,3
info: 66991,Success,3
info: 66992,Success,3
info: 66993,Success,3
info: 67029,Success,3
info: 67030,Success,3
info: 67031,Success,2
info: 67032,Success,3
info: 67033,Success,3
info: 67034,Success,2
info: 67035,Success,3
info: 67036,Success,3
info: 67036,Success,3
info: 67037,Success,3
info: 67037,Success,3
info: 67038,Success,3
info: 67038,Success,3
info: 67038,Success,3
info: 67039,Success,4
info: 67039,Success,4
info: 67039,Success,4
info: 67040,Success,3
info: 67040,Success,3
info: 67040,Success,3
info: 67041,Success,5
info: 67041,Success,5
info: 67041,Success,5
info: 67042,Success,3
info: 67042,Success,3
info: 67042,Success,4
info: 67043,Success,4
info: 67043,Success,4
info: 67043,Success,4
info: 67044,Success,3
info: 67044,Success,4
info: 67044,Success,4
info: 67045,Success,4
info: 67045,Success,4
info: 67045,Success,5
info: 67046,Success,3
info: 67046,Success,3
info: 67046,Success,4
info: 67047,Success,3
info: 67048,Success,3
info: 67064,Success,6
info: 67065,Success,3
info: 67066,Success,2
info: 67066,Success,3
info: 67067,Success,3
info: 67067,Success,3
info: 67068,Success,3
info: 67068,Success,4
info: 67068,Success,4
info: 67069,Success,3
info: 67069,Success,3
info: 67069,Success,3
info: 67069,Success,4
info: 67070,Success,3
info: 67070,Success,4
info: 67070,Success,4
info: 67070,Success,4
info: 67071,Success,3
info: 67071,Success,4
info: 67071,Success,4
info: 67071,Success,4
info: 67072,Success,4
info: 67072,Success,4
info: 67072,Success,4
info: 67072,Success,4
info: 67073,Success,3
info: 67073,Success,3
info: 67073,Success,3
info: 67073,Success,3
info: 67074,Success,4
info: 67074,Success,5
info: 67074,Success,5
info: 67075,Success,4
info: 67075,Success,4
info: 67075,Success,4
info: 67076,Success,3
info: 67076,Success,3
info: 67077,Success,4
info: 67077,Success,4
info: 67078,Success,4
info: 67079,Success,3
info: 67088,Success,3
info: 67089,Success,2
info: 67090,Success,3
info: 67091,Success,3
info: 67091,Success,3
info: 67092,Success,4
info: 67092,Success,4
info: 67093,Success,4
info: 67093,Success,4
info: 67093,Success,6
info: 67094,Success,3
info: 67094,Success,4
info: 67094,Success,4
info: 67095,Success,3
info: 67095,Success,4
info: 67095,Success,4
info: 67096,Success,5
info: 67096,Success,5
info: 67096,Success,5
info: 67097,Success,3
info: 67097,Success,4
info: 67098,Success,3
info: 67098,Success,3
info: 67099,Success,3
info: 67099,Success,4
info: 67100,Success,3
info: 67100,Success,4
info: 67101,Success,5
info: 67101,Success,6
info: 67102,Success,3
info: 67103,Success,4
info: 67104,Success,3
info: 67113,Success,3
info: 67114,Success,3
info: 67115,Success,2
info: 67116,Success,3
info: 67117,Success,3
info: 67118,Success,3
info: 67119,Success,3
info: 67120,Success,4
info: 67121,Success,3
info: 67122,Success,3
info: 67139,Success,3
info: 67140,Success,3
info: 67141,Success,4
info: 67141,Success,5
info: 67142,Success,4
info: 67142,Success,4
info: 67143,Success,3
info: 67143,Success,3
info: 67144,Success,3
info: 67144,Success,4
info: 67145,Success,3
info: 67145,Success,4
info: 67146,Success,3
info: 67146,Success,4
info: 67147,Success,3
info: 67147,Success,4
info: 67148,Success,3
info: 67148,Success,3
info: 67149,Success,3
info: 67149,Success,3
info: 67150,Success,3
info: 67162,Success,4
info: 67162,Success,5
info: 67163,Success,3
info: 67163,Success,4
info: 67163,Success,4
info: 67164,Success,4
info: 67164,Success,4
info: 67164,Success,4
info: 67165,Success,3
info: 67165,Success,3
info: 67165,Success,3
info: 67166,Success,4
info: 67166,Success,4
info: 67166,Success,4
info: 67167,Success,5
info: 67167,Success,5
info: 67167,Success,5
info: 67168,Success,3
info: 67168,Success,3
info: 67168,Success,4
info: 67169,Success,5
info: 67169,Success,5
info: 67169,Success,5
info: 67170,Success,4
info: 67170,Success,4
info: 67170,Success,4
info: 67171,Success,3
info: 67214,Success,3
info: 67215,Success,3
info: 67216,Success,3
info: 67216,Success,3
info: 67217,Success,3
info: 67217,Success,4
info: 67218,Success,3
info: 67218,Success,3
info: 67219,Success,4
info: 67219,Success,4
info: 67220,Success,4
info: 67220,Success,4
info: 67221,Success,4
info: 67221,Success,4
info: 67222,Success,3
info: 67222,Success,4
info: 67223,Success,3
info: 67223,Success,3
info: 67224,Success,3
info: 67225,Success,3
info: 67226,Success,3
info: 67243,Success,4
info: 67244,Success,3
info: 67245,Success,3
info: 67246,Success,3
info: 67247,Success,3
info: 67248,Success,3
info: 67249,Success,2
info: 67250,Success,3
info: 67251,Success,4
info: 67252,Success,3
info: 67253,Success,4
info: 67255,Success,3
info: 67256,Success,3
info: 67257,Success,3
info: 67258,Success,2
info: 67259,Success,3
info: 67260,Success,2
info: 67261,Success,3
info: 67262,Success,3
info: 67263,Success,3
info: 67264,Success,3
info: 67265,Success,3
info: 67312,Success,4
info: 67312,Success,4
info: 67313,Success,4
info: 67313,Success,4
info: 67314,Success,3
info: 67314,Success,4
info: 67314,Success,4
info: 67315,Success,4
info: 67315,Success,5
info: 67315,Success,5
info: 67315,Success,5
info: 67316,Success,5
info: 67316,Success,5
info: 67316,Success,6
info: 67316,Success,6
info: 67317,Success,4
info: 67317,Success,4
info: 67317,Success,4
info: 67317,Success,4
info: 67318,Success,3
info: 67318,Success,4
info: 67318,Success,4
info: 67318,Success,4
info: 67319,Success,5
info: 67319,Success,5
info: 67319,Success,5
info: 67319,Success,5
info: 67320,Success,4
info: 67320,Success,4
info: 67320,Success,4
info: 67320,Success,4
info: 67321,Success,3
info: 67321,Success,3
info: 67321,Success,3
info: 67322,Success,3
info: 67322,Success,4
info: 67323,Success,3
info: 67323,Success,5
info: 67326,Success,3
info: 67327,Success,3
info: 67328,Success,3
info: 67329,Success,3
info: 67330,Success,2
info: 67331,Success,3
info: 67332,Success,3
info: 67333,Success,3
info: 67333,Success,3
info: 67334,Success,5
info: 67334,Success,5
info: 67335,Success,3
info: 67335,Success,3
info: 67336,Success,3
info: 67336,Success,3
info: 67337,Success,3
info: 67338,Success,4
info: 67339,Success,3
info: 67339,Success,4
info: 67340,Success,4
info: 67340,Success,4
info: 67341,Success,5
info: 67341,Success,6
info: 67342,Success,3
info: 67342,Success,4
info: 67343,Success,3
info: 67343,Success,4
info: 67344,Success,4
info: 67344,Success,4
info: 67345,Success,3
info: 67346,Success,3
info: 67347,Success,3
info: 67348,Success,3
info: 67356,Success,3
info: 67357,Success,3
info: 67358,Success,3
info: 67359,Success,2
info: 67360,Success,3
info: 67360,Success,4
info: 67361,Success,4
info: 67361,Success,4
info: 67361,Success,4
info: 67362,Success,4
info: 67362,Success,4
info: 67362,Success,4
info: 67363,Success,3
info: 67363,Success,4
info: 67363,Success,4
info: 67363,Success,5
info: 67364,Success,3
info: 67364,Success,4
info: 67364,Success,4
info: 67364,Success,4
info: 67365,Success,4
info: 67365,Success,4
info: 67365,Success,4
info: 67365,Success,5
info: 67365,Success,5
info: 67366,Success,3
info: 67366,Success,4
info: 67366,Success,4
info: 67366,Success,4
info: 67367,Success,4
info: 67367,Success,4
info: 67367,Success,4
info: 67367,Success,5
info: 67367,Success,5
info: 67368,Success,4
info: 67368,Success,4
info: 67368,Success,5
info: 67368,Success,6
info: 67368,Success,6
info: 67369,Success,4
info: 67369,Success,4
info: 67369,Success,5
info: 67369,Success,5
info: 67369,Success,5
info: 67370,Success,3
info: 67370,Success,4
info: 67370,Success,4
info: 67370,Success,4
info: 67371,Success,4
info: 67371,Success,5
info: 67371,Success,5
info: 67371,Success,5
info: 67372,Success,3
info: 67372,Success,4
info: 67372,Success,4
info: 67373,Success,3
info: 67373,Success,3
info: 67374,Success,3
info: 67374,Success,3
info: 67375,Success,4
info: 67375,Success,5
info: 67376,Success,3
info: 67377,Success,3
info: 67387,Success,3
info: 67388,Success,3
info: 67389,Success,4
info: 67390,Success,2
info: 67391,Success,3
info: 67392,Success,3
info: 67393,Success,3
info: 67394,Success,3
info: 67395,Success,3
info: 67396,Success,3
info: 67416,Success,4
info: 67416,Success,4
info: 67417,Success,4
info: 67417,Success,4
info: 67418,Success,4
info: 67418,Success,4
info: 67418,Success,4
info: 67418,Success,5
info: 67418,Success,5
info: 67419,Success,6
info: 67419,Success,6
info: 67419,Success,6
info: 67419,Success,7
info: 67419,Success,7
info: 67419,Fail,7
info: 67419,Fail,10
info: 67420,Success,4
info: 67420,Success,5
info: 67420,Success,5
info: 67420,Success,5
info: 67420,Success,5
info: 67420,Fail,5
info: 67420,Fail,6
info: 67421,Success,7
info: 67421,Success,7
info: 67421,Success,7
info: 67421,Success,7
info: 67421,Success,8
info: 67421,Fail,8
info: 67421,Fail,9
info: 67421,Fail,9
info: 67422,Success,6
info: 67422,Success,6
info: 67422,Success,7
info: 67422,Success,7
info: 67422,Success,7
info: 67422,Fail,7
info: 67422,Fail,8
info: 67422,Fail,8
info: 67423,Success,5
info: 67423,Success,5
info: 67423,Success,5
info: 67423,Success,6
info: 67423,Success,6
info: 67423,Fail,6
info: 67423,Fail,7
info: 67423,Fail,7
info: 67424,Success,6
info: 67424,Success,6
info: 67424,Success,7
info: 67424,Success,7
info: 67424,Success,7
info: 67424,Fail,7
info: 67424,Fail,8
info: 67424,Fail,8
info: 67425,Success,5
info: 67425,Success,5
info: 67425,Success,6
info: 67425,Success,6
info: 67425,Success,6
info: 67425,Fail,6
info: 67425,Fail,7
info: 67425,Fail,7
info: 67426,Success,5
info: 67426,Success,5
info: 67426,Success,5
info: 67426,Success,5
info: 67426,Success,6
info: 67426,Fail,6
info: 67426,Fail,6
info: 67427,Success,4
info: 67427,Success,5
info: 67427,Success,5
info: 67427,Success,5
info: 67427,Fail,6
info: 67427,Success,6
info: 67428,Success,4
info: 67428,Success,4
info: 67428,Success,4
info: 67428,Success,5
info: 67428,Success,5
info: 67429,Success,3
info: 67429,Success,4
info: 67429,Success,4
info: 67430,Success,3
info: 67431,Success,3
info: 67446,Success,3
info: 67447,Success,3
info: 67448,Success,3
info: 67449,Success,4
info: 67449,Success,4
info: 67449,Success,4
info: 67450,Success,3
info: 67450,Success,4
info: 67450,Success,4
info: 67451,Success,4
info: 67451,Success,4
info: 67451,Success,5
info: 67451,Success,5
info: 67451,Success,5
info: 67452,Success,4
info: 67452,Success,4
info: 67452,Success,4
info: 67452,Success,5
info: 67452,Success,5
info: 67453,Success,6
info: 67453,Success,6
info: 67453,Success,6
info: 67453,Success,6
info: 67453,Success,7
info: 67453,Fail,7
info: 67454,Success,4
info: 67454,Success,5
info: 67454,Success,5
info: 67454,Success,5
info: 67454,Fail,5
info: 67454,Fail,6
info: 67455,Success,6
info: 67455,Success,6
info: 67455,Success,6
info: 67455,Success,6
info: 67455,Success,6
info: 67455,Fail,7
info: 67455,Fail,7
info: 67455,Fail,8
info: 67456,Success,4
info: 67456,Success,4
info: 67456,Success,5
info: 67456,Success,5
info: 67456,Fail,5
info: 67456,Fail,6
info: 67456,Fail,6
info: 67457,Success,4
info: 67457,Success,5
info: 67457,Success,5
info: 67457,Success,5
info: 67457,Success,5
info: 67457,Fail,6
info: 67457,Fail,6
info: 67458,Success,4
info: 67458,Success,4
info: 67458,Success,4
info: 67458,Success,5
info: 67458,Success,5
info: 67458,Fail,5
info: 67459,Success,4
info: 67459,Success,5
info: 67459,Success,5
info: 67459,Success,5
info: 67459,Success,5
info: 67459,Fail,6
info: 67460,Success,4
info: 67460,Success,5
info: 67460,Success,5
info: 67460,Success,5
info: 67460,Success,5
info: 67461,Success,4
info: 67461,Success,4
info: 67461,Success,4
info: 67461,Success,5
info: 67462,Success,5
info: 67462,Success,5
info: 67462,Success,5
info: 67463,Success,3
info: 67463,Success,3
info: 67463,Success,4
info: 67464,Success,4
info: 67464,Success,4
info: 67464,Success,4
info: 67465,Success,3
info: 67480,Success,3
info: 67481,Success,3
info: 67482,Success,3
info: 67483,Success,2
info: 67484,Success,3
info: 67485,Success,3
info: 67486,Success,4
info: 67487,Success,3
info: 67488,Success,2
info: 67489,Success,3
info: 67490,Success,3
info: 67506,Success,4
info: 67507,Success,4
info: 67508,Success,3
info: 67508,Success,4
info: 67509,Success,3
info: 67509,Success,4
info: 67510,Success,3
info: 67510,Success,4
info: 67511,Success,3
info: 67511,Success,3
info: 67512,Success,3
info: 67512,Success,4
info: 67513,Success,3
info: 67513,Success,3
info: 67514,Success,3
info: 67514,Success,3
info: 67515,Success,3
info: 67515,Success,4
info: 67516,Success,3
info: 67516,Success,4
info: 67517,Success,3
info: 67517,Success,3
info: 67520,Success,3
info: 67521,Success,3
info: 67522,Success,3
info: 67523,Success,4
info: 67524,Success,3
info: 67525,Success,2
info: 67526,Success,3
info: 67527,Success,3
info: 67528,Success,3
info: 67529,Success,3
info: 67530,Success,3
info: 67531,Success,3
info: 67532,Success,3
info: 67539,Success,3
info: 67540,Success,3
info: 67541,Success,3
info: 67542,Success,2
info: 67543,Success,3
info: 67544,Success,3
info: 67545,Success,3
info: 67546,Success,3
info: 67547,Success,4
info: 67548,Success,3
info: 67549,Success,3
info: 67558,Success,3
info: 67559,Success,3
info: 67560,Success,3
info: 67561,Success,3
info: 67562,Success,3
info: 67563,Success,4
info: 67564,Success,3
info: 67565,Success,3
info: 67566,Success,3
info: 67566,Success,4
info: 67567,Success,3
info: 67567,Success,3
info: 67568,Success,3
info: 67568,Success,3
info: 67569,Success,4
info: 67570,Success,2
info: 67571,Success,2
info: 67572,Success,3
info: 67573,Success,4
info: 67574,Success,3
info: 67575,Success,3
info: 67587,Success,3
info: 67588,Success,2
info: 67589,Success,3
info: 67589,Success,3
info: 67590,Success,3
info: 67590,Success,4
info: 67591,Success,3
info: 67591,Success,4
info: 67592,Success,3
info: 67592,Success,4
info: 67593,Success,3
info: 67593,Success,3
info: 67594,Success,3
info: 67594,Success,3
info: 67595,Success,3
info: 67595,Success,3
info: 67596,Success,4
info: 67597,Success,3
info: 67598,Success,3
info: 67598,Success,3
info: 67599,Success,8
info: 67599,Success,9
info: 67600,Success,3
info: 67601,Success,3
info: 67602,Success,3
info: 67603,Success,3
info: 67604,Success,2
info: 67605,Success,3
info: 67606,Success,3
info: 67607,Success,3
info: 67639,Success,3
info: 67640,Success,3
info: 67641,Success,3
info: 67642,Success,3
info: 67643,Success,3
info: 67644,Success,3
info: 67645,Success,3
info: 67646,Success,3
info: 67647,Success,3
info: 67673,Success,4
info: 67674,Success,3
info: 67675,Success,2
info: 67676,Success,3
info: 67677,Success,2
info: 67678,Success,3
info: 67679,Success,3
info: 67680,Success,3
info: 67681,Success,3
info: 67689,Success,3
info: 67690,Success,3
info: 67691,Success,3
info: 67692,Success,2
info: 67693,Success,2
info: 67694,Success,3
info: 67695,Success,2
info: 67696,Success,2
info: 67697,Success,4
info: 67697,Success,4
info: 67698,Success,3
info: 67699,Success,3
info: 67699,Success,4
info: 67700,Success,3
info: 67700,Success,4
info: 67701,Success,3
info: 67701,Success,3
info: 67702,Success,3
info: 67702,Success,4
info: 67702,Success,4
info: 67703,Success,3
info: 67703,Success,3
info: 67703,Success,4
info: 67704,Success,5
info: 67704,Success,5
info: 67704,Success,5
info: 67704,Success,6
info: 67705,Success,3
info: 67705,Success,4
info: 67705,Success,4
info: 67705,Success,4
info: 67706,Success,3
info: 67706,Success,4
info: 67706,Success,4
info: 67706,Success,4
info: 67707,Success,5
info: 67707,Success,5
info: 67707,Success,5
info: 67707,Success,5
info: 67708,Success,3
info: 67708,Success,3
info: 67709,Success,3
info: 67709,Success,3
info: 67710,Success,3
info: 67710,Success,3
info: 67711,Success,4
info: 67711,Success,5
info: 67712,Success,3
info: 67712,Success,4
info: 67713,Success,3
info: 67714,Success,3
info: 67727,Success,3
info: 67728,Success,3
info: 67729,Success,3
info: 67730,Success,3
info: 67730,Success,3
info: 67731,Success,3
info: 67731,Success,3
info: 67732,Success,3
info: 67732,Success,3
info: 67733,Success,3
info: 67733,Success,3
info: 67734,Success,3
info: 67734,Success,3
info: 67735,Success,4
info: 67735,Success,4
info: 67736,Success,3
info: 67736,Success,4
info: 67737,Success,3
info: 67737,Success,3
info: 67738,Success,2
info: 67739,Success,3
info: 67740,Success,3
info: 67755,Success,3
info: 67756,Success,3
info: 67756,Success,3
info: 67757,Success,3
info: 67757,Success,4
info: 67758,Success,3
info: 67758,Success,3
info: 67759,Success,3
info: 67759,Success,3
info: 67760,Success,3
info: 67760,Success,3
info: 67761,Success,4
info: 67761,Success,4
info: 67762,Success,3
info: 67762,Success,3
info: 67763,Success,3
info: 67763,Success,3
info: 67764,Success,4
info: 67764,Success,4
info: 67765,Success,3
info: 67765,Success,3
info: 67766,Success,3
info: 67775,Success,4
info: 67776,Success,3
info: 67777,Success,3
info: 67778,Success,3
info: 67779,Success,3
info: 67780,Success,3
info: 67781,Success,3
info: 67782,Success,3
info: 67783,Success,3
info: 67784,Success,2
info: 67785,Success,3
info: 67786,Success,3
info: 67787,Success,3
info: 67788,Success,3
info: 67789,Success,2
info: 67790,Success,3
info: 67791,Success,3
info: 67792,Success,3
info: 67803,Success,3
info: 67804,Success,3
info: 67805,Success,4
info: 67805,Success,4
info: 67806,Success,4
info: 67806,Success,4
info: 67807,Success,3
info: 67807,Success,4
info: 67808,Success,3
info: 67808,Success,3
info: 67808,Success,4
info: 67809,Success,4
info: 67809,Success,4
info: 67809,Success,4
info: 67810,Success,4
info: 67810,Success,4
info: 67810,Success,4
info: 67811,Success,3
info: 67811,Success,4
info: 67811,Success,4
info: 67812,Success,3
info: 67812,Success,3
info: 67812,Success,4
info: 67813,Success,4
info: 67813,Success,4
info: 67813,Success,4
info: 67813,Success,4
info: 67814,Success,4
info: 67814,Success,4
info: 67814,Success,5
info: 67814,Success,5
info: 67815,Success,4
info: 67815,Success,4
info: 67815,Success,4
info: 67816,Success,3
info: 67816,Success,4
info: 67816,Success,5
info: 67817,Success,4
info: 67817,Success,4
info: 67817,Success,4
info: 67818,Success,3
info: 67819,Success,4
info: 67820,Success,3
info: 67821,Success,3
info: 67822,Success,3
info: 67850,Success,3
info: 67851,Success,2
info: 67852,Success,3
info: 67853,Success,3
info: 67854,Success,3
info: 67855,Success,3
info: 67856,Success,2
info: 67857,Success,3
info: 67858,Success,2
info: 67859,Success,3
info: 67860,Success,3
info: 67860,Success,3
info: 67861,Success,3
info: 67861,Success,4
info: 67862,Success,4
info: 67862,Success,4
info: 67863,Success,3
info: 67863,Success,3
info: 67864,Success,3
info: 67864,Success,3
info: 67865,Success,3
info: 67865,Success,3
info: 67866,Success,3
info: 67866,Success,3
info: 67867,Success,3
info: 67867,Success,3
info: 67868,Success,4
info: 67868,Success,4
info: 67869,Success,3
info: 67869,Success,4
info: 67870,Success,3
info: 67870,Success,4
info: 67871,Success,3
info: 67872,Success,3
info: 67872,Success,4
info: 67872,Success,4
info: 67873,Success,3
info: 67873,Success,4
info: 67874,Success,4
info: 67874,Success,4
info: 67875,Success,3
info: 67875,Success,4
info: 67876,Success,4
info: 67876,Success,4
info: 67877,Success,4
info: 67877,Success,4
info: 67877,Success,4
info: 67878,Success,3
info: 67878,Success,4
info: 67878,Success,4
info: 67879,Success,4
info: 67879,Success,5
info: 67879,Success,5
info: 67880,Success,3
info: 67880,Success,4
info: 67880,Success,4
info: 67880,Success,4
info: 67881,Success,3
info: 67881,Success,4
info: 67881,Success,4
info: 67881,Success,4
info: 67882,Success,4
info: 67882,Success,5
info: 67882,Success,5
info: 67882,Success,5
info: 67883,Success,3
info: 67883,Success,3
info: 67884,Success,3
info: 67884,Success,3
info: 67885,Success,3
info: 67885,Success,3
info: 67886,Success,2
info: 67887,Success,3
info: 67888,Success,3
info: 67888,Success,3
info: 67889,Success,3
info: 67890,Success,3
info: 67890,Success,4
info: 67890,Success,4
info: 67891,Success,4
info: 67891,Success,4
info: 67891,Success,4
info: 67892,Success,6
info: 67892,Success,6
info: 67892,Success,6
info: 67893,Success,5
info: 67893,Success,5
info: 67893,Success,6
info: 67894,Success,4
info: 67894,Success,5
info: 67894,Success,5
info: 67894,Success,6
info: 67895,Success,3
info: 67895,Success,4
info: 67895,Success,4
info: 67895,Success,4
info: 67896,Success,3
info: 67896,Success,4
info: 67896,Success,5
info: 67896,Success,5
info: 67897,Success,4
info: 67897,Success,4
info: 67897,Success,4
info: 67897,Success,4
info: 67898,Success,4
info: 67898,Success,4
info: 67898,Success,4
info: 67898,Success,4
info: 67899,Success,3
info: 67899,Success,3
info: 67899,Success,4
info: 67899,Success,4
info: 67900,Success,3
info: 67900,Success,3
info: 67901,Success,3
info: 67901,Success,4
info: 67902,Success,3
info: 67902,Success,3
info: 67903,Success,4
info: 67903,Success,4
info: 67904,Success,2
info: 67905,Success,3
info: 67906,Success,3
info: 67907,Success,3
info: 67908,Success,3
info: 67911,Success,2
info: 67912,Success,4
info: 67913,Success,3
info: 67914,Success,3
info: 67915,Success,3
info: 67946,Success,3
info: 67947,Success,3
info: 67948,Success,3
info: 67948,Success,3
info: 67949,Success,3
info: 67949,Success,3
info: 67950,Success,3
info: 67950,Success,3
info: 67951,Success,3
info: 67951,Success,3
info: 67952,Success,3
info: 67952,Success,4
info: 67953,Success,3
info: 67953,Success,3
info: 67954,Success,3
info: 67954,Success,3
info: 67955,Success,3
info: 67956,Success,3
info: 67956,Success,3
info: 67957,Success,3
info: 67957,Success,3
info: 67958,Success,3
info: 67958,Success,4
info: 67959,Success,3
info: 67960,Success,4
info: 67961,Success,2
info: 67962,Success,3
info: 67963,Success,3
info: 67964,Success,3
info: 67968,Success,3
info: 67969,Success,3
info: 67970,Success,3
info: 67971,Success,3
info: 67972,Success,3
info: 67973,Success,3
info: 67974,Success,3
info: 67975,Success,3
info: 67975,Success,3
info: 67976,Success,4
info: 67976,Success,4
info: 67977,Success,3
info: 67978,Success,3
info: 67979,Success,3
info: 67980,Success,3
info: 67980,Success,4
info: 67980,Success,4
info: 67981,Success,5
info: 67981,Success,5
info: 67981,Success,5
info: 67982,Success,3
info: 67982,Success,4
info: 67982,Success,4
info: 67983,Success,4
info: 67983,Success,5
info: 67983,Success,5
info: 67983,Success,5
info: 67984,Success,4
info: 67984,Success,4
info: 67984,Success,5
info: 67984,Success,5
info: 67985,Success,3
info: 67985,Success,4
info: 67985,Success,4
info: 67985,Success,5
info: 67986,Success,3
info: 67986,Success,4
info: 67986,Success,4
info: 67986,Success,4
info: 67986,Success,4
info: 67987,Success,4
info: 67987,Success,4
info: 67987,Success,4
info: 67987,Success,5
info: 67987,Success,5
info: 67987,Fail,5
info: 67988,Success,5
info: 67988,Success,5
info: 67988,Success,5
info: 67988,Success,6
info: 67988,Success,6
info: 67988,Fail,6
info: 67989,Success,4
info: 67989,Success,4
info: 67989,Success,4
info: 67989,Success,5
info: 67989,Success,5
info: 67990,Success,5
info: 67990,Success,5
info: 67990,Success,5
info: 67990,Success,5
info: 67990,Success,5
info: 67990,Fail,6
info: 67991,Success,3
info: 67991,Success,4
info: 67991,Success,4
info: 67991,Success,4
info: 67992,Success,4
info: 67992,Success,4
info: 67992,Success,4
info: 67992,Success,4
info: 67992,Success,5
info: 67993,Success,4
info: 67993,Success,4
info: 67993,Success,5
info: 67993,Success,5
info: 67993,Success,5
info: 67994,Success,4
info: 67994,Success,4
info: 67994,Success,4
info: 67994,Success,4
info: 67995,Success,4
info: 67995,Success,5
info: 67995,Success,5
info: 67995,Success,5
info: 67995,Success,5
info: 67995,Fail,5
info: 67996,Success,4
info: 67996,Success,5
info: 67996,Success,5
info: 67996,Success,5
info: 67996,Fail,5
info: 67996,Success,6
info: 67997,Success,4
info: 67997,Success,5
info: 67997,Success,5
info: 67997,Success,5
info: 67997,Fail,5
info: 67997,Success,6
info: 67998,Success,3
info: 67998,Success,4
info: 67998,Success,4
info: 67998,Success,4
info: 67998,Success,4
info: 67998,Fail,5
info: 67999,Success,4
info: 67999,Success,4
info: 67999,Success,4
info: 67999,Success,5
info: 67999,Success,5
info: 67999,Fail,6
info: 67999,Fail,6
info: 68000,Success,4
info: 68000,Success,4
info: 68000,Success,5
info: 68000,Success,5
info: 68000,Success,5
info: 68000,Fail,5
info: 68000,Fail,6
info: 68001,Success,5
info: 68001,Success,5
info: 68001,Success,5
info: 68001,Success,5
info: 68001,Success,5
info: 68001,Fail,6
info: 68002,Success,4
info: 68002,Success,4
info: 68002,Success,4
info: 68002,Success,4
info: 68002,Success,4
info: 68003,Success,4
info: 68003,Success,4
info: 68003,Success,5
info: 68003,Success,5
info: 68003,Success,5
info: 68004,Success,4
info: 68004,Success,4
info: 68004,Success,5
info: 68004,Success,6
info: 68005,Success,4
info: 68005,Success,4
info: 68005,Success,4
info: 68006,Success,3
info: 68007,Success,3
info: 68008,Success,3
info: 68019,Success,3
info: 68020,Success,3
info: 68021,Success,3
info: 68022,Success,3
info: 68023,Success,3
info: 68024,Success,3
info: 68024,Success,3
info: 68025,Success,3
info: 68025,Success,3
info: 68026,Success,3
info: 68026,Success,4
info: 68026,Success,4
info: 68027,Success,3
info: 68027,Success,3
info: 68027,Success,4
info: 68028,Success,3
info: 68028,Success,4
info: 68028,Success,4
info: 68029,Success,3
info: 68029,Success,3
info: 68029,Success,4
info: 68030,Success,4
info: 68030,Success,4
info: 68030,Success,4
info: 68031,Success,4
info: 68031,Success,4
info: 68032,Success,3
info: 68032,Success,3
info: 68033,Success,3
info: 68033,Success,3
info: 68034,Success,3
info: 68034,Success,3
info: 68035,Success,4
info: 68036,Success,3
info: 68046,Success,3
info: 68047,Success,2
info: 68048,Success,3
info: 68049,Success,3
info: 68050,Success,3
info: 68051,Success,3
info: 68052,Success,3
info: 68053,Success,4
info: 68054,Success,3
info: 68054,Success,3
info: 68055,Success,4
info: 68055,Success,4
info: 68056,Success,3
info: 68056,Success,3
info: 68057,Success,3
info: 68058,Success,3
info: 68059,Success,4
info: 68060,Success,3
info: 68061,Success,2
info: 68062,Success,3
info: 68070,Success,3
info: 68071,Success,3
info: 68072,Success,3
info: 68073,Success,3
info: 68074,Success,3
info: 68074,Success,3
info: 68075,Success,4
info: 68075,Success,4
info: 68076,Success,3
info: 68076,Success,4
info: 68077,Success,6
info: 68077,Success,6
info: 68077,Success,6
info: 68078,Success,4
info: 68078,Success,4
info: 68078,Success,4
info: 68078,Success,4
info: 68079,Success,3
info: 68079,Success,4
info: 68079,Success,4
info: 68080,Success,3
info: 68080,Success,3
info: 68080,Success,4
info: 68080,Success,4
info: 68081,Success,4
info: 68081,Success,4
info: 68081,Success,4
info: 68081,Success,4
info: 68082,Success,4
info: 68082,Success,5
info: 68082,Success,5
info: 68082,Success,5
info: 68082,Success,5
info: 68083,Success,4
info: 68083,Success,4
info: 68083,Success,4
info: 68083,Success,4
info: 68083,Success,5
info: 68084,Success,4
info: 68084,Success,4
info: 68084,Success,4
info: 68084,Success,5
info: 68084,Success,5
info: 68085,Success,4
info: 68085,Success,5
info: 68085,Success,5
info: 68085,Success,5
info: 68085,Fail,5
info: 68085,Success,6
info: 68086,Success,4
info: 68086,Success,4
info: 68086,Success,5
info: 68086,Success,5
info: 68086,Success,5
info: 68086,Fail,5
info: 68086,Fail,6
info: 68087,Success,4
info: 68087,Success,5
info: 68087,Success,5
info: 68087,Success,5
info: 68087,Fail,5
info: 68087,Success,6
info: 68088,Success,4
info: 68088,Success,4
info: 68088,Success,4
info: 68088,Success,4
info: 68088,Success,4
info: 68089,Success,3
info: 68089,Success,4
info: 68089,Success,5
info: 68089,Success,5
info: 68089,Success,5
info: 68090,Success,4
info: 68090,Success,4
info: 68090,Success,4
info: 68090,Success,4
info: 68091,Success,4
info: 68091,Success,4
info: 68091,Success,4
info: 68091,Success,4
info: 68091,Success,4
info: 68092,Success,4
info: 68092,Success,4
info: 68092,Success,4
info: 68092,Success,5
info: 68092,Success,5
info: 68093,Success,4
info: 68093,Success,4
info: 68093,Success,4
info: 68093,Success,4
info: 68094,Success,3
info: 68094,Success,4
info: 68094,Success,4
info: 68095,Success,3
info: 68095,Success,3
info: 68096,Success,2
info: 68097,Success,3
info: 68098,Success,3
info: 68099,Success,4
info: 68100,Success,4
info: 68101,Success,3
info: 68102,Success,3
info: 68103,Success,3
info: 68104,Success,3
info: 68105,Success,4
info: 68106,Success,3
info: 68107,Success,3
info: 68108,Success,2
info: 68109,Success,3
info: 68131,Success,3
info: 68132,Success,3
info: 68133,Success,4
info: 68134,Success,3
info: 68135,Success,3
info: 68136,Success,3
info: 68136,Success,4
info: 68137,Success,4
info: 68137,Success,5
info: 68138,Success,3
info: 68138,Success,3
info: 68139,Success,3
info: 68139,Success,4
info: 68140,Success,2
info: 68140,Success,3
info: 68141,Success,4
info: 68142,Success,3
info: 68143,Success,3
info: 68144,Success,3
info: 68145,Success,3
info: 68146,Success,3
info: 68164,Success,4
info: 68165,Success,3
info: 68166,Success,3
info: 68167,Success,3
info: 68168,Success,3
info: 68168,Success,3
info: 68169,Success,4
info: 68169,Success,4
info: 68169,Success,4
info: 68170,Success,3
info: 68170,Success,3
info: 68170,Success,3
info: 68171,Success,3
info: 68171,Success,4
info: 68171,Success,4
info: 68172,Success,3
info: 68172,Success,3
info: 68173,Success,3
info: 68173,Success,3
info: 68174,Success,3
info: 68174,Success,3
info: 68175,Success,3
info: 68175,Success,3
info: 68176,Success,3
info: 68176,Success,3
info: 68177,Success,3
info: 68177,Success,4
info: 68178,Success,3
info: 68179,Success,3
info: 68180,Success,3
info: 68214,Success,4
info: 68215,Success,3
info: 68216,Success,3
info: 68217,Success,4
info: 68218,Success,2
info: 68219,Success,3
info: 68220,Success,3
info: 68221,Success,3
info: 68222,Success,3
info: 68223,Success,3
info: 68242,Success,3
info: 68243,Success,3
info: 68244,Success,3
info: 68245,Success,3
info: 68246,Success,3
info: 68247,Success,2
info: 68248,Success,3
info: 68249,Success,3
info: 68250,Success,3
info: 68251,Success,3
info: 68252,Success,4
info: 68313,Success,3
info: 68314,Success,2
info: 68315,Success,2
info: 68316,Success,3
info: 68317,Success,3
info: 68318,Success,3
info: 68319,Success,3
info: 68320,Success,3
info: 68321,Success,3
info: 68340,Success,2
info: 68341,Success,2
info: 68342,Success,3
info: 68343,Success,3
info: 68344,Success,3
info: 68345,Success,3
info: 68345,Success,3
info: 68346,Success,2
info: 68346,Success,3
info: 68347,Success,3
info: 68347,Success,3
info: 68348,Success,4
info: 68348,Success,4
info: 68349,Success,3
info: 68349,Success,4
info: 68350,Success,3
info: 68351,Success,2
info: 68352,Success,3
info: 68353,Success,3
info: 68361,Success,3
info: 68362,Success,3
info: 68363,Success,3
info: 68364,Success,2
info: 68365,Success,3
info: 68366,Success,2
info: 68367,Success,3
info: 68368,Success,3
info: 68369,Success,3
info: 68370,Success,3
info: 68374,Success,3
info: 68375,Success,3
info: 68376,Success,2
info: 68377,Success,3
info: 68378,Success,4
info: 68379,Success,3
info: 68380,Success,3
info: 68381,Success,5
info: 68382,Success,3
info: 68383,Success,3
info: 68384,Success,3
info: 68385,Success,3
info: 68386,Success,3
info: 68390,Success,2
info: 68391,Success,4
info: 68392,Success,3
info: 68393,Success,3
info: 68394,Success,3
info: 68395,Success,3
info: 68396,Success,3
info: 68397,Success,4
info: 68398,Success,3
