info: 72039,Fail,1016
info: 72039,Success,498
info: 72040,Success,5
info: 72041,Success,6
info: 72041,Success,7
info: 72042,Success,7
info: 72042,Success,8
info: 72043,Success,4
info: 72043,Success,6
info: 72044,Success,5
info: 72044,Success,5
info: 72045,Success,6
info: 72045,Success,7
info: 72046,Success,5
info: 72046,Success,5
info: 72047,Success,4
info: 72047,Success,5
info: 72048,Success,6
info: 72048,Success,6
info: 72049,Success,5
info: 72049,Success,5
info: 72050,Success,5
info: 72050,Success,5
info: 72051,Success,5
info: 72051,Success,5
info: 72052,Success,5
info: 72052,Success,6
info: 72053,Success,5
info: 72053,Success,6
info: 72054,Success,7
info: 72054,Success,8
info: 72055,Success,5
info: 72055,Success,6
info: 72056,Success,5
info: 72056,Success,6
info: 72057,Success,5
info: 72057,Success,6
info: 72058,Success,4
info: 72058,Success,4
info: 72059,Success,5
info: 72060,Success,4
info: 72061,Success,4
info: 72062,Success,3
info: 72063,Success,5
info: 72064,Success,4
info: 72065,Success,5
info: 72065,Success,6
info: 72066,Success,6
info: 72066,Success,7
info: 72067,Success,7
info: 72067,Success,7
info: 72068,Success,4
info: 72068,Success,5
info: 72069,Success,4
info: 72069,Success,7
info: 72070,Success,4
info: 72070,Success,4
info: 72071,Success,6
info: 72071,Success,6
info: 72072,Success,4
info: 72072,Success,5
info: 72073,Success,4
info: 72073,Success,4
info: 72074,Success,4
info: 72074,Success,5
info: 72075,Success,7
info: 72075,Success,8
info: 72076,Success,5
info: 72076,Success,5
info: 72077,Success,4
info: 72077,Success,5
info: 72078,Success,4
info: 72078,Success,5
info: 72079,Success,4
info: 72080,Success,4
info: 72081,Success,4
info: 72082,Success,4
info: 72083,Success,4
info: 72084,Success,5
info: 72085,Success,4
info: 72086,Success,3
info: 72087,Success,3
info: 72088,Success,4
info: 72089,Success,5
info: 72089,Success,5
info: 72090,Success,5
info: 72090,Success,5
info: 72091,Success,5
info: 72091,Success,6
info: 72092,Success,4
info: 72092,Success,5
info: 72093,Success,7
info: 72093,Success,9
info: 72093,Success,9
info: 72094,Success,5
info: 72094,Success,7
info: 72094,Success,7
info: 72095,Success,7
info: 72095,Success,8
info: 72095,Success,8
info: 72096,Success,5
info: 72096,Success,5
info: 72096,Fail,11
info: 72097,Success,4
info: 72097,Success,5
info: 72097,Success,5
info: 72098,Success,5
info: 72098,Success,7
info: 72098,Success,8
info: 72099,Success,6
info: 72099,Success,7
info: 72099,Success,8
info: 72100,Success,5
info: 72100,Success,5
info: 72100,Fail,6
info: 72101,Success,4
info: 72101,Success,5
info: 72101,Success,5
info: 72102,Success,4
info: 72102,Success,5
info: 72103,Success,8
info: 72103,Success,8
info: 72104,Success,4
info: 72104,Success,5
info: 72105,Success,5
info: 72105,Success,6
info: 72106,Success,4
info: 72106,Success,5
info: 72107,Success,4
info: 72107,Success,5
info: 72108,Success,5
info: 72108,Success,6
info: 72109,Success,5
info: 72109,Success,6
info: 72110,Success,5
info: 72110,Success,6
info: 72111,Success,4
info: 72111,Success,6
info: 72112,Success,3
info: 72113,Success,4
info: 72114,Success,4
info: 72114,Success,5
info: 72115,Success,4
info: 72115,Success,5
info: 72116,Success,4
info: 72116,Success,5
info: 72116,Success,6
info: 72117,Success,6
info: 72117,Success,7
info: 72117,Success,7
info: 72118,Success,4
info: 72118,Success,5
info: 72118,Fail,7
info: 72119,Success,6
info: 72119,Success,7
info: 72119,Success,7
info: 72120,Success,6
info: 72120,Success,7
info: 72120,Success,7
info: 72121,Success,5
info: 72121,Success,6
info: 72121,Fail,6
info: 72122,Success,4
info: 72122,Success,5
info: 72122,Success,5
info: 72123,Success,5
info: 72123,Success,7
info: 72123,Success,8
info: 72124,Success,5
info: 72124,Success,6
info: 72124,Success,7
info: 72124,Fail,7
info: 72125,Success,6
info: 72125,Success,7
info: 72125,Success,8
info: 72125,Fail,8
info: 72126,Success,7
info: 72126,Success,8
info: 72126,Success,8
info: 72126,Fail,9
info: 72126,Fail,10
info: 72127,Success,8
info: 72127,Success,10
info: 72127,Success,10
info: 72127,Fail,11
info: 72127,Fail,11
info: 72128,Success,7
info: 72128,Success,7
info: 72128,Success,8
info: 72128,Fail,8
info: 72128,Fail,9
info: 72129,Success,6
info: 72129,Success,7
info: 72129,Fail,7
info: 72129,Fail,8
info: 72129,Fail,8
info: 72130,Success,5
info: 72130,Success,6
info: 72130,Success,6
info: 72130,Fail,7
info: 72130,Fail,8
info: 72131,Success,5
info: 72131,Success,5
info: 72131,Success,6
info: 72131,Fail,6
info: 72131,Fail,7
info: 72132,Success,7
info: 72132,Success,9
info: 72132,Success,9
info: 72132,Fail,9
info: 72132,Fail,11
info: 72133,Success,5
info: 72133,Success,7
info: 72133,Fail,8
info: 72133,Fail,8
info: 72133,Fail,9
info: 72134,Success,6
info: 72134,Success,6
info: 72134,Success,7
info: 72134,Fail,7
info: 72134,Fail,8
info: 72135,Success,5
info: 72135,Success,6
info: 72135,Success,6
info: 72135,Fail,7
info: 72135,Fail,7
info: 72136,Success,6
info: 72136,Success,6
info: 72136,Success,6
info: 72136,Fail,7
info: 72136,Fail,8
info: 72137,Success,6
info: 72137,Success,6
info: 72137,Success,6
info: 72137,Fail,7
info: 72137,Fail,8
info: 72138,Success,5
info: 72138,Success,6
info: 72138,Success,7
info: 72138,Fail,7
info: 72138,Fail,8
info: 72139,Success,7
info: 72139,Success,8
info: 72139,Success,8
info: 72139,Fail,8
info: 72139,Fail,9
info: 72140,Success,5
info: 72140,Success,5
info: 72140,Success,6
info: 72140,Fail,7
info: 72140,Fail,7
info: 72141,Success,7
info: 72141,Success,7
info: 72141,Success,8
info: 72141,Fail,8
info: 72141,Fail,9
info: 72142,Success,5
info: 72142,Success,5
info: 72142,Success,6
info: 72142,Fail,6
info: 72142,Fail,7
info: 72143,Success,4
info: 72143,Success,5
info: 72143,Fail,5
info: 72143,Fail,6
info: 72144,Success,5
info: 72144,Success,6
info: 72144,Success,6
info: 72144,Fail,7
info: 72145,Success,6
info: 72145,Success,7
info: 72145,Fail,7
info: 72145,Fail,8
info: 72146,Success,4
info: 72146,Success,5
info: 72146,Success,5
info: 72147,Success,6
info: 72147,Success,7
info: 72147,Success,7
info: 72148,Success,4
info: 72148,Success,5
info: 72148,Fail,5
info: 72149,Success,4
info: 72149,Success,5
info: 72149,Success,6
info: 72150,Success,4
info: 72150,Success,5
info: 72150,Success,5
info: 72151,Success,4
info: 72151,Success,4
info: 72152,Success,4
info: 72152,Success,5
info: 72153,Success,3
info: 72154,Success,4
info: 72155,Success,4
info: 72156,Success,3
info: 72157,Success,3
info: 72158,Success,3
info: 72159,Success,4
info: 72160,Success,3
info: 72161,Success,3
info: 72162,Success,4
info: 72163,Success,4
info: 72168,Success,4
info: 72169,Success,4
info: 72170,Success,5
info: 72171,Success,5
info: 72172,Success,3
info: 72173,Success,3
info: 72174,Success,3
info: 72175,Success,3
info: 72176,Success,3
info: 72177,Success,4
info: 72177,Success,5
info: 72178,Success,3
info: 72178,Success,4
info: 72179,Success,5
info: 72179,Success,6
info: 72180,Success,6
info: 72180,Success,7
info: 72181,Success,4
info: 72181,Success,5
info: 72182,Success,4
info: 72182,Success,4
info: 72183,Success,8
info: 72183,Success,9
info: 72184,Success,4
info: 72184,Success,5
info: 72185,Success,4
info: 72185,Success,5
info: 72186,Success,3
info: 72186,Success,4
info: 72187,Success,4
info: 72187,Success,5
info: 72188,Success,4
info: 72188,Success,5
info: 72189,Success,5
info: 72189,Success,5
info: 72190,Success,5
info: 72190,Success,6
info: 72191,Success,4
info: 72191,Success,4
info: 72192,Success,5
info: 72192,Success,6
info: 72193,Success,3
info: 72193,Success,4
info: 72194,Success,5
info: 72194,Success,6
info: 72194,Success,6
info: 72195,Success,9
info: 72195,Success,9
info: 72195,Success,10
info: 72196,Success,5
info: 72196,Success,5
info: 72196,Success,6
info: 72197,Success,5
info: 72197,Success,6
info: 72197,Fail,6
info: 72198,Success,5
info: 72198,Success,5
info: 72198,Success,5
info: 72199,Success,5
info: 72199,Success,8
info: 72199,Success,8
info: 72200,Success,4
info: 72200,Success,5
info: 72200,Fail,5
info: 72201,Success,5
info: 72201,Success,5
info: 72201,Success,5
info: 72202,Success,6
info: 72202,Success,6
info: 72202,Success,6
info: 72203,Success,5
info: 72203,Success,5
info: 72203,Success,6
info: 72204,Success,5
info: 72204,Success,6
info: 72204,Success,6
info: 72205,Success,5
info: 72205,Success,5
info: 72206,Success,3
info: 72206,Success,4
info: 72207,Success,4
info: 72207,Success,5
info: 72208,Success,3
info: 72208,Success,4
info: 72209,Success,4
info: 72209,Success,5
info: 72210,Success,3
info: 72210,Success,4
info: 72211,Success,4
info: 72211,Success,5
info: 72212,Success,4
info: 72212,Success,5
info: 72213,Success,7
info: 72213,Success,8
info: 72213,Success,8
info: 72214,Success,4
info: 72214,Success,5
info: 72214,Fail,5
info: 72215,Success,4
info: 72215,Success,4
info: 72215,Success,5
info: 72216,Success,5
info: 72216,Success,6
info: 72216,Success,6
info: 72217,Success,7
info: 72217,Success,7
info: 72217,Success,8
info: 72218,Success,4
info: 72218,Success,5
info: 72218,Fail,6
info: 72219,Success,5
info: 72219,Success,6
info: 72219,Success,7
info: 72220,Success,4
info: 72220,Success,5
info: 72220,Success,5
info: 72221,Success,6
info: 72221,Success,7
info: 72221,Success,8
info: 72222,Success,5
info: 72222,Success,5
info: 72222,Fail,6
info: 72223,Success,4
info: 72223,Success,5
info: 72223,Success,5
info: 72224,Success,4
info: 72224,Success,5
info: 72224,Success,5
info: 72225,Success,5
info: 72225,Success,5
info: 72225,Success,5
info: 72226,Success,4
info: 72226,Success,4
info: 72226,Success,4
info: 72227,Success,4
info: 72227,Success,4
info: 72227,Success,5
info: 72228,Success,5
info: 72228,Success,6
info: 72228,Success,6
info: 72229,Success,4
info: 72229,Success,5
info: 72229,Success,5
info: 72230,Success,4
info: 72230,Success,4
info: 72231,Success,4
info: 72231,Success,4
info: 72232,Success,4
info: 72232,Success,5
info: 72233,Success,4
info: 72234,Success,5
info: 72235,Success,5
info: 72236,Success,3
info: 72237,Success,4
info: 72238,Success,3
info: 72239,Success,5
info: 72240,Success,5
info: 72240,Success,5
info: 72241,Success,4
info: 72241,Success,4
info: 72242,Success,4
info: 72242,Success,5
info: 72243,Success,4
info: 72243,Success,5
info: 72244,Success,4
info: 72244,Success,4
info: 72245,Success,5
info: 72245,Success,5
info: 72246,Success,4
info: 72246,Success,5
info: 72247,Success,4
info: 72247,Success,4
info: 72248,Success,4
info: 72248,Success,5
info: 72249,Success,4
info: 72249,Success,5
info: 72250,Success,3
info: 72250,Success,4
info: 72251,Success,4
info: 72251,Success,5
info: 72252,Success,4
info: 72252,Success,4
info: 72253,Success,4
info: 72253,Success,5
info: 72254,Success,4
info: 72254,Success,4
info: 72255,Success,5
info: 72255,Success,6
info: 72256,Success,3
info: 72257,Success,3
info: 72272,Success,6
info: 72273,Success,6
info: 72274,Success,3
info: 72275,Success,4
info: 72276,Success,3
info: 72277,Success,4
info: 72278,Success,3
info: 72279,Success,3
info: 72280,Success,3
info: 72281,Success,3
info: 72282,Success,3
info: 72283,Success,4
info: 72284,Success,3
info: 72285,Success,4
info: 72286,Success,3
info: 72287,Success,4
info: 72288,Success,4
info: 72289,Success,4
info: 72290,Success,4
info: 72291,Success,5
info: 72292,Success,3
info: 72295,Success,4
info: 72296,Success,3
info: 72297,Success,4
info: 72298,Success,3
info: 72299,Success,3
info: 72300,Success,3
info: 72301,Success,3
info: 72302,Success,7
info: 72303,Success,6
info: 72303,Success,7
info: 72304,Success,4
info: 72304,Success,5
info: 72305,Success,4
info: 72305,Success,4
info: 72306,Success,5
info: 72306,Success,5
info: 72307,Success,4
info: 72307,Success,5
info: 72308,Success,5
info: 72308,Success,5
info: 72309,Success,4
info: 72309,Success,5
info: 72310,Success,4
info: 72310,Success,5
info: 72311,Success,4
info: 72312,Success,4
info: 72313,Success,4
info: 72313,Success,5
info: 72314,Success,4
info: 72314,Success,4
info: 72315,Success,6
info: 72315,Success,6
info: 72316,Success,3
info: 72316,Success,4
info: 72317,Success,4
info: 72317,Success,4
info: 72318,Success,3
info: 72318,Success,4
info: 72319,Success,6
info: 72319,Success,6
info: 72319,Success,7
info: 72320,Success,6
info: 72320,Success,7
info: 72320,Success,7
info: 72321,Success,4
info: 72321,Success,4
info: 72321,Fail,5
info: 72322,Success,4
info: 72322,Success,5
info: 72322,Success,5
info: 72323,Success,5
info: 72323,Success,6
info: 72323,Success,6
info: 72324,Success,5
info: 72324,Success,6
info: 72324,Success,6
info: 72325,Success,4
info: 72325,Success,5
info: 72325,Fail,6
info: 72326,Success,4
info: 72326,Success,5
info: 72326,Success,5
info: 72327,Success,4
info: 72327,Success,5
info: 72327,Success,5
info: 72328,Success,4
info: 72328,Success,5
info: 72328,Success,5
info: 72329,Success,5
info: 72329,Success,6
info: 72329,Success,6
info: 72330,Success,4
info: 72330,Success,4
info: 72330,Success,5
info: 72331,Success,5
info: 72331,Success,6
info: 72331,Success,6
info: 72332,Success,4
info: 72332,Success,5
info: 72332,Success,5
info: 72333,Success,5
info: 72333,Success,5
info: 72333,Success,6
info: 72333,Fail,6
info: 72334,Success,4
info: 72334,Success,5
info: 72334,Success,5
info: 72334,Fail,6
info: 72335,Success,6
info: 72335,Success,6
info: 72335,Success,7
info: 72335,Fail,7
info: 72336,Success,6
info: 72336,Success,6
info: 72336,Fail,7
info: 72336,Fail,8
info: 72337,Success,5
info: 72337,Success,5
info: 72337,Success,6
info: 72337,Fail,6
info: 72338,Success,7
info: 72338,Success,8
info: 72338,Success,8
info: 72338,Fail,8
info: 72339,Success,5
info: 72339,Success,6
info: 72339,Fail,6
info: 72339,Fail,7
info: 72340,Success,4
info: 72340,Success,5
info: 72340,Success,5
info: 72340,Fail,6
info: 72341,Success,6
info: 72341,Success,6
info: 72341,Success,7
info: 72341,Fail,10
info: 72342,Success,7
info: 72342,Success,7
info: 72342,Success,7
info: 72342,Fail,8
info: 72343,Success,5
info: 72343,Success,5
info: 72343,Fail,6
info: 72344,Success,6
info: 72344,Success,6
info: 72344,Success,6
info: 72345,Success,7
info: 72345,Success,7
info: 72345,Success,7
info: 72346,Success,4
info: 72346,Success,5
info: 72346,Fail,5
info: 72347,Success,4
info: 72347,Success,5
info: 72348,Success,4
info: 72348,Success,4
info: 72349,Success,4
info: 72349,Success,5
info: 72350,Success,3
info: 72350,Success,4
info: 72351,Success,5
info: 72351,Success,6
info: 72352,Success,4
info: 72352,Success,4
info: 72353,Success,4
info: 72353,Success,4
info: 72354,Success,4
info: 72354,Success,6
info: 72355,Success,3
info: 72355,Success,4
info: 72356,Success,3
info: 72356,Success,4
info: 72357,Success,4
info: 72358,Success,3
info: 72359,Success,3
info: 72360,Success,3
info: 72361,Success,4
info: 72362,Success,3
info: 72363,Success,4
info: 72364,Success,3
info: 72365,Success,3
info: 72366,Success,3
info: 72368,Success,3
info: 72369,Success,4
info: 72370,Success,4
info: 72371,Success,4
info: 72372,Success,3
info: 72373,Success,5
info: 72374,Success,4
info: 72375,Success,4
info: 72376,Success,3
info: 72377,Success,4
info: 72378,Success,3
info: 72379,Success,3
info: 72380,Success,3
info: 72381,Success,5
info: 72382,Success,4
info: 72383,Success,5
info: 72384,Success,4
info: 72385,Success,4
info: 72386,Success,3
info: 72387,Success,4
info: 72388,Success,3
info: 72389,Success,4
info: 72390,Success,3
info: 72391,Success,4
info: 72392,Success,3
info: 72393,Success,4
info: 72394,Success,3
info: 72395,Success,5
info: 72396,Success,3
info: 72397,Success,3
info: 72397,Success,4
info: 72398,Success,4
info: 72398,Success,4
info: 72399,Success,4
info: 72399,Success,4
info: 72400,Success,5
info: 72400,Success,5
info: 72401,Success,5
info: 72401,Success,6
info: 72402,Success,3
info: 72403,Success,3
info: 72404,Success,3
info: 72405,Success,4
info: 72406,Success,3
info: 72407,Success,4
info: 72408,Success,3
info: 72409,Success,3
info: 72410,Success,4
info: 72411,Success,4
info: 72412,Success,4
info: 72413,Success,3
info: 72414,Success,4
info: 72415,Success,4
info: 72416,Success,5
info: 72416,Success,5
info: 72416,Success,5
info: 72417,Success,4
info: 72417,Success,7
info: 72417,Success,8
info: 72418,Success,4
info: 72418,Success,5
info: 72418,Success,5
info: 72419,Success,4
info: 72419,Success,5
info: 72419,Success,5
info: 72420,Success,4
info: 72420,Success,5
info: 72420,Success,5
info: 72421,Success,4
info: 72421,Success,5
info: 72421,Success,5
info: 72422,Success,4
info: 72422,Success,4
info: 72422,Success,5
info: 72423,Success,5
info: 72423,Success,6
info: 72423,Success,6
info: 72424,Success,4
info: 72424,Success,4
info: 72425,Success,4
info: 72425,Success,5
info: 72426,Success,4
info: 72426,Success,4
info: 72427,Success,4
info: 72427,Success,4
info: 72428,Success,4
info: 72428,Success,4
info: 72429,Success,4
info: 72429,Success,5
info: 72430,Success,4
info: 72430,Success,4
info: 72431,Success,6
info: 72431,Success,6
info: 72432,Success,4
info: 72432,Success,4
info: 72433,Success,3
info: 72434,Success,4
info: 72435,Success,3
info: 72436,Success,3
info: 72437,Success,3
info: 72438,Success,3
info: 72439,Success,6
info: 72440,Success,3
info: 72441,Success,3
info: 72442,Success,3
info: 72443,Success,3
info: 72444,Success,3
info: 72445,Success,3
info: 72446,Success,3
info: 72472,Success,3
info: 72473,Success,4
info: 72474,Success,4
info: 72474,Success,6
info: 72474,Success,7
info: 72474,Fail,7
info: 72475,Success,5
info: 72475,Success,6
info: 72475,Success,6
info: 72475,Fail,6
info: 72476,Success,4
info: 72476,Success,5
info: 72476,Success,5
info: 72476,Fail,6
info: 72477,Success,5
info: 72477,Success,6
info: 72477,Success,6
info: 72477,Fail,7
info: 72477,Fail,7
info: 72478,Success,4
info: 72478,Success,5
info: 72478,Success,5
info: 72478,Fail,5
info: 72478,Fail,6
info: 72479,Success,5
info: 72479,Success,5
info: 72479,Success,5
info: 72479,Fail,6
info: 72479,Fail,6
info: 72479,Fail,7
info: 72480,Success,5
info: 72480,Success,5
info: 72480,Success,6
info: 72480,Fail,6
info: 72480,Fail,7
info: 72480,Fail,7
info: 72481,Success,6
info: 72481,Success,7
info: 72481,Success,7
info: 72481,Fail,8
info: 72481,Fail,8
info: 72481,Fail,9
info: 72482,Success,5
info: 72482,Success,6
info: 72482,Success,6
info: 72482,Fail,7
info: 72482,Fail,7
info: 72482,Fail,8
info: 72483,Success,6
info: 72483,Success,7
info: 72483,Fail,7
info: 72483,Fail,8
info: 72483,Fail,8
info: 72484,Success,7
info: 72484,Success,7
info: 72484,Success,8
info: 72484,Fail,9
info: 72484,Fail,9
info: 72485,Success,6
info: 72485,Success,6
info: 72485,Fail,7
info: 72485,Fail,7
info: 72485,Fail,8
info: 72486,Success,6
info: 72486,Success,6
info: 72486,Success,8
info: 72486,Fail,9
info: 72486,Fail,9
info: 72487,Success,5
info: 72487,Success,6
info: 72487,Success,6
info: 72487,Fail,7
info: 72487,Fail,8
info: 72488,Success,5
info: 72488,Success,5
info: 72488,Success,6
info: 72488,Fail,6
info: 72488,Fail,6
info: 72489,Success,6
info: 72489,Success,6
info: 72489,Fail,7
info: 72489,Fail,7
info: 72489,Success,7
info: 72490,Success,5
info: 72490,Success,5
info: 72490,Fail,5
info: 72490,Fail,6
info: 72490,Fail,6
info: 72491,Success,6
info: 72491,Success,6
info: 72491,Success,6
info: 72491,Fail,7
info: 72491,Fail,7
info: 72492,Success,5
info: 72492,Success,6
info: 72492,Success,6
info: 72492,Fail,6
info: 72493,Fail,5
info: 72493,Fail,6
info: 72493,Success,6
info: 72493,Success,6
info: 72494,Success,6
info: 72494,Success,7
info: 72494,Success,7
info: 72494,Fail,7
info: 72495,Success,5
info: 72495,Success,6
info: 72495,Fail,6
info: 72495,Fail,7
info: 72496,Success,4
info: 72496,Success,5
info: 72496,Success,5
info: 72497,Success,5
info: 72497,Success,5
info: 72497,Success,5
info: 72498,Success,4
info: 72498,Success,4
info: 72498,Success,5
info: 72499,Success,4
info: 72499,Success,4
info: 72499,Fail,5
info: 72500,Success,4
info: 72500,Success,4
info: 72500,Success,5
info: 72501,Success,6
info: 72501,Success,6
info: 72501,Success,7
info: 72502,Success,4
info: 72502,Success,4
info: 72502,Fail,5
info: 72503,Success,5
info: 72503,Success,6
info: 72503,Success,6
info: 72504,Success,4
info: 72504,Success,5
info: 72504,Fail,5
info: 72505,Success,5
info: 72505,Success,6
info: 72505,Success,6
info: 72506,Success,4
info: 72506,Success,4
info: 72506,Success,5
info: 72507,Success,4
info: 72507,Success,4
info: 72507,Success,5
info: 72508,Success,5
info: 72508,Success,5
info: 72508,Success,5
info: 72509,Success,7
info: 72509,Success,7
info: 72509,Success,8
info: 72510,Success,4
info: 72510,Success,4
info: 72511,Success,7
info: 72511,Success,7
info: 72511,Success,7
info: 72512,Success,4
info: 72512,Success,4
info: 72512,Success,5
info: 72513,Success,5
info: 72513,Success,5
info: 72513,Success,5
info: 72514,Success,9
info: 72514,Success,9
info: 72514,Success,9
info: 72515,Success,3
info: 72515,Success,4
info: 72516,Success,4
info: 72516,Success,4
info: 72517,Success,3
info: 72518,Success,4
info: 72519,Success,4
info: 72520,Success,2
info: 72521,Success,6
info: 72522,Success,4
info: 72523,Success,4
info: 72524,Success,3
info: 72525,Success,3
info: 72526,Success,3
info: 72527,Success,3
info: 72528,Success,4
info: 72529,Success,3
info: 72530,Success,5
info: 72559,Success,4
info: 72560,Success,5
info: 72561,Success,3
info: 72562,Success,3
info: 72563,Success,3
info: 72564,Success,3
info: 72565,Success,3
info: 72566,Success,3
info: 72567,Success,4
info: 72568,Success,3
info: 72568,Success,4
info: 72569,Success,4
info: 72569,Success,5
info: 72570,Success,4
info: 72570,Success,6
info: 72571,Success,3
info: 72571,Success,4
info: 72572,Success,4
info: 72572,Success,5
info: 72573,Success,4
info: 72573,Success,4
info: 72574,Success,4
info: 72574,Success,4
info: 72575,Success,3
info: 72575,Success,4
info: 72576,Success,4
info: 72576,Success,4
info: 72577,Success,4
info: 72577,Success,5
info: 72578,Success,3
info: 72578,Success,4
info: 72579,Success,4
info: 72579,Success,5
info: 72580,Success,4
info: 72580,Success,4
info: 72581,Success,3
info: 72581,Success,5
info: 72582,Success,4
info: 72582,Success,4
info: 72583,Success,4
info: 72583,Success,5
info: 72584,Success,3
info: 72584,Success,4
info: 72584,Success,4
info: 72585,Success,4
info: 72585,Success,5
info: 72585,Success,5
info: 72586,Success,5
info: 72586,Success,5
info: 72586,Success,6
info: 72587,Success,5
info: 72587,Success,6
info: 72587,Success,6
info: 72588,Success,4
info: 72588,Success,4
info: 72588,Fail,4
info: 72589,Success,5
info: 72589,Success,5
info: 72589,Success,6
info: 72590,Success,3
info: 72590,Success,4
info: 72591,Success,4
info: 72591,Success,4
info: 72592,Success,3
info: 72592,Success,4
info: 72593,Success,6
info: 72593,Success,6
info: 72594,Success,3
info: 72595,Success,3
info: 72596,Success,2
info: 72597,Success,5
info: 72598,Success,2
info: 72599,Success,4
info: 72600,Success,3
info: 72601,Success,4
info: 72602,Success,3
info: 72603,Success,3
info: 72607,Success,4
info: 72608,Success,3
info: 72609,Success,5
info: 72609,Success,6
info: 72610,Success,4
info: 72610,Success,4
info: 72611,Success,4
info: 72611,Success,4
info: 72612,Success,4
info: 72612,Success,4
info: 72613,Success,3
info: 72613,Success,4
info: 72614,Success,4
info: 72614,Success,4
info: 72615,Success,6
info: 72615,Success,7
info: 72616,Success,3
info: 72616,Success,4
info: 72617,Success,4
info: 72617,Success,4
info: 72618,Success,4
info: 72618,Success,4
info: 72619,Success,4
info: 72619,Success,5
info: 72620,Success,5
info: 72620,Success,6
info: 72621,Success,3
info: 72621,Success,4
info: 72622,Success,3
info: 72622,Success,4
info: 72623,Success,6
info: 72623,Success,7
info: 72624,Success,3
info: 72625,Success,3
info: 72626,Success,3
info: 72627,Success,5
info: 72637,Success,4
info: 72638,Success,2
info: 72639,Success,3
info: 72640,Success,3
info: 72640,Success,4
info: 72641,Success,4
info: 72641,Success,4
info: 72642,Success,3
info: 72642,Success,4
info: 72643,Success,4
info: 72643,Success,4
info: 72644,Success,8
info: 72644,Success,9
info: 72645,Success,5
info: 72645,Success,5
info: 72646,Success,5
info: 72646,Success,5
info: 72647,Success,5
info: 72647,Success,5
info: 72648,Success,4
info: 72648,Success,5
info: 72649,Success,4
info: 72649,Success,4
info: 72650,Success,5
info: 72650,Success,6
info: 72651,Success,5
info: 72651,Success,6
info: 72652,Success,4
info: 72652,Success,4
info: 72653,Success,3
info: 72653,Success,4
info: 72654,Success,4
info: 72654,Success,5
info: 72655,Success,4
info: 72655,Success,4
info: 72656,Success,3
info: 72656,Success,3
info: 72657,Success,3
info: 72657,Success,4
info: 72658,Success,3
info: 72658,Success,4
info: 72658,Success,5
info: 72659,Success,4
info: 72659,Success,4
info: 72659,Success,4
info: 72660,Success,4
info: 72660,Success,4
info: 72660,Success,5
info: 72661,Success,9
info: 72661,Success,9
info: 72661,Fail,9
info: 72661,Success,10
info: 72662,Success,4
info: 72662,Success,5
info: 72662,Fail,5
info: 72662,Fail,7
info: 72663,Success,7
info: 72663,Success,8
info: 72663,Success,8
info: 72663,Fail,8
info: 72664,Success,4
info: 72664,Success,4
info: 72664,Fail,5
info: 72664,Fail,6
info: 72665,Success,4
info: 72665,Success,4
info: 72665,Success,4
info: 72666,Success,3
info: 72666,Success,4
info: 72667,Success,3
info: 72667,Success,4
info: 72668,Success,3
info: 72668,Success,4
info: 72669,Success,4
info: 72669,Success,4
info: 72670,Success,3
info: 72670,Success,3
info: 72671,Success,3
info: 72671,Success,4
info: 72672,Success,3
info: 72672,Success,4
info: 72673,Success,4
info: 72673,Success,4
info: 72674,Success,4
info: 72674,Success,4
info: 72675,Success,4
info: 72675,Success,4
info: 72676,Success,3
info: 72676,Success,4
info: 72677,Success,4
info: 72677,Success,4
info: 72678,Success,3
info: 72678,Success,4
info: 72679,Success,4
info: 72679,Success,7
info: 72680,Success,4
info: 72680,Success,4
info: 72681,Success,5
info: 72681,Success,6
info: 72682,Success,4
info: 72682,Success,4
info: 72682,Success,5
info: 72683,Success,4
info: 72683,Success,5
info: 72683,Success,5
info: 72684,Success,4
info: 72684,Fail,5
info: 72684,Success,5
info: 72685,Success,3
info: 72685,Success,4
info: 72685,Success,4
info: 72686,Success,3
info: 72686,Success,3
info: 72687,Success,3
info: 72687,Success,3
info: 72688,Success,3
info: 72688,Success,4
info: 72689,Success,4
info: 72689,Success,4
info: 72690,Success,3
info: 72691,Success,4
info: 72692,Success,3
info: 72693,Success,3
info: 72694,Success,3
info: 72695,Success,4
info: 72696,Success,3
info: 72697,Success,3
info: 72698,Success,3
info: 72699,Success,4
info: 72700,Success,3
info: 72701,Success,4
info: 72702,Success,3
info: 72703,Success,3
info: 72704,Success,3
info: 72705,Success,3
info: 72706,Success,2
info: 72707,Success,3
info: 72708,Success,4
info: 72709,Success,3
info: 72710,Success,3
info: 72711,Success,4
info: 72712,Success,4
info: 72713,Success,3
info: 72714,Success,3
info: 72715,Success,4
info: 72716,Success,3
info: 72717,Success,4
info: 72758,Success,3
info: 72759,Success,4
info: 72760,Success,3
info: 72761,Success,3
info: 72762,Success,4
info: 72763,Success,3
info: 72764,Success,4
info: 72765,Success,3
info: 72766,Success,4
info: 72767,Success,4
info: 72768,Success,3
info: 72769,Success,4
info: 72770,Success,3
info: 72770,Success,4
info: 72771,Success,4
info: 72771,Success,4
info: 72772,Success,3
info: 72772,Success,3
info: 72773,Success,4
info: 72773,Success,6
info: 72774,Success,4
info: 72774,Success,4
info: 72775,Success,3
info: 72775,Success,4
info: 72776,Success,3
info: 72776,Success,4
info: 72777,Success,4
info: 72777,Success,4
info: 72778,Success,3
info: 72778,Success,3
info: 72779,Success,5
info: 72779,Success,5
info: 72780,Success,4
info: 72780,Success,4
info: 72781,Success,4
info: 72781,Success,5
info: 72782,Success,3
info: 72782,Success,4
info: 72783,Success,3
info: 72783,Success,4
info: 72784,Success,3
info: 72784,Success,3
info: 72785,Success,5
info: 72785,Success,6
info: 72785,Success,6
info: 72786,Success,4
info: 72786,Success,4
info: 72786,Fail,5
info: 72787,Success,4
info: 72787,Success,5
info: 72787,Success,5
info: 72788,Success,4
info: 72788,Success,4
info: 72788,Success,4
info: 72789,Success,7
info: 72789,Success,7
info: 72789,Success,7
info: 72790,Success,4
info: 72790,Success,4
info: 72790,Fail,4
info: 72791,Success,4
info: 72791,Success,5
info: 72792,Success,4
info: 72792,Success,4
info: 72792,Success,5
info: 72793,Success,3
info: 72793,Success,5
info: 72793,Fail,6
info: 72794,Success,3
info: 72794,Success,4
info: 72794,Success,4
info: 72795,Success,5
info: 72795,Success,5
info: 72795,Success,5
info: 72796,Success,4
info: 72796,Success,4
info: 72796,Success,4
info: 72797,Success,4
info: 72797,Success,5
info: 72797,Success,5
info: 72798,Success,4
info: 72798,Success,4
info: 72798,Success,4
info: 72799,Success,4
info: 72799,Success,4
info: 72799,Success,4
info: 72800,Success,3
info: 72800,Success,4
info: 72800,Success,4
info: 72801,Success,4
info: 72801,Success,4
info: 72801,Success,4
info: 72802,Success,4
info: 72802,Success,4
info: 72802,Success,4
info: 72803,Success,4
info: 72803,Success,4
info: 72803,Fail,5
info: 72804,Success,4
info: 72804,Success,5
info: 72804,Success,5
info: 72805,Success,5
info: 72805,Success,6
info: 72805,Success,6
info: 72806,Success,5
info: 72806,Success,5
info: 72806,Success,6
info: 72807,Success,4
info: 72807,Success,5
info: 72807,Fail,5
info: 72808,Success,3
info: 72808,Success,4
info: 72808,Success,4
info: 72809,Success,4
info: 72809,Success,5
info: 72809,Success,5
info: 72810,Success,3
info: 72810,Success,3
info: 72811,Success,4
info: 72812,Success,3
info: 72813,Success,3
info: 72842,Success,4
info: 72843,Success,6
info: 72843,Success,7
info: 72844,Success,3
info: 72844,Success,4
info: 72845,Success,4
info: 72845,Success,4
info: 72846,Success,5
info: 72846,Success,5
info: 72847,Success,4
info: 72847,Success,5
info: 72847,Success,5
info: 72848,Success,4
info: 72848,Success,4
info: 72848,Success,4
info: 72849,Success,4
info: 72849,Success,4
info: 72849,Success,4
info: 72850,Success,4
info: 72850,Success,4
info: 72850,Success,4
info: 72851,Success,4
info: 72851,Success,5
info: 72851,Success,5
info: 72852,Success,4
info: 72852,Success,4
info: 72852,Fail,5
info: 72853,Success,3
info: 72853,Success,4
info: 72854,Success,3
info: 72854,Success,4
info: 72855,Success,4
info: 72855,Success,4
info: 72856,Success,4
info: 72856,Success,4
info: 72857,Success,4
info: 72857,Success,4
info: 72858,Success,4
info: 72858,Success,4
info: 72859,Success,4
info: 72859,Success,5
info: 72860,Success,3
info: 72861,Success,4
info: 72862,Success,3
info: 72863,Success,5
info: 72864,Success,3
info: 72865,Success,3
info: 72866,Success,3
info: 72867,Success,4
info: 72868,Success,3
info: 72869,Success,3
info: 72870,Success,4
info: 72871,Success,4
info: 72872,Success,3
info: 72873,Success,3
info: 72874,Success,3
info: 72875,Success,3
info: 72876,Success,4
info: 72877,Success,3
info: 72878,Success,3
info: 72879,Success,3
info: 72880,Success,3
info: 72881,Success,3
info: 72882,Success,3
info: 72883,Success,3
info: 72884,Success,3
info: 72885,Success,4
info: 72907,Success,5
info: 72908,Success,3
info: 72909,Success,3
info: 72910,Success,3
info: 72911,Success,3
info: 72912,Success,3
info: 72913,Success,3
info: 72914,Success,3
info: 72915,Success,4
info: 72916,Success,3
info: 72917,Success,3
info: 72918,Success,3
info: 72919,Success,3
info: 72920,Success,3
info: 72921,Success,4
info: 72921,Success,5
info: 72922,Success,3
info: 72922,Success,4
info: 72923,Success,5
info: 72923,Success,5
info: 72923,Success,5
info: 72924,Success,5
info: 72924,Success,5
info: 72924,Success,6
info: 72925,Success,4
info: 72925,Success,4
info: 72925,Fail,5
info: 72926,Success,3
info: 72926,Success,4
info: 72926,Success,6
info: 72927,Success,4
info: 72927,Success,4
info: 72927,Success,5
info: 72928,Success,4
info: 72928,Success,6
info: 72928,Success,6
info: 72929,Success,4
info: 72929,Success,4
info: 72929,Success,4
info: 72930,Success,6
info: 72930,Success,7
info: 72930,Success,9
info: 72931,Success,5
info: 72931,Success,5
info: 72931,Fail,5
info: 72932,Success,4
info: 72932,Success,4
info: 72932,Success,4
info: 72933,Success,5
info: 72933,Success,5
info: 72933,Success,5
info: 72934,Success,3
info: 72934,Success,3
info: 72934,Success,3
info: 72935,Success,4
info: 72935,Success,4
info: 72935,Success,5
info: 72936,Success,4
info: 72936,Success,5
info: 72936,Success,5
info: 72937,Success,4
info: 72937,Success,5
info: 72937,Success,5
info: 72938,Success,3
info: 72938,Success,4
info: 72939,Success,4
info: 72939,Success,4
info: 72940,Success,3
info: 72940,Success,3
info: 72941,Success,4
info: 72941,Success,4
info: 72942,Success,3
info: 72942,Success,3
info: 72943,Success,5
info: 72943,Success,5
info: 72944,Success,4
info: 72944,Success,4
info: 72945,Success,4
info: 72945,Success,4
info: 72946,Success,3
info: 72946,Success,4
info: 72947,Success,4
info: 72947,Success,4
info: 72948,Success,4
info: 72948,Success,4
info: 72949,Success,5
info: 72949,Success,6
info: 72950,Success,4
info: 72950,Success,4
info: 72951,Success,5
info: 72951,Success,6
info: 72951,Success,6
info: 72952,Success,4
info: 72952,Success,4
info: 72952,Fail,5
info: 72953,Success,4
info: 72953,Success,5
info: 72953,Success,5
info: 72954,Success,4
info: 72954,Success,4
info: 72954,Success,4
info: 72955,Success,4
info: 72955,Success,5
info: 72955,Success,5
info: 72956,Success,3
info: 72956,Success,4
info: 72957,Success,4
info: 72957,Success,5
info: 72958,Success,4
info: 72958,Success,5
info: 72959,Success,4
info: 72959,Success,4
info: 72960,Success,4
info: 72960,Success,4
info: 72961,Success,3
info: 72962,Success,4
info: 72963,Success,4
info: 72964,Success,3
info: 72965,Success,3
info: 72966,Success,3
info: 72967,Success,5
info: 72968,Success,3
info: 72969,Success,4
info: 72970,Success,3
info: 72971,Success,3
info: 72972,Success,3
info: 72973,Success,3
info: 72974,Success,3
info: 72975,Success,4
info: 72976,Success,3
info: 72977,Success,4
info: 72978,Success,3
info: 72978,Success,4
info: 72979,Success,4
info: 72979,Success,4
info: 72980,Success,3
info: 72980,Success,3
info: 72981,Success,4
info: 72981,Success,5
info: 72982,Success,3
info: 72982,Success,3
info: 72983,Success,5
info: 72983,Success,6
info: 72984,Success,4
info: 72984,Success,4
info: 72985,Success,7
info: 72986,Success,3
info: 72987,Success,4
info: 72988,Success,2
info: 72989,Success,3
info: 72990,Success,3
info: 72991,Success,3
info: 72992,Success,4
info: 72993,Success,3
info: 72994,Success,3
info: 72995,Success,4
info: 72996,Success,3
info: 72997,Success,4
info: 72998,Success,3
info: 72999,Success,4
info: 73000,Success,2
info: 73001,Success,3
info: 73002,Success,3
info: 73003,Success,4
info: 73004,Success,4
info: 73005,Success,3
info: 73006,Success,3
info: 73007,Success,3
info: 73008,Success,3
info: 73009,Success,3
info: 73010,Success,3
info: 73011,Success,4
info: 73012,Success,3
info: 73013,Success,4
info: 73014,Success,4
info: 73015,Success,4
info: 73016,Success,4
info: 73017,Success,4
info: 73020,Success,3
info: 73021,Success,3
info: 73022,Success,2
info: 73023,Success,6
info: 73023,Success,7
info: 73024,Success,4
info: 73024,Success,5
info: 73025,Success,4
info: 73025,Success,4
info: 73026,Success,4
info: 73026,Success,5
info: 73027,Success,4
info: 73027,Success,4
info: 73028,Success,3
info: 73028,Success,3
info: 73029,Success,6
info: 73029,Success,6
info: 73030,Success,3
info: 73030,Success,3
info: 73031,Success,4
info: 73031,Success,4
info: 73032,Success,5
info: 73032,Success,5
info: 73033,Success,4
info: 73033,Success,4
info: 73034,Success,3
info: 73034,Success,4
info: 73035,Success,7
info: 73035,Success,8
info: 73036,Success,3
info: 73036,Success,3
info: 73037,Success,3
info: 73037,Success,4
info: 73038,Success,3
info: 73038,Success,4
info: 73039,Success,4
info: 73039,Success,4
info: 73040,Success,3
info: 73040,Success,3
info: 73041,Success,4
info: 73041,Success,4
info: 73042,Success,3
info: 73042,Success,3
info: 73043,Success,3
info: 73043,Success,4
info: 73044,Success,4
info: 73044,Success,4
info: 73045,Success,4
info: 73045,Success,5
info: 73046,Success,4
info: 73046,Success,4
info: 73047,Success,5
info: 73047,Success,5
info: 73048,Success,3
info: 73048,Success,3
info: 73049,Success,4
info: 73049,Success,4
info: 73050,Success,4
info: 73050,Success,4
info: 73051,Success,4
info: 73051,Success,4
info: 73052,Success,3
info: 73052,Success,4
info: 73053,Success,3
info: 73053,Success,6
info: 73054,Success,4
info: 73054,Success,4
info: 73055,Success,4
info: 73055,Success,4
info: 73056,Success,5
info: 73056,Success,5
info: 73057,Success,4
info: 73058,Success,3
info: 73093,Success,4
info: 73094,Success,5
info: 73095,Success,3
info: 73096,Success,3
info: 73097,Success,4
info: 73097,Success,4
info: 73098,Success,4
info: 73098,Success,5
info: 73099,Success,4
info: 73099,Success,5
info: 73100,Success,4
info: 73100,Success,5
info: 73101,Success,5
info: 73101,Success,5
info: 73102,Success,3
info: 73102,Success,3
info: 73103,Success,4
info: 73103,Success,4
info: 73104,Success,4
info: 73104,Success,4
info: 73105,Success,4
info: 73105,Success,4
info: 73106,Success,3
info: 73106,Success,4
info: 73107,Success,5
info: 73107,Success,8
info: 73108,Success,2
info: 73109,Success,4
info: 73132,Success,3
info: 73133,Success,4
info: 73134,Success,4
info: 73135,Success,5
info: 73136,Success,5
info: 73137,Success,4
info: 73138,Success,3
info: 73139,Success,3
info: 73140,Success,4
info: 73141,Success,3
info: 73142,Success,3
info: 73143,Success,5
info: 73144,Success,3
info: 73145,Success,4
info: 73146,Success,4
info: 73147,Success,4
info: 73148,Success,3
info: 73149,Success,3
info: 73150,Success,4
info: 73151,Success,3
info: 73152,Success,3
info: 73153,Success,3
info: 73154,Success,3
info: 73155,Success,3
info: 73156,Success,3
info: 73157,Success,3
info: 73158,Success,4
info: 73159,Success,3
info: 73160,Success,3
info: 73161,Success,4
info: 73190,Success,4
info: 73191,Success,4
info: 73192,Success,4
info: 73193,Success,4
info: 73193,Success,5
info: 73194,Success,3
info: 73194,Success,4
info: 73195,Success,4
info: 73195,Success,4
info: 73196,Success,3
info: 73196,Success,4
info: 73197,Success,4
info: 73197,Success,5
info: 73198,Success,3
info: 73198,Success,3
info: 73199,Success,4
info: 73199,Success,4
info: 73200,Success,5
info: 73200,Success,5
info: 73201,Success,4
info: 73202,Success,3
info: 73203,Success,4
info: 73204,Success,4
info: 73205,Success,3
info: 73206,Success,3
info: 73207,Success,4
info: 73208,Success,3
info: 73209,Success,4
info: 73210,Success,5
info: 73210,Success,6
info: 73211,Success,4
info: 73211,Success,4
info: 73212,Success,3
info: 73212,Success,4
info: 73213,Success,4
info: 73213,Success,4
info: 73214,Success,5
info: 73214,Success,5
info: 73215,Success,4
info: 73215,Success,4
info: 73216,Success,3
info: 73216,Success,4
info: 73217,Success,4
info: 73217,Success,4
info: 73217,Success,5
info: 73218,Success,4
info: 73218,Success,4
info: 73218,Success,4
info: 73219,Success,6
info: 73219,Success,8
info: 73219,Success,9
info: 73220,Success,4
info: 73220,Success,4
info: 73220,Success,4
info: 73221,Success,4
info: 73221,Success,5
info: 73221,Success,5
info: 73222,Success,4
info: 73222,Success,4
info: 73222,Success,4
info: 73223,Success,7
info: 73223,Success,7
info: 73223,Success,7
info: 73224,Success,4
info: 73224,Success,4
info: 73224,Success,4
info: 73225,Success,6
info: 73225,Success,6
info: 73226,Success,4
info: 73226,Success,4
info: 73227,Success,4
info: 73227,Success,5
info: 73228,Success,3
info: 73228,Success,4
info: 73229,Success,4
info: 73230,Success,3
info: 73231,Success,3
info: 73232,Success,3
info: 73240,Success,3
info: 73241,Success,3
info: 73242,Success,3
info: 73243,Success,3
info: 73244,Success,5
info: 73244,Success,5
info: 73245,Success,3
info: 73245,Success,4
info: 73245,Success,4
info: 73246,Success,3
info: 73246,Success,4
info: 73246,Success,4
info: 73247,Success,4
info: 73247,Success,4
info: 73247,Success,5
info: 73248,Success,4
info: 73248,Success,5
info: 73248,Fail,5
info: 73249,Success,5
info: 73249,Success,5
info: 73249,Success,5
info: 73250,Success,3
info: 73250,Success,4
info: 73250,Success,4
info: 73251,Success,4
info: 73251,Success,5
info: 73251,Success,5
info: 73252,Success,6
info: 73252,Success,6
info: 73252,Success,6
info: 73253,Success,4
info: 73253,Success,5
info: 73253,Fail,5
info: 73254,Success,4
info: 73254,Success,5
info: 73254,Success,5
info: 73255,Success,6
info: 73255,Success,6
info: 73255,Success,7
info: 73256,Success,6
info: 73256,Success,6
info: 73256,Success,7
info: 73256,Fail,7
info: 73257,Success,4
info: 73257,Success,5
info: 73257,Fail,5
info: 73257,Fail,6
info: 73258,Success,4
info: 73258,Success,4
info: 73258,Success,4
info: 73258,Fail,5
info: 73259,Success,5
info: 73259,Success,6
info: 73259,Success,6
info: 73259,Fail,7
info: 73260,Success,3
info: 73260,Success,4
info: 73260,Fail,4
info: 73261,Success,4
info: 73261,Success,4
info: 73261,Success,4
info: 73262,Success,3
info: 73262,Success,4
info: 73262,Success,4
info: 73263,Success,5
info: 73263,Success,6
info: 73263,Success,6
info: 73264,Success,4
info: 73264,Success,4
info: 73264,Success,4
info: 73265,Success,6
info: 73265,Success,6
info: 73265,Success,7
info: 73266,Success,4
info: 73266,Success,5
info: 73266,Success,5
info: 73267,Success,4
info: 73267,Success,5
info: 73267,Fail,6
info: 73268,Success,3
info: 73268,Success,4
info: 73268,Success,4
info: 73269,Success,4
info: 73269,Success,4
info: 73269,Success,4
info: 73270,Success,4
info: 73270,Success,4
info: 73271,Success,4
info: 73272,Success,4
info: 73273,Success,5
info: 73274,Success,3
info: 73275,Success,4
info: 73276,Success,3
info: 73277,Success,3
info: 73278,Success,3
info: 73279,Success,3
info: 73280,Success,3
info: 73281,Success,3
info: 73282,Success,3
info: 73283,Success,4
info: 73284,Success,3
info: 73285,Success,4
info: 73286,Success,3
info: 73287,Success,5
info: 73288,Success,3
info: 73288,Success,4
info: 73289,Success,4
info: 73289,Success,4
info: 73290,Success,4
info: 73290,Success,4
info: 73291,Success,5
info: 73291,Success,6
info: 73292,Success,4
info: 73292,Success,4
info: 73293,Success,4
info: 73293,Success,4
info: 73293,Success,5
info: 73293,Fail,5
info: 73294,Success,5
info: 73294,Success,5
info: 73294,Success,5
info: 73294,Fail,6
info: 73294,Fail,7
info: 73295,Success,5
info: 73295,Success,6
info: 73295,Success,6
info: 73295,Fail,7
info: 73295,Fail,7
info: 73296,Success,6
info: 73296,Success,6
info: 73296,Success,7
info: 73296,Fail,7
info: 73296,Fail,8
info: 73296,Fail,8
info: 73296,Fail,8
info: 73297,Success,5
info: 73297,Success,5
info: 73297,Fail,6
info: 73297,Fail,7
info: 73297,Fail,7
info: 73297,Success,7
info: 73297,Fail,8
info: 73298,Fail,4
info: 73298,Success,5
info: 73298,Success,5
info: 73298,Fail,5
info: 73298,Fail,6
info: 73298,Fail,6
info: 73299,Success,6
info: 73299,Success,6
info: 73299,Success,7
info: 73299,Fail,7
info: 73299,Fail,7
info: 73299,Fail,8
info: 73300,Success,5
info: 73300,Success,5
info: 73300,Fail,5
info: 73300,Fail,6
info: 73300,Fail,6
info: 73300,Fail,7
info: 73301,Success,6
info: 73301,Success,7
info: 73301,Fail,7
info: 73301,Success,8
info: 73301,Fail,8
info: 73301,Fail,12
info: 73302,Success,5
info: 73302,Success,5
info: 73302,Fail,6
info: 73302,Fail,6
info: 73302,Fail,7
info: 73302,Fail,7
info: 73303,Success,5
info: 73303,Success,5
info: 73303,Success,5
info: 73303,Fail,6
info: 73303,Fail,6
info: 73303,Fail,7
info: 73304,Success,4
info: 73304,Success,5
info: 73304,Success,5
info: 73304,Fail,6
info: 73304,Fail,6
info: 73304,Fail,7
info: 73305,Success,6
info: 73305,Success,6
info: 73305,Success,7
info: 73305,Fail,8
info: 73305,Fail,8
info: 73305,Fail,9
info: 73306,Success,6
info: 73306,Success,7
info: 73306,Success,8
info: 73306,Fail,8
info: 73306,Fail,8
info: 73306,Fail,9
info: 73307,Success,4
info: 73307,Success,5
info: 73307,Fail,6
info: 73307,Fail,6
info: 73307,Fail,7
info: 73307,Fail,7
info: 73308,Success,4
info: 73308,Success,4
info: 73308,Success,5
info: 73308,Fail,5
info: 73308,Fail,5
info: 73309,Success,5
info: 73309,Success,5
info: 73309,Success,5
info: 73309,Fail,6
info: 73309,Fail,7
info: 73310,Success,4
info: 73310,Success,5
info: 73310,Success,5
info: 73310,Fail,6
info: 73311,Success,4
info: 73311,Success,4
info: 73311,Success,4
info: 73311,Fail,5
info: 73312,Success,4
info: 73312,Success,4
info: 73312,Success,5
info: 73312,Fail,5
info: 73313,Success,4
info: 73313,Success,4
info: 73313,Success,4
info: 73314,Success,6
info: 73314,Success,6
info: 73314,Success,7
info: 73315,Success,3
info: 73315,Success,4
info: 73316,Success,3
info: 73316,Success,4
info: 73317,Success,4
info: 73317,Success,5
info: 73317,Success,5
info: 73318,Success,4
info: 73318,Success,5
info: 73318,Success,5
info: 73319,Success,4
info: 73319,Success,5
info: 73319,Success,5
info: 73320,Success,4
info: 73320,Success,5
info: 73320,Fail,5
info: 73321,Success,4
info: 73321,Success,5
info: 73321,Success,5
info: 73322,Success,4
info: 73322,Success,4
info: 73322,Success,7
info: 73323,Success,5
info: 73323,Success,5
info: 73323,Success,5
info: 73324,Success,4
info: 73324,Success,4
info: 73324,Success,5
info: 73325,Success,4
info: 73325,Success,4
info: 73325,Success,5
info: 73326,Success,4
info: 73326,Success,6
info: 73327,Success,4
info: 73327,Success,4
info: 73328,Success,3
info: 73328,Success,3
info: 73329,Success,4
info: 73329,Success,5
info: 73330,Success,3
info: 73330,Success,3
info: 73331,Success,4
info: 73331,Success,4
info: 73332,Success,4
info: 73332,Success,5
info: 73333,Success,4
info: 73333,Success,4
info: 73334,Success,4
info: 73335,Success,4
info: 73336,Success,3
info: 73337,Success,3
info: 73338,Success,2
info: 73339,Success,4
info: 73340,Success,3
info: 73341,Success,3
info: 73342,Success,4
info: 73343,Success,5
info: 73343,Success,5
info: 73344,Success,4
info: 73345,Success,3
info: 73346,Success,3
info: 73347,Success,3
info: 73348,Success,3
info: 73349,Success,3
info: 73350,Success,3
info: 73351,Success,3
info: 73352,Success,3
info: 73353,Success,4
info: 73354,Success,3
info: 73355,Success,4
info: 73356,Success,3
info: 73357,Success,4
info: 73358,Success,3
info: 73359,Success,3
info: 73360,Success,3
info: 73361,Success,3
info: 73362,Success,4
info: 73363,Success,3
info: 73364,Success,3
info: 73386,Success,4
info: 73387,Success,3
info: 73388,Success,3
info: 73389,Success,4
info: 73390,Success,3
info: 73391,Success,4
info: 73392,Success,3
info: 73393,Success,3
info: 73394,Success,3
info: 73395,Success,3
info: 73396,Success,4
info: 73397,Success,4
info: 73398,Success,4
info: 73399,Success,5
info: 73400,Success,4
info: 73401,Success,4
info: 73402,Success,3
info: 73403,Success,3
info: 73404,Success,3
info: 73405,Success,3
info: 73406,Success,3
info: 73407,Success,3
info: 73408,Success,3
info: 73409,Success,3
info: 73410,Success,4
info: 73411,Success,4
info: 73412,Success,3
info: 73413,Success,4
info: 73414,Success,3
info: 73415,Success,3
info: 73416,Success,4
info: 73417,Success,3
info: 73418,Success,6
info: 73419,Success,4
info: 73420,Success,3
info: 73421,Success,4
info: 73422,Success,3
info: 73423,Success,3
info: 73424,Success,3
info: 73425,Success,4
info: 73440,Success,3
info: 73441,Success,3
info: 73442,Success,4
info: 73442,Success,4
info: 73443,Success,3
info: 73443,Success,4
info: 73444,Success,4
info: 73444,Success,4
info: 73445,Success,5
info: 73445,Success,5
info: 73445,Success,6
info: 73446,Success,7
info: 73446,Success,8
info: 73446,Success,8
info: 73447,Success,6
info: 73447,Success,7
info: 73447,Fail,7
info: 73448,Success,3
info: 73448,Success,4
info: 73448,Success,4
info: 73449,Success,5
info: 73449,Success,5
info: 73449,Success,5
info: 73450,Success,3
info: 73450,Success,4
info: 73450,Fail,4
info: 73451,Success,4
info: 73451,Success,4
info: 73451,Success,5
info: 73452,Success,3
info: 73452,Success,4
info: 73452,Fail,5
info: 73453,Success,3
info: 73453,Success,5
info: 73453,Success,5
info: 73454,Success,4
info: 73454,Success,5
info: 73454,Success,5
info: 73455,Success,4
info: 73455,Success,5
info: 73455,Success,5
info: 73456,Success,4
info: 73456,Success,5
info: 73456,Success,5
info: 73457,Success,5
info: 73457,Success,5
info: 73457,Success,6
info: 73458,Success,3
info: 73458,Success,4
info: 73458,Fail,4
info: 73459,Success,3
info: 73459,Success,4
info: 73460,Success,3
info: 73461,Success,4
info: 73461,Success,4
info: 73462,Success,3
info: 73462,Success,3
info: 73463,Success,3
info: 73464,Success,3
info: 73465,Success,3
info: 73465,Success,3
info: 73466,Success,4
info: 73466,Success,4
info: 73467,Success,4
info: 73467,Success,4
info: 73468,Success,3
info: 73468,Success,4
info: 73469,Success,4
info: 73469,Success,4
info: 73470,Success,6
info: 73470,Success,6
info: 73471,Success,4
info: 73471,Success,4
info: 73472,Success,3
info: 73472,Success,4
info: 73473,Success,4
info: 73473,Success,4
info: 73474,Success,3
info: 73474,Success,3
info: 73475,Success,3
info: 73475,Success,4
info: 73476,Success,4
info: 73476,Success,5
info: 73477,Success,3
info: 73477,Success,4
info: 73478,Success,2
info: 73479,Success,4
info: 73480,Success,3
info: 73481,Success,4
info: 73482,Success,5
info: 73483,Success,4
info: 73484,Success,3
info: 73520,Success,4
info: 73521,Success,3
info: 73522,Success,3
info: 73523,Success,3
info: 73524,Success,3
info: 73525,Success,4
info: 73526,Success,4
info: 73527,Success,3
info: 73528,Success,3
info: 73529,Success,4
info: 73530,Success,4
info: 73531,Success,3
info: 73532,Success,2
info: 73533,Success,3
info: 73534,Success,3
info: 73535,Success,3
info: 73536,Success,3
info: 73537,Success,3
info: 73538,Success,3
info: 73539,Success,4
info: 73540,Success,4
info: 73541,Success,4
info: 73542,Success,3
info: 73543,Success,3
info: 73544,Success,2
info: 73545,Success,3
info: 73546,Success,3
info: 73547,Success,3
info: 73548,Success,3
info: 73549,Success,3
info: 73550,Success,3
info: 73551,Success,3
info: 73552,Success,3
info: 73553,Success,4
info: 73557,Success,3
info: 73558,Success,2
info: 73559,Success,3
info: 73560,Success,3
info: 73561,Success,4
info: 73562,Success,4
info: 73562,Success,4
info: 73563,Success,3
info: 73563,Success,3
info: 73564,Success,4
info: 73564,Success,4
info: 73565,Success,3
info: 73565,Success,3
info: 73566,Success,4
info: 73566,Success,4
info: 73566,Success,5
info: 73567,Success,6
info: 73567,Success,6
info: 73567,Success,7
info: 73568,Success,4
info: 73568,Success,4
info: 73568,Success,5
info: 73569,Success,4
info: 73569,Success,4
info: 73569,Success,4
info: 73570,Success,3
info: 73570,Success,4
info: 73570,Success,4
info: 73571,Success,4
info: 73571,Success,4
info: 73571,Success,5
info: 73572,Success,4
info: 73572,Success,4
info: 73572,Success,4
info: 73573,Success,6
info: 73573,Success,6
info: 73573,Success,6
info: 73573,Fail,7
info: 73574,Success,4
info: 73574,Success,4
info: 73574,Success,5
info: 73574,Fail,5
info: 73575,Success,5
info: 73575,Success,5
info: 73575,Success,5
info: 73575,Fail,6
info: 73576,Success,5
info: 73576,Success,5
info: 73576,Fail,6
info: 73576,Fail,6
info: 73577,Success,5
info: 73577,Success,5
info: 73577,Success,6
info: 73577,Fail,6
info: 73578,Success,5
info: 73578,Success,5
info: 73578,Success,6
info: 73578,Fail,6
info: 73579,Success,5
info: 73579,Success,5
info: 73579,Fail,6
info: 73579,Success,6
info: 73580,Success,4
info: 73580,Success,5
info: 73580,Fail,5
info: 73580,Fail,6
info: 73581,Success,6
info: 73581,Success,7
info: 73581,Success,7
info: 73581,Fail,7
info: 73582,Success,4
info: 73582,Success,5
info: 73582,Fail,5
info: 73582,Fail,6
info: 73583,Success,4
info: 73583,Success,5
info: 73583,Success,5
info: 73583,Fail,6
info: 73584,Success,5
info: 73584,Success,6
info: 73584,Success,6
info: 73584,Fail,8
info: 73585,Success,6
info: 73585,Success,6
info: 73585,Success,6
info: 73585,Fail,7
info: 73586,Success,4
info: 73586,Success,4
info: 73586,Success,4
info: 73586,Fail,6
info: 73587,Success,6
info: 73587,Success,6
info: 73587,Success,7
info: 73587,Fail,7
info: 73588,Success,3
info: 73588,Success,4
info: 73588,Fail,4
info: 73588,Fail,5
info: 73589,Success,4
info: 73589,Success,5
info: 73589,Success,5
info: 73589,Fail,5
info: 73590,Success,6
info: 73590,Success,6
info: 73590,Success,6
info: 73590,Fail,6
info: 73591,Success,4
info: 73591,Success,4
info: 73591,Fail,5
info: 73591,Fail,5
info: 73592,Success,3
info: 73592,Success,4
info: 73592,Success,4
info: 73593,Success,5
info: 73593,Success,6
info: 73593,Success,7
info: 73594,Success,4
info: 73594,Success,4
info: 73594,Success,4
info: 73594,Fail,4
info: 73595,Success,3
info: 73595,Success,4
info: 73595,Fail,4
info: 73595,Fail,5
info: 73596,Success,4
info: 73596,Success,4
info: 73596,Success,4
info: 73597,Success,6
info: 73597,Success,6
info: 73597,Success,7
info: 73598,Success,4
info: 73598,Success,4
info: 73599,Success,3
info: 73599,Success,4
info: 73600,Success,3
info: 73600,Success,4
info: 73601,Success,3
info: 73602,Success,2
info: 73603,Success,3
info: 73604,Success,3
info: 73605,Success,3
info: 73606,Success,3
info: 73607,Success,3
info: 73608,Success,3
info: 73609,Success,3
info: 73610,Success,3
info: 73611,Success,6
info: 73613,Success,3
info: 73614,Success,3
info: 73615,Success,4
info: 73616,Success,3
info: 73617,Success,3
info: 73618,Success,3
info: 73619,Success,3
info: 73620,Success,4
info: 73620,Success,4
info: 73621,Success,3
info: 73621,Success,4
info: 73621,Success,6
info: 73622,Success,5
info: 73622,Success,6
info: 73622,Success,6
info: 73623,Success,4
info: 73623,Success,4
info: 73623,Success,5
info: 73624,Success,4
info: 73624,Success,4
info: 73624,Success,5
info: 73625,Success,4
info: 73625,Success,4
info: 73625,Success,4
info: 73626,Success,4
info: 73626,Success,5
info: 73626,Success,6
info: 73627,Success,4
info: 73627,Success,4
info: 73627,Success,4
info: 73628,Success,4
info: 73628,Success,4
info: 73628,Success,4
info: 73628,Fail,4
info: 73629,Success,4
info: 73629,Success,4
info: 73629,Success,4
info: 73629,Fail,6
info: 73629,Fail,6
info: 73630,Success,4
info: 73630,Success,4
info: 73630,Success,5
info: 73630,Fail,5
info: 73630,Fail,5
info: 73631,Success,5
info: 73631,Success,6
info: 73631,Success,6
info: 73631,Fail,6
info: 73631,Fail,7
info: 73632,Success,6
info: 73632,Success,7
info: 73632,Success,7
info: 73632,Fail,8
info: 73632,Fail,8
info: 73633,Success,4
info: 73633,Success,4
info: 73633,Fail,5
info: 73633,Fail,6
info: 73633,Success,6
info: 73634,Success,4
info: 73634,Success,4
info: 73634,Fail,5
info: 73634,Fail,6
info: 73634,Fail,6
info: 73635,Success,5
info: 73635,Success,6
info: 73635,Success,6
info: 73635,Fail,6
info: 73635,Fail,6
info: 73636,Success,4
info: 73636,Success,4
info: 73636,Success,4
info: 73636,Fail,5
info: 73636,Fail,5
info: 73637,Success,4
info: 73637,Success,5
info: 73637,Success,5
info: 73637,Fail,5
info: 73638,Success,5
info: 73638,Success,5
info: 73638,Success,5
info: 73638,Fail,6
info: 73639,Success,4
info: 73639,Success,4
info: 73639,Fail,5
info: 73639,Fail,5
info: 73640,Success,4
info: 73640,Success,5
info: 73640,Success,4
info: 73640,Fail,5
info: 73641,Success,5
info: 73641,Success,6
info: 73641,Success,6
info: 73642,Success,4
info: 73642,Success,4
info: 73642,Fail,4
info: 73643,Success,4
info: 73643,Success,4
info: 73644,Success,3
info: 73644,Success,4
info: 73645,Success,3
info: 73645,Success,4
info: 73646,Success,4
info: 73646,Success,4
info: 73647,Success,3
info: 73647,Success,3
info: 73648,Success,3
info: 73649,Success,4
info: 73650,Success,4
info: 73651,Success,3
info: 73652,Success,3
info: 73653,Success,3
info: 73693,Success,3
info: 73694,Success,3
info: 73695,Success,3
info: 73696,Success,3
info: 73697,Success,3
info: 73698,Success,3
info: 73699,Success,3
info: 73700,Success,3
info: 73701,Success,4
info: 73702,Success,3
info: 73703,Success,3
info: 73704,Success,5
info: 73705,Success,3
info: 73705,Success,4
info: 73706,Success,4
info: 73706,Success,4
info: 73707,Success,5
info: 73707,Success,5
info: 73708,Success,3
info: 73708,Success,5
info: 73709,Success,4
info: 73709,Success,4
info: 73710,Success,3
info: 73710,Success,4
info: 73711,Success,3
info: 73711,Success,4
info: 73712,Success,4
info: 73712,Success,4
info: 73713,Success,5
info: 73714,Success,3
info: 73715,Success,3
info: 73716,Success,4
info: 73717,Success,4
info: 73718,Success,4
info: 73719,Success,3
info: 73720,Success,3
info: 73721,Success,3
info: 73722,Success,3
info: 73723,Success,3
info: 73724,Success,3
info: 73725,Success,3
info: 73726,Success,3
info: 73727,Success,3
info: 73728,Success,4
info: 73729,Success,4
info: 73730,Success,3
info: 73731,Success,3
info: 73731,Success,4
info: 73732,Success,3
info: 73732,Success,4
info: 73733,Success,4
info: 73733,Success,4
info: 73734,Success,4
info: 73734,Success,4
info: 73735,Success,4
info: 73735,Success,5
info: 73736,Success,4
info: 73736,Success,4
info: 73737,Success,5
info: 73737,Success,5
info: 73738,Success,3
info: 73738,Success,3
info: 73739,Success,4
info: 73739,Success,4
info: 73740,Success,3
info: 73740,Success,4
info: 73741,Success,5
info: 73741,Success,5
info: 73742,Success,4
info: 73742,Success,4
info: 73743,Success,3
info: 73743,Success,4
info: 73744,Success,3
info: 73744,Success,3
info: 73745,Success,4
info: 73745,Success,4
info: 73746,Success,3
info: 73746,Success,4
info: 73747,Success,4
info: 73748,Success,3
info: 73749,Success,3
info: 73781,Success,3
info: 73782,Success,3
info: 73783,Success,3
info: 73784,Success,2
info: 73785,Success,3
info: 73786,Success,3
info: 73787,Success,3
info: 73788,Success,3
info: 73789,Success,3
info: 73790,Success,3
info: 73791,Success,2
info: 73792,Success,3
info: 73793,Success,4
info: 73794,Success,4
info: 73795,Success,4
info: 73796,Success,5
info: 73796,Success,5
info: 73797,Success,3
info: 73797,Success,4
info: 73798,Success,5
info: 73798,Success,6
info: 73799,Success,4
info: 73799,Success,4
info: 73800,Success,3
info: 73800,Success,4
info: 73801,Success,3
info: 73801,Success,4
info: 73802,Success,3
info: 73802,Success,4
info: 73803,Success,3
info: 73803,Success,3
info: 73804,Success,4
info: 73804,Success,5
info: 73805,Success,3
info: 73805,Success,3
info: 73806,Success,3
info: 73806,Success,4
info: 73807,Success,7
info: 73807,Success,7
info: 73808,Success,3
info: 73808,Success,4
info: 73809,Success,3
info: 73809,Success,4
info: 73810,Success,3
info: 73810,Success,4
info: 73811,Success,3
info: 73811,Success,4
info: 73812,Success,4
info: 73812,Success,4
info: 73813,Success,4
info: 73813,Success,4
info: 73814,Success,3
info: 73814,Success,3
info: 73815,Success,3
info: 73815,Success,4
info: 73816,Success,6
info: 73816,Success,6
info: 73817,Success,3
info: 73817,Success,3
info: 73818,Success,3
info: 73818,Success,3
info: 73819,Success,3
info: 73819,Success,4
info: 73820,Success,3
info: 73820,Success,4
info: 73820,Success,4
info: 73821,Success,5
info: 73821,Success,6
info: 73821,Success,6
info: 73822,Success,4
info: 73822,Success,4
info: 73822,Fail,4
info: 73823,Success,4
info: 73823,Success,4
info: 73823,Success,4
info: 73823,Fail,5
info: 73824,Success,3
info: 73824,Success,4
info: 73824,Fail,4
info: 73824,Fail,4
info: 73825,Success,4
info: 73825,Success,5
info: 73825,Success,5
info: 73825,Fail,6
info: 73826,Success,4
info: 73826,Success,4
info: 73826,Success,4
info: 73827,Success,4
info: 73827,Success,4
info: 73827,Success,4
info: 73828,Success,3
info: 73828,Success,4
info: 73828,Success,4
info: 73829,Success,4
info: 73829,Success,5
info: 73829,Success,5
info: 73829,Fail,6
info: 73830,Success,6
info: 73830,Success,6
info: 73830,Success,7
info: 73830,Fail,7
info: 73831,Success,3
info: 73831,Success,4
info: 73831,Fail,4
info: 73831,Fail,5
info: 73832,Success,3
info: 73832,Success,3
info: 73832,Success,3
info: 73832,Fail,4
info: 73833,Success,4
info: 73833,Success,4
info: 73833,Success,5
info: 73833,Fail,5
info: 73834,Success,3
info: 73834,Success,3
info: 73834,Success,4
info: 73834,Fail,4
info: 73835,Success,7
info: 73835,Success,8
info: 73835,Success,8
info: 73835,Fail,8
info: 73836,Success,3
info: 73836,Success,3
info: 73836,Fail,4
info: 73836,Fail,4
info: 73837,Success,3
info: 73837,Success,4
info: 73837,Success,4
info: 73837,Fail,5
info: 73838,Success,5
info: 73838,Success,5
info: 73838,Success,5
info: 73838,Fail,6
info: 73839,Success,4
info: 73839,Success,4
info: 73839,Success,5
info: 73839,Fail,5
info: 73840,Success,4
info: 73840,Success,4
info: 73840,Success,4
info: 73840,Fail,5
info: 73841,Success,5
info: 73841,Success,5
info: 73841,Success,5
info: 73841,Fail,6
info: 73842,Success,4
info: 73842,Success,4
info: 73842,Fail,5
info: 73842,Fail,7
info: 73843,Success,4
info: 73843,Success,5
info: 73843,Success,5
info: 73843,Fail,5
info: 73844,Success,5
info: 73844,Success,5
info: 73844,Success,6
info: 73844,Fail,7
info: 73845,Success,4
info: 73845,Success,4
info: 73845,Fail,5
info: 73845,Fail,5
info: 73846,Success,3
info: 73846,Success,4
info: 73846,Success,4
info: 73847,Success,3
info: 73847,Success,4
info: 73847,Success,4
info: 73848,Success,4
info: 73848,Success,4
info: 73848,Success,4
info: 73849,Success,3
info: 73849,Fail,4
info: 73849,Success,4
info: 73850,Success,4
info: 73850,Success,4
info: 73850,Success,6
info: 73851,Success,4
info: 73851,Success,5
info: 73851,Success,5
info: 73852,Success,3
info: 73852,Success,4
info: 73852,Success,4
info: 73853,Success,3
info: 73853,Success,3
info: 73854,Success,3
info: 73854,Success,3
info: 73855,Success,3
info: 73856,Success,3
info: 73860,Success,2
info: 73861,Success,4
info: 73861,Success,4
info: 73862,Success,3
info: 73862,Success,4
info: 73863,Success,4
info: 73863,Success,5
info: 73863,Success,5
info: 73864,Success,4
info: 73864,Success,5
info: 73864,Success,5
info: 73865,Success,4
info: 73865,Success,5
info: 73865,Success,5
info: 73865,Fail,7
info: 73866,Success,4
info: 73866,Success,4
info: 73866,Success,4
info: 73866,Fail,5
info: 73867,Success,3
info: 73867,Success,4
info: 73867,Fail,4
info: 73867,Fail,4
info: 73868,Success,3
info: 73868,Success,4
info: 73868,Success,5
info: 73868,Fail,6
info: 73869,Success,4
info: 73869,Success,4
info: 73869,Fail,5
info: 73869,Fail,5
info: 73870,Success,4
info: 73870,Success,4
info: 73870,Success,4
info: 73870,Fail,5
info: 73871,Success,4
info: 73871,Success,4
info: 73871,Success,6
info: 73871,Fail,6
info: 73871,Fail,6
info: 73872,Success,4
info: 73872,Success,5
info: 73872,Success,5
info: 73872,Fail,6
info: 73872,Fail,6
info: 73872,Fail,6
info: 73873,Success,4
info: 73873,Success,5
info: 73873,Success,7
info: 73873,Fail,7
info: 73873,Fail,8
info: 73873,Fail,8
info: 73873,Fail,8
info: 73874,Success,5
info: 73874,Fail,6
info: 73874,Success,6
info: 73874,Success,6
info: 73874,Fail,6
info: 73874,Fail,7
info: 73874,Fail,7
info: 73875,Success,6
info: 73875,Success,7
info: 73875,Success,7
info: 73875,Fail,8
info: 73875,Fail,8
info: 73875,Fail,9
info: 73875,Fail,9
info: 73876,Success,5
info: 73876,Success,7
info: 73876,Success,7
info: 73876,Fail,8
info: 73876,Fail,8
info: 73876,Fail,9
info: 73876,Fail,9
info: 73877,Success,6
info: 73877,Success,7
info: 73877,Success,7
info: 73877,Fail,7
info: 73877,Fail,8
info: 73877,Fail,8
info: 73877,Fail,8
info: 73878,Fail,5
info: 73878,Success,6
info: 73878,Success,6
info: 73878,Fail,6
info: 73878,Fail,7
info: 73878,Fail,7
info: 73878,Success,7
info: 73879,Success,4
info: 73879,Success,5
info: 73879,Fail,5
info: 73879,Fail,6
info: 73879,Fail,6
info: 73879,Fail,7
info: 73879,Fail,7
info: 73880,Success,5
info: 73880,Success,5
info: 73880,Success,5
info: 73880,Fail,6
info: 73880,Fail,7
info: 73880,Fail,8
info: 73880,Fail,8
info: 73881,Success,4
info: 73881,Success,5
info: 73881,Fail,5
info: 73881,Fail,6
info: 73881,Fail,6
info: 73881,Fail,7
info: 73881,Success,7
info: 73882,Success,6
info: 73882,Success,6
info: 73882,Success,6
info: 73882,Fail,7
info: 73882,Fail,8
info: 73882,Fail,8
info: 73882,Fail,9
info: 73883,Success,7
info: 73883,Success,7
info: 73883,Fail,7
info: 73883,Success,8
info: 73883,Fail,8
info: 73883,Fail,9
info: 73883,Fail,9
info: 73884,Success,8
info: 73884,Success,9
info: 73884,Success,9
info: 73884,Fail,10
info: 73884,Fail,10
info: 73884,Fail,10
info: 73884,Fail,12
info: 73885,Success,7
info: 73885,Success,8
info: 73885,Fail,8
info: 73885,Fail,10
info: 73885,Fail,11
info: 73885,Fail,13
info: 73885,Fail,13
info: 73886,Success,4
info: 73886,Success,4
info: 73886,Success,4
info: 73886,Fail,5
info: 73886,Fail,5
info: 73886,Fail,6
info: 73886,Fail,6
info: 73887,Success,5
info: 73887,Success,6
info: 73887,Success,7
info: 73887,Fail,8
info: 73887,Fail,8
info: 73887,Fail,9
info: 73888,Success,5
info: 73888,Success,5
info: 73888,Success,6
info: 73888,Fail,6
info: 73888,Fail,6
info: 73888,Fail,7
info: 73889,Success,4
info: 73889,Success,4
info: 73889,Success,5
info: 73889,Fail,5
info: 73889,Fail,6
info: 73890,Success,4
info: 73890,Success,4
info: 73890,Fail,5
info: 73890,Success,5
info: 73890,Fail,5
info: 73891,Success,3
info: 73891,Success,4
info: 73891,Fail,4
info: 73891,Fail,4
info: 73892,Success,4
info: 73892,Success,6
info: 73892,Success,6
info: 73892,Fail,6
info: 73892,Fail,7
info: 73893,Success,4
info: 73893,Success,4
info: 73893,Success,5
info: 73893,Fail,5
info: 73894,Success,4
info: 73894,Success,4
info: 73894,Success,5
info: 73894,Fail,5
info: 73895,Success,6
info: 73895,Success,6
info: 73895,Success,6
info: 73895,Fail,7
info: 73895,Fail,7
info: 73896,Success,4
info: 73896,Success,5
info: 73896,Success,5
info: 73896,Fail,6
info: 73896,Fail,6
info: 73897,Success,4
info: 73897,Success,5
info: 73897,Success,5
info: 73897,Fail,6
info: 73897,Fail,6
info: 73897,Fail,8
info: 73898,Success,5
info: 73898,Success,6
info: 73898,Success,6
info: 73898,Fail,6
info: 73898,Fail,7
info: 73898,Fail,8
info: 73899,Success,4
info: 73899,Success,4
info: 73899,Success,5
info: 73899,Fail,5
info: 73899,Fail,7
info: 73900,Success,5
info: 73900,Success,5
info: 73900,Success,6
info: 73900,Fail,6
info: 73900,Fail,7
info: 73901,Success,4
info: 73901,Success,5
info: 73901,Success,5
info: 73901,Fail,6
info: 73901,Fail,6
info: 73902,Success,4
info: 73902,Success,4
info: 73902,Fail,5
info: 73902,Fail,5
info: 73902,Fail,6
info: 73903,Success,6
info: 73903,Success,6
info: 73903,Success,6
info: 73903,Fail,7
info: 73904,Success,3
info: 73904,Success,4
info: 73904,Fail,4
info: 73904,Fail,5
info: 73905,Success,4
info: 73905,Success,4
info: 73905,Success,5
info: 73906,Success,5
info: 73906,Success,5
info: 73906,Success,5
info: 73907,Success,3
info: 73907,Success,4
info: 73907,Fail,4
info: 73908,Success,4
info: 73908,Success,5
info: 73908,Success,5
info: 73909,Success,3
info: 73909,Success,4
info: 73909,Success,4
info: 73910,Success,5
info: 73910,Success,6
info: 73910,Success,6
info: 73911,Success,4
info: 73911,Success,4
info: 73911,Fail,5
info: 73912,Success,4
info: 73912,Success,4
info: 73912,Success,4
info: 73913,Success,4
info: 73913,Fail,4
info: 73913,Success,5
info: 73914,Success,5
info: 73914,Success,5
info: 73915,Success,4
info: 73915,Success,4
info: 73916,Success,3
info: 73916,Success,4
info: 73917,Success,3
info: 73918,Success,3
info: 73919,Success,3
info: 73920,Success,2
info: 73921,Success,2
info: 73922,Success,3
info: 73923,Success,3
info: 73924,Success,3
info: 73925,Success,3
info: 73926,Success,3
info: 73927,Success,3
info: 73928,Success,2
info: 73948,Success,4
info: 73949,Success,4
info: 73972,Success,4
info: 73973,Success,3
info: 73974,Success,3
info: 73975,Success,3
info: 73976,Success,3
info: 73977,Success,3
info: 73978,Success,3
info: 73979,Success,3
info: 73980,Success,3
info: 73981,Success,3
info: 73982,Success,3
info: 73983,Success,3
info: 73984,Success,4
info: 73985,Success,3
info: 73986,Success,3
info: 73987,Success,3
info: 73988,Success,3
info: 73989,Success,3
info: 73990,Success,3
info: 73991,Success,3
info: 73992,Success,3
info: 74012,Success,3
info: 74013,Success,4
info: 74013,Success,4
info: 74014,Success,3
info: 74014,Success,4
info: 74015,Success,5
info: 74015,Success,5
info: 74016,Success,3
info: 74016,Success,4
info: 74017,Success,3
info: 74017,Success,4
info: 74018,Success,3
info: 74018,Success,4
info: 74019,Success,4
info: 74019,Success,4
info: 74020,Success,4
info: 74020,Success,4
info: 74021,Success,4
info: 74021,Success,4
info: 74022,Success,5
info: 74022,Success,5
info: 74023,Success,4
info: 74023,Success,4
info: 74024,Success,3
info: 74024,Success,4
info: 74025,Success,3
info: 74025,Success,3
info: 74026,Success,3
info: 74026,Success,4
info: 74027,Success,4
info: 74027,Success,4
info: 74028,Success,3
info: 74028,Success,3
info: 74029,Success,4
info: 74029,Success,4
info: 74030,Success,3
info: 74030,Success,4
info: 74031,Success,4
info: 74031,Success,4
info: 74032,Success,3
info: 74033,Success,3
info: 74034,Success,3
info: 74035,Success,3
info: 74044,Success,3
info: 74045,Success,3
info: 74046,Success,3
info: 74046,Success,4
info: 74047,Success,3
info: 74047,Success,4
info: 74048,Success,4
info: 74048,Success,4
info: 74049,Success,5
info: 74049,Success,6
info: 74050,Success,5
info: 74050,Success,6
info: 74051,Success,3
info: 74051,Success,4
info: 74052,Success,3
info: 74052,Success,3
info: 74053,Success,4
info: 74053,Success,4
info: 74054,Success,4
info: 74054,Success,4
info: 74055,Success,3
info: 74055,Success,4
info: 74056,Success,3
info: 74056,Success,4
info: 74057,Success,4
info: 74057,Success,4
info: 74058,Success,3
info: 74058,Success,4
info: 74059,Success,5
info: 74059,Success,5
info: 74060,Success,4
info: 74060,Success,5
info: 74061,Success,5
info: 74061,Success,5
info: 74062,Success,4
info: 74062,Success,4
info: 74063,Success,4
info: 74063,Success,4
info: 74064,Success,3
info: 74068,Success,3
info: 74069,Success,4
info: 74070,Success,3
info: 74071,Success,3
info: 74072,Success,3
info: 74073,Success,3
info: 74074,Success,3
info: 74075,Success,3
info: 74076,Success,3
info: 74077,Success,3
info: 74078,Success,3
info: 74079,Success,6
info: 74080,Success,4
info: 74081,Success,3
info: 74082,Success,2
info: 74083,Success,3
info: 74084,Success,3
info: 74085,Success,3
info: 74086,Success,3
info: 74091,Success,4
info: 74092,Success,4
info: 74092,Success,4
info: 74093,Success,3
info: 74093,Success,3
info: 74093,Success,4
info: 74094,Success,4
info: 74094,Success,4
info: 74094,Success,4
info: 74095,Success,4
info: 74095,Success,4
info: 74095,Success,4
info: 74096,Success,3
info: 74096,Success,3
info: 74096,Success,4
info: 74097,Success,3
info: 74097,Success,3
info: 74097,Success,4
info: 74098,Success,3
info: 74098,Success,4
info: 74098,Success,4
info: 74099,Success,4
info: 74099,Success,4
info: 74099,Success,4
info: 74100,Success,4
info: 74100,Success,5
info: 74100,Success,5
info: 74101,Success,4
info: 74101,Success,4
info: 74101,Fail,4
info: 74102,Success,6
info: 74102,Success,6
info: 74102,Success,6
info: 74103,Success,4
info: 74103,Success,4
info: 74103,Fail,5
info: 74104,Success,6
info: 74104,Success,6
info: 74104,Success,6
info: 74104,Fail,6
info: 74105,Success,4
info: 74105,Success,4
info: 74105,Success,4
info: 74105,Fail,4
info: 74105,Fail,5
info: 74106,Success,4
info: 74106,Success,5
info: 74106,Success,5
info: 74106,Fail,5
info: 74106,Fail,6
info: 74107,Success,6
info: 74107,Success,6
info: 74107,Success,7
info: 74107,Fail,7
info: 74107,Fail,8
info: 74108,Success,4
info: 74108,Success,6
info: 74108,Fail,6
info: 74108,Fail,7
info: 74108,Fail,7
info: 74109,Success,4
info: 74109,Success,5
info: 74109,Success,5
info: 74109,Fail,5
info: 74110,Success,5
info: 74110,Success,5
info: 74110,Success,5
info: 74110,Fail,6
info: 74111,Success,3
info: 74111,Success,4
info: 74111,Success,4
info: 74111,Fail,5
info: 74112,Success,4
info: 74112,Success,4
info: 74112,Success,4
info: 74112,Fail,6
info: 74113,Success,3
info: 74113,Success,4
info: 74113,Success,4
info: 74113,Fail,4
info: 74114,Success,4
info: 74114,Success,4
info: 74114,Success,4
info: 74114,Fail,5
info: 74115,Success,4
info: 74115,Success,4
info: 74115,Success,4
info: 74115,Fail,5
info: 74116,Success,4
info: 74116,Success,4
info: 74116,Fail,5
info: 74116,Success,5
info: 74117,Success,4
info: 74117,Success,4
info: 74117,Fail,5
info: 74117,Fail,6
info: 74118,Success,4
info: 74118,Success,4
info: 74118,Success,4
info: 74119,Success,3
info: 74119,Success,4
info: 74120,Success,3
info: 74120,Success,3
info: 74121,Success,3
info: 74121,Success,4
info: 74122,Success,4
info: 74122,Success,4
info: 74123,Success,3
info: 74123,Success,3
info: 74124,Success,3
info: 74124,Success,4
info: 74125,Success,5
info: 74125,Success,5
info: 74125,Success,5
info: 74126,Success,3
info: 74126,Success,3
info: 74126,Success,4
info: 74127,Success,3
info: 74127,Success,4
info: 74127,Success,4
info: 74128,Success,3
info: 74128,Success,4
info: 74128,Success,4
info: 74129,Success,3
info: 74129,Success,4
info: 74129,Success,4
info: 74130,Success,5
info: 74130,Success,5
info: 74130,Success,5
info: 74131,Success,4
info: 74131,Success,4
info: 74131,Fail,4
info: 74132,Success,4
info: 74132,Success,4
info: 74132,Success,5
info: 74133,Success,3
info: 74133,Success,4
info: 74133,Success,4
info: 74134,Success,3
info: 74134,Success,4
info: 74135,Success,4
info: 74135,Success,4
info: 74136,Success,3
info: 74137,Success,3
info: 74138,Success,3
info: 74139,Success,3
info: 74140,Success,3
info: 74141,Success,4
info: 74142,Success,3
info: 74143,Success,3
info: 74144,Success,3
info: 74145,Success,3
info: 74146,Success,5
info: 74147,Success,3
info: 74148,Success,3
info: 74149,Success,3
info: 74150,Success,3
info: 74151,Success,3
info: 74152,Success,2
info: 74153,Success,4
info: 74154,Success,3
info: 74155,Success,3
info: 74156,Success,2
info: 74157,Success,3
info: 74158,Success,3
info: 74164,Success,4
info: 74165,Success,3
info: 74166,Success,5
info: 74166,Success,9
info: 74167,Success,4
info: 74167,Success,5
info: 74168,Success,5
info: 74168,Success,5
info: 74169,Success,4
info: 74169,Success,4
info: 74170,Success,6
info: 74170,Success,6
info: 74171,Success,3
info: 74171,Success,3
info: 74172,Success,5
info: 74172,Success,5
info: 74173,Success,3
info: 74173,Success,3
info: 74174,Success,3
info: 74174,Success,3
info: 74175,Success,3
info: 74175,Success,4
info: 74176,Success,4
info: 74176,Success,5
info: 74177,Success,4
info: 74177,Success,4
info: 74178,Success,4
info: 74178,Success,4
info: 74179,Success,3
info: 74179,Success,4
info: 74180,Success,4
info: 74180,Success,4
info: 74181,Success,3
info: 74181,Success,3
info: 74182,Success,3
info: 74182,Success,4
info: 74183,Success,4
info: 74183,Success,4
info: 74184,Success,4
info: 74184,Success,5
info: 74185,Success,2
info: 74190,Success,3
info: 74191,Success,3
info: 74192,Success,2
info: 74193,Success,3
info: 74194,Success,2
info: 74195,Success,2
info: 74196,Success,4
info: 74197,Success,4
info: 74198,Success,3
info: 74199,Success,3
info: 74200,Success,3
info: 74201,Success,3
info: 74202,Success,4
info: 74203,Success,3
info: 74203,Success,4
info: 74204,Success,4
info: 74204,Success,5
info: 74205,Success,3
info: 74205,Success,3
info: 74206,Success,3
info: 74206,Success,3
info: 74207,Success,3
info: 74207,Success,3
info: 74208,Success,3
info: 74208,Success,3
info: 74209,Success,4
info: 74209,Success,4
info: 74210,Success,3
info: 74211,Success,4
info: 74211,Success,5
info: 74212,Success,3
info: 74212,Success,4
info: 74213,Success,4
info: 74213,Success,4
info: 74214,Success,3
info: 74214,Success,3
info: 74215,Success,3
info: 74215,Success,4
info: 74216,Success,4
info: 74216,Success,4
info: 74217,Success,4
info: 74217,Success,5
info: 74218,Success,4
info: 74218,Success,4
info: 74219,Success,4
info: 74219,Success,4
info: 74220,Success,3
info: 74220,Success,3
info: 74221,Success,3
info: 74221,Success,4
info: 74222,Success,4
info: 74222,Success,4
info: 74223,Success,5
info: 74223,Success,5
info: 74224,Success,3
info: 74224,Success,3
info: 74225,Success,4
info: 74225,Success,4
info: 74226,Success,4
info: 74226,Success,4
info: 74227,Success,4
info: 74227,Success,5
info: 74228,Success,3
info: 74228,Success,4
info: 74229,Success,4
info: 74229,Success,5
info: 74230,Success,4
info: 74230,Success,4
info: 74231,Success,3
info: 74231,Success,4
info: 74232,Success,3
info: 74233,Success,3
info: 74234,Success,3
info: 74235,Success,3
info: 74236,Success,2
info: 74245,Success,3
info: 74246,Success,3
info: 74247,Success,3
info: 74248,Success,3
info: 74249,Success,3
info: 74250,Success,3
info: 74251,Success,3
info: 74252,Success,2
info: 74253,Success,3
info: 74254,Success,3
info: 74255,Success,3
info: 74256,Success,3
info: 74257,Success,3
info: 74258,Success,3
info: 74259,Success,3
info: 74260,Success,3
info: 74261,Success,3
info: 74262,Success,2
info: 74263,Success,3
info: 74264,Success,4
info: 74265,Success,3
info: 74266,Success,2
info: 74267,Success,3
info: 74268,Success,3
info: 74269,Success,3
info: 74269,Success,4
info: 74270,Success,3
info: 74270,Success,4
info: 74271,Success,5
info: 74271,Success,6
info: 74272,Success,3
info: 74272,Success,3
info: 74273,Success,3
info: 74273,Success,3
info: 74274,Success,3
info: 74274,Success,3
info: 74275,Success,3
info: 74275,Success,4
info: 74276,Success,3
info: 74277,Success,3
info: 74278,Success,3
info: 74279,Success,3
info: 74280,Success,3
info: 74281,Success,4
info: 74282,Success,4
info: 74283,Success,3
info: 74284,Success,3
info: 74285,Success,3
info: 74286,Success,2
info: 74287,Success,3
info: 74288,Success,2
info: 74303,Success,3
info: 74304,Success,3
info: 74305,Success,3
info: 74306,Success,3
info: 74307,Success,3
info: 74308,Success,3
info: 74309,Success,3
info: 74310,Success,3
info: 74311,Success,2
info: 74312,Success,4
info: 74313,Success,3
info: 74314,Success,2
info: 74315,Success,3
info: 74316,Success,2
info: 74317,Success,2
info: 74318,Success,3
info: 74319,Success,3
info: 74320,Success,3
info: 74320,Success,4
info: 74321,Success,3
info: 74321,Success,4
info: 74322,Success,3
info: 74322,Success,4
info: 74323,Success,3
info: 74323,Success,3
info: 74324,Success,3
info: 74324,Success,3
info: 74325,Success,3
info: 74325,Success,3
info: 74326,Success,3
info: 74326,Success,5
info: 74327,Success,2
info: 74328,Success,3
info: 74329,Success,3
info: 74330,Success,3
info: 74331,Success,3
info: 74332,Success,3
info: 74333,Success,5
info: 74334,Success,3
info: 74335,Success,3
info: 74336,Success,3
info: 74337,Success,2
info: 74338,Success,2
info: 74339,Success,3
info: 74340,Success,4
info: 74341,Success,4
info: 74342,Success,3
info: 74343,Success,3
info: 74344,Success,3
info: 74345,Success,3
info: 74346,Success,3
